#
# A fatal error has been detected by the Java Runtime Environment:
#
#  SIGSEGV (0xb) at pc=0x00000001067eeee0, pid=4200, tid=259
#
# JRE version: Java(TM) SE Runtime Environment (17.0.2+8) (build 17.0.2+8-LTS-86)
# Java VM: Java HotSpot(TM) 64-Bit Server VM (17.0.2+8-LTS-86, mixed mode, sharing, tiered, compressed oops, compressed class ptrs, g1 gc, bsd-aarch64)
# Problematic frame:
# V  [libjvm.dylib+0x83eee0]  _ZN13SharedRuntime27generate_class_cast_messageEP5KlassS1_P6Symbol+0x70
#
# No core dump will be written. Core dumps have been disabled. To enable core dumping, try "ulimit -c unlimited" before starting Java again
#
# If you would like to submit a bug report, please visit:
#   https://bugreport.java.com/bugreport/crash.jsp
#

---------------  S U M M A R Y ------------

Command Line: -Dfile.encoding=UTF-8 -Djava.awt.headless=true -Dclojure.compile.path=/Users/tiodargy/Desktop/keycaps/3D/pucks/target/classes -Dpucks.version=0.1.0-SNAPSHOT -Dclojure.debug=false clojure.main -i /private/var/folders/b7/8gchdr29163fj3sl6cjqn0_m0000gn/T/form-init6071820136124560228.clj

Host: "MacBookPro18,3" arm64 1 MHz, 8 cores, 16G, Darwin 21.4.0, macOS 12.3.1 (21E258)
Time: Thu Sep 22 02:05:00 2022 PDT elapsed time: 4.363796 seconds (0d 0h 0m 4s)

---------------  T H R E A D  ---------------

Current thread (0x000000015800a600):  JavaThread "main" [_thread_in_vm, id=259, stack(0x000000016a7ec000,0x000000016afe8000)]

Stack: [0x000000016a7ec000,0x000000016afe8000],  sp=0x000000016afe1ec0,  free space=8151k
Native frames: (J=compiled Java code, j=interpreted, Vv=VM code, C=native code)
V  [libjvm.dylib+0x83eee0]  _ZN13SharedRuntime27generate_class_cast_messageEP5KlassS1_P6Symbol+0x70
V  [libjvm.dylib+0x83ee44]  _ZN13SharedRuntime27generate_class_cast_messageEP10JavaThreadP5Klass+0x1d4
V  [libjvm.dylib+0x458860]  _ZN18InterpreterRuntime24throw_ClassCastExceptionEP10JavaThreadP7oopDesc+0x98
j  org.lwjgl.system.Callback.get(J)Lorg/lwjgl/system/CallbackI;+15
j  org.lwjgl.glfw.GLFWErrorCallback.create(J)Lorg/lwjgl/glfw/GLFWErrorCallback;+1
j  org.lwjgl.glfw.GLFWErrorCallback.createSafe(J)Lorg/lwjgl/glfw/GLFWErrorCallback;+11
j  org.lwjgl.glfw.GLFW.glfwSetErrorCallback(Lorg/lwjgl/glfw/GLFWErrorCallbackI;)Lorg/lwjgl/glfw/GLFWErrorCallback;+7
j  pucks.glrender$init_window.invokeStatic(Ljava/lang/Object;Ljava/lang/Object;Ljava/lang/Object;)Ljava/lang/Object;+150
j  pucks.glrender$init_window.invoke(Ljava/lang/Object;Ljava/lang/Object;Ljava/lang/Object;)Ljava/lang/Object;+9
j  pucks.glrender$main.invokeStatic()Ljava/lang/Object;+34
j  pucks.glrender$main.invoke()Ljava/lang/Object;+0
j  clojure.lang.Var.invoke()Ljava/lang/Object;+4
j  user$eval140.invokeStatic()Ljava/lang/Object;+120
j  user$eval140.invoke()Ljava/lang/Object;+0
j  clojure.lang.Compiler.eval(Ljava/lang/Object;Z)Ljava/lang/Object;+374
j  clojure.lang.Compiler.eval(Ljava/lang/Object;Z)Ljava/lang/Object;+258
j  clojure.lang.Compiler.load(Ljava/io/Reader;Ljava/lang/String;Ljava/lang/String;)Ljava/lang/Object;+354
j  clojure.lang.Compiler.loadFile(Ljava/lang/String;)Ljava/lang/Object;+42
j  clojure.main$load_script.invokeStatic(Ljava/lang/Object;)Ljava/lang/Object;+67
j  clojure.main$init_opt.invokeStatic(Ljava/lang/Object;)Ljava/lang/Object;+3
j  clojure.main$init_opt.invoke(Ljava/lang/Object;)Ljava/lang/Object;+3
j  clojure.main$initialize.invokeStatic(Ljava/lang/Object;Ljava/lang/Object;)Ljava/lang/Object;+110
j  clojure.main$null_opt.invokeStatic(Ljava/lang/Object;Ljava/lang/Object;)Ljava/lang/Object;+305
j  clojure.main$null_opt.invoke(Ljava/lang/Object;Ljava/lang/Object;)Ljava/lang/Object;+6
j  clojure.main$main.invokeStatic(Lclojure/lang/ISeq;)Ljava/lang/Object;+376
j  clojure.main$main.doInvoke(Ljava/lang/Object;)Ljava/lang/Object;+6
j  clojure.lang.RestFn.applyTo(Lclojure/lang/ISeq;)Ljava/lang/Object;+136
j  clojure.lang.Var.applyTo(Lclojure/lang/ISeq;)Ljava/lang/Object;+5
j  clojure.main.main([Ljava/lang/String;)V+20
v  ~StubRoutines::call_stub
V  [libjvm.dylib+0x4614e8]  _ZN9JavaCalls11call_helperEP9JavaValueRK12methodHandleP17JavaCallArgumentsP10JavaThread+0x38c
V  [libjvm.dylib+0x4c30dc]  _ZL17jni_invoke_staticP7JNIEnv_P9JavaValueP8_jobject11JNICallTypeP10_jmethodIDP18JNI_ArgumentPusherP10JavaThread+0x12c
V  [libjvm.dylib+0x4c6530]  jni_CallStaticVoidMethod+0x118
C  [libjli.dylib+0x5378]  JavaMain+0x9d4
C  [libjli.dylib+0x7958]  __JVMInit_block_invoke+0x50
C  [Foundation+0x4480c]  __NSBLOCKOPERATION_IS_CALLING_OUT_TO_A_BLOCK__+0x18
C  [Foundation+0x446b4]  -[NSBlockOperation main]+0x68
C  [Foundation+0x44644]  __NSOPERATION_IS_INVOKING_MAIN__+0x18
C  [Foundation+0x438dc]  -[NSOperation start]+0x314
C  [Foundation+0x852c4]  __NSThreadPerformPerform+0xd4
C  [CoreFoundation+0x849a0]  __CFRUNLOOP_IS_CALLING_OUT_TO_A_SOURCE0_PERFORM_FUNCTION__+0x1c
C  [CoreFoundation+0x848ec]  __CFRunLoopDoSource0+0xd0
C  [CoreFoundation+0x845ec]  __CFRunLoopDoSources0+0x10c
C  [CoreFoundation+0x82f6c]  __CFRunLoopRun+0x33c
C  [CoreFoundation+0x82490]  CFRunLoopRunSpecific+0x258
C  [libjli.dylib+0x6fec]  CreateExecutionEnvironment+0x190
C  [libjli.dylib+0x31fc]  JLI_Launch+0x4a0
C  [java+0x3bb0]  main+0x190
C  0x000000010500d088

Java frames: (J=compiled Java code, j=interpreted, Vv=VM code)
j  org.lwjgl.system.Callback.get(J)Lorg/lwjgl/system/CallbackI;+15
j  org.lwjgl.glfw.GLFWErrorCallback.create(J)Lorg/lwjgl/glfw/GLFWErrorCallback;+1
j  org.lwjgl.glfw.GLFWErrorCallback.createSafe(J)Lorg/lwjgl/glfw/GLFWErrorCallback;+11
j  org.lwjgl.glfw.GLFW.glfwSetErrorCallback(Lorg/lwjgl/glfw/GLFWErrorCallbackI;)Lorg/lwjgl/glfw/GLFWErrorCallback;+7
j  pucks.glrender$init_window.invokeStatic(Ljava/lang/Object;Ljava/lang/Object;Ljava/lang/Object;)Ljava/lang/Object;+150
j  pucks.glrender$init_window.invoke(Ljava/lang/Object;Ljava/lang/Object;Ljava/lang/Object;)Ljava/lang/Object;+9
j  pucks.glrender$main.invokeStatic()Ljava/lang/Object;+34
j  pucks.glrender$main.invoke()Ljava/lang/Object;+0
j  clojure.lang.Var.invoke()Ljava/lang/Object;+4
j  user$eval140.invokeStatic()Ljava/lang/Object;+120
j  user$eval140.invoke()Ljava/lang/Object;+0
j  clojure.lang.Compiler.eval(Ljava/lang/Object;Z)Ljava/lang/Object;+374
j  clojure.lang.Compiler.eval(Ljava/lang/Object;Z)Ljava/lang/Object;+258
j  clojure.lang.Compiler.load(Ljava/io/Reader;Ljava/lang/String;Ljava/lang/String;)Ljava/lang/Object;+354
j  clojure.lang.Compiler.loadFile(Ljava/lang/String;)Ljava/lang/Object;+42
j  clojure.main$load_script.invokeStatic(Ljava/lang/Object;)Ljava/lang/Object;+67
j  clojure.main$init_opt.invokeStatic(Ljava/lang/Object;)Ljava/lang/Object;+3
j  clojure.main$init_opt.invoke(Ljava/lang/Object;)Ljava/lang/Object;+3
j  clojure.main$initialize.invokeStatic(Ljava/lang/Object;Ljava/lang/Object;)Ljava/lang/Object;+110
j  clojure.main$null_opt.invokeStatic(Ljava/lang/Object;Ljava/lang/Object;)Ljava/lang/Object;+305
j  clojure.main$null_opt.invoke(Ljava/lang/Object;Ljava/lang/Object;)Ljava/lang/Object;+6
j  clojure.main$main.invokeStatic(Lclojure/lang/ISeq;)Ljava/lang/Object;+376
j  clojure.main$main.doInvoke(Ljava/lang/Object;)Ljava/lang/Object;+6
j  clojure.lang.RestFn.applyTo(Lclojure/lang/ISeq;)Ljava/lang/Object;+136
j  clojure.lang.Var.applyTo(Lclojure/lang/ISeq;)Ljava/lang/Object;+5
j  clojure.main.main([Ljava/lang/String;)V+20
v  ~StubRoutines::call_stub

siginfo: si_signo: 11 (SIGSEGV), si_code: 2 (SEGV_ACCERR), si_addr: 0x0000000000000088

Register to memory mapping:

 x0=0x000000000000001a is an unknown value
 x1=0x0000000157705100 points into unknown readable memory: 0x6361626c6c61432e | 2e 43 61 6c 6c 62 61 63
 x2=0x000000000000000a is an unknown value
 x3=0x00000001a370a7d0: _platform_strncmp+0x120 in /usr/lib/system/libsystem_platform.dylib at 0x00000001a3709000
 x4=0x0000000000000001 is an unknown value
 x5=0x0 is NULL
 x6=0x00000000000000d6 is an unknown value
 x7=0x000000015800a600 is a thread
 x8=0x0 is NULL
 x9=0x000000000000002e is an unknown value
x10=0x000000015770510a points into unknown readable memory: 00 65 66 54 6f 4f
x11=0x0000000000000049 is an unknown value
x12=0x000000000000002e is an unknown value
x13=0x0 is NULL
x14=0x0 is NULL
x15=0x000000000000005f is an unknown value
x16=0x00000001a370a880: _platform_strlen+0 in /usr/lib/system/libsystem_platform.dylib at 0x00000001a3709000
x17=0x00006000005646c0 points into unknown readable memory: 0xfffffffffffffffe | fe ff ff ff ff ff ff ff
x18=0x0 is NULL
x19=0x00000001577050e0 points into unknown readable memory: 0x0000000106ae9f00 | 00 9f ae 06 01 00 00 00
x20=0x0000000800000000 is pointing into metadata
x21=0x00000001577050f0 points into unknown readable memory: 0x676a776c2e67726f | 6f 72 67 2e 6c 77 6a 67
x22=0x0 is NULL
x23=0x0000000800e8e600 is a pointer to class: 
org.lwjgl.system.CallbackI {0x0000000800e8e600}
 - instance size:     2
 - klass size:        64
 - access:            public interface abstract 
 - state:             fully_initialized
 - name:              'org/lwjgl/system/CallbackI'
 - super:             'java/lang/Object'
 - sub:               
 - nof implementors:  2
 - arrays:            NULL
 - methods:           Array<T>(0x000000012bb50b60)
 - method ordering:   Array<T>(0x000000080091d270)
 - default_methods:   Array<T>(0x0000000000000000)
 - local interfaces:  Array<T>(0x000000012bb17f98)
 - trans. interfaces: Array<T>(0x000000012bb17f98)
 - constants:         constant pool [28] {0x000000012bb17e48} for 'org/lwjgl/system/CallbackI' cache=0x000000012bb60c30
 - class loader data:  loader data: 0x0000600001060dc0 for instance a 'jdk/internal/loader/ClassLoaders$AppClassLoader'{0x00000007ffd56bd0}
 - source file:       'CallbackI.java'
 - class annotations:       Array<T>(0x0000000000000000)
 - class type annotations:  Array<T>(0x0000000000000000)
 - field annotations:       Array<T>(0x0000000000000000)
 - field type annotations:  Array<T>(0x0000000000000000)
 - inner classes:     Array<T>(0x00000008005db9a0)
 - nest members:     Array<T>(0x00000008005db9a0)
 - permitted subclasses:     Array<T>(0x00000008005db9a0)
 - java mirror:       a 'java/lang/Class'{0x000000070f7e9ec8} = 'org/lwjgl/system/CallbackI'
 - vtable length      5  (start addr: 0x0000000800e8e7d0)
 - itable length      0 (start addr: 0x0000000800e8e7f8)
 - ---- static fields (0 words):
 - ---- non-static fields (0 words):
 - non-static oop maps: 
x24=0x000000000000001a is an unknown value
x25=0x000000070e93cffc is pointing into object: [Ljava.lang.Object; 
{0x000000070e93cfe8} - klass: 'java/lang/Object'[]
 - length: 16
x26=0x000000012bb60610 is pointing into metadata
x27=0x0 is NULL
x28=0x000000015800a600 is a thread


Registers:
 x0=0x000000000000001a  x1=0x0000000157705100  x2=0x000000000000000a  x3=0x00000001a370a7d0
 x4=0x0000000000000001  x5=0x0000000000000000  x6=0x00000000000000d6  x7=0x000000015800a600
 x8=0x0000000000000000  x9=0x000000000000002e x10=0x000000015770510a x11=0x0000000000000049
x12=0x000000000000002e x13=0x0000000000000000 x14=0x0000000000000000 x15=0x000000000000005f
x16=0x00000001a370a880 x17=0x00006000005646c0 x18=0x0000000000000000 x19=0x00000001577050e0
x20=0x0000000800000000 x21=0x00000001577050f0 x22=0x0000000000000000 x23=0x0000000800e8e600
x24=0x000000000000001a x25=0x000000070e93cffc x26=0x000000012bb60610 x27=0x0000000000000000
x28=0x000000015800a600  fp=0x000000016afe1f40  lr=0x00000001067eeed4  sp=0x000000016afe1ec0
pc=0x00000001067eeee0 cpsr=0x0000000060001000
Top of Stack: (sp=0x000000016afe1ec0)
0x000000016afe1ec0:   000000010e6b4290 000000010e6b4300
0x000000016afe1ed0:   00000001161d39a0 0000000000000000
0x000000016afe1ee0:   000000016afe1f40 0000000106249cc0
0x000000016afe1ef0:   000000015800a600 0000000000000000
0x000000016afe1f00:   000000012bb60610 000000070e93cffc
0x000000016afe1f10:   0000000000000001 000000016afe1f50
0x000000016afe1f20:   000000012bb51848 000000012bb52b1f
0x000000016afe1f30:   0000000106b31698 0000000800000000
0x000000016afe1f40:   000000016afe2b20 00000001067eee44
0x000000016afe1f50:   0000000000000000 0000000000000000
0x000000016afe1f60:   0000000000000000 0000000100000002
0x000000016afe1f70:   0000000000000000 0000000000000000
0x000000016afe1f80:   000000016afe2bd0 000000010e68466c
0x000000016afe1f90:   000000010e681590 0000000100000000
0x000000016afe1fa0:   000000016afe2c20 000000016afe2bd0
0x000000016afe1fb0:   000000015800a600 00000001161d39a0
0x000000016afe1fc0:   0000000000000000 0000000100000100
0x000000016afe1fd0:   0000000100000000 0000000000000000
0x000000016afe1fe0:   0000000106a07a2f 0000000000000000
0x000000016afe1ff0:   0000000000000500 0000000000000000
0x000000016afe2000:   0000000106a07977 000000016afe28c0
0x000000016afe2010:   000000016afe2840 0000000106763db0
0x000000016afe2020:   0000000000000001 000000016afe2850
0x000000016afe2030:   000000016afe2850 0000600002f64840
0x000000016afe2040:   000000016afe2c40 00000001067edc70
0x000000016afe2050:   000000016afe2bc8 000000016afe2af0
0x000000016afe2060:   000000015800a600 0000000000000000
0x000000016afe2070:   0000000106a07977 000000016afe28c0
0x000000016afe2080:   000000016afe28b0 0000000106763db0
0x000000016afe2090:   0000000128c5ab50 000000016afe28c0
0x000000016afe20a0:   000000016afe28c0 0000000800c0a960
0x000000016afe20b0:   0000000128c5ab50 000000015800a600 

Instructions: (pc=0x00000001067eeee0)
0x00000001067eede0:   5ac0092a 53107d4a 7219011f 1a890148
0x00000001067eedf0:   12003d01 d101c3a0 97e9c38f b40000a0
0x00000001067eee00:   aa0003e1 aa1303e0 d2800002 1400000d
0x00000001067eee10:   f85903a0 79430288 784012a9 5ac0092a
0x00000001067eee20:   53107d4a 7219011f 1a890148 12003d01
0x00000001067eee30:   97e9c555 aa0003e2 aa1303e0 d2800001
0x00000001067eee40:   9400000c aa0003f3 d101c3a0 97ef1303
0x00000001067eee50:   aa1303e0 912e43ff a9447bfd a9434ff4
0x00000001067eee60:   a94257f6 a9415ff8 a8c56ffc d65f03c0
0x00000001067eee70:   d10243ff a9036ffc a90467fa a9055ff8
0x00000001067eee80:   a90657f6 a9074ff4 a9087bfd 910203fd
0x00000001067eee90:   aa0203f5 aa0103f7 aa0003f4 97f81df8
0x00000001067eeea0:   aa0003f3 b4000097 aa1703e0 97f81df4
0x00000001067eeeb0:   14000003 aa1503e0 94022c03 aa0003f5
0x00000001067eeec0:   aa1303e0 94067677 aa0003f6 aa1503e0
0x00000001067eeed0:   94067674 aa0003f8 b40002f7 f9400288
0x00000001067eeee0:   f9404508 aa1403e0 d63f0100 aa0003f9
0x00000001067eeef0:   f94002e8 f9404508 aa1703e0 d63f0100
0x00000001067eef00:   eb00033f 54000340 aa1403e0 52800001
0x00000001067eef10:   52800002 97f825c3 aa0003f9 aa1703e0
0x00000001067eef20:   52800001 52800002 97f825be aa0003fa
0x00000001067eef30:   14000008 aa1403e0 52800001 52800002
0x00000001067eef40:   97f825b8 aa0003f9 f0000dfa 910feb5a
0x00000001067eef50:   f0000de8 910fe908 d0000e89 913c2129
0x00000001067eef60:   f10002ff 9a881137 14000009 aa1403e0
0x00000001067eef70:   aa1703e1 52800002 97f82586 aa0003f9
0x00000001067eef80:   f0000dfa 910feb5a aa1a03f7 aa1903e0
0x00000001067eef90:   94067644 aa0003fb aa1a03e0 94067641
0x00000001067eefa0:   aa0003fc aa1703e0 9406763e 8b1802c8
0x00000001067eefb0:   8b1b0108 8b1c0108 8b000108 91008d16
0x00000001067eefc0:   aa1603e0 52800021 97ffa4be b4000240
0x00000001067eefd0:   aa0003f8 a901ebf7 a900e7f5 f90003f3 


Stack slot to memory mapping:
stack at sp + 0 slots: 0x000000010e6b4290 is at code_begin+-112 in 
[CodeBlob (0x000000010e6b4290)]
Framesize: 64
Runtime Stub (0x000000010e6b4290): resolve_opt_virtual_call
--------------------------------------------------------------------------------
Decoding CodeBlob, name: resolve_opt_virtual_call, at  [0x000000010e6b4300, 0x000000010e6b4490]  400 bytes
[MachCode]
  0x000000010e6b4300: fd7b bfa9 | fd03 0091 | e007 b1a9 | e20f 01a9 | e417 02a9 | e61f 03a9 | e827 04a9 | ea2f 05a9 
  0x000000010e6b4320: ec37 06a9 | ee3f 07a9 | f047 08a9 | f24f 09a9 | f457 0aa9 | f65f 0ba9 | f867 0ca9 | fa6f 0da9 
  0x000000010e6b4340: fc77 0ea9 | e8eb 7bb2 | ff83 00d1 | fc2f 880c | f82f 880c | f42f 880c | f02f 880c | ec2f 880c 
  0x000000010e6b4360: e82f 880c | e42f 880c | e02f 000c | 2801 0010 | 884b 01f9 | e803 0091 | 8847 01f9 | e003 1caa 
  0x000000010e6b4380: 08c3 93d2 | c8cf a0f2 | 2800 c0f2 | 0001 3fd6 | 9f47 01f9 | 9f4b 01f9 | 8807 40f9 | e803 00b5 
  0x000000010e6b43a0: 8c77 41f9 | 9f77 01f9 | ecb3 00f9 | e0a3 00f9 | e02f df0c | e42f df0c | e82f df0c | ec2f df0c 
  0x000000010e6b43c0: f02f df0c | f42f df0c | f82f df0c | fc2f df0c | e20f 41a9 | e417 42a9 | e61f 43a9 | e827 44a9 
  0x000000010e6b43e0: ea2f 45a9 | ec37 46a9 | ee3f 47a9 | f047 48a9 | f24f 49a9 | f457 4aa9 | f65f 4ba9 | f867 4ca9 
  0x000000010e6b4400: fa6f 4da9 | fc77 4ea9 | e007 cfa8 | bf03 0091 | fd7b c1a8 | 0001 1fd6 | e02f df0c | e42f df0c 
  0x000000010e6b4420: e82f df0c | ec2f df0c | f02f df0c | f42f df0c | f82f df0c | fc2f df0c | e20f 41a9 | e417 42a9 
  0x000000010e6b4440: e61f 43a9 | e827 44a9 | ea2f 45a9 | ec37 46a9 | ee3f 47a9 | f047 48a9 | f24f 49a9 | f457 4aa9 
  0x000000010e6b4460: f65f 4ba9 | f867 4ca9 | fa6f 4da9 | fc77 4ea9 | e007 cfa8 | bf03 0091 | fd7b c1a8 | 9f73 01f9 
  0x000000010e6b4480: 8007 40f9 | 48fe ff90 | 0801 0291 | 0001 1fd6 
[/MachCode]
--------------------------------------------------------------------------------
stack at sp + 1 slots: 0x000000010e6b4300 is at code_begin+0 in 
[CodeBlob (0x000000010e6b4290)]
Framesize: 64
Runtime Stub (0x000000010e6b4290): resolve_opt_virtual_call
--------------------------------------------------------------------------------
Decoding CodeBlob, name: resolve_opt_virtual_call, at  [0x000000010e6b4300, 0x000000010e6b4490]  400 bytes
[MachCode]
  0x000000010e6b4300: fd7b bfa9 | fd03 0091 | e007 b1a9 | e20f 01a9 | e417 02a9 | e61f 03a9 | e827 04a9 | ea2f 05a9 
  0x000000010e6b4320: ec37 06a9 | ee3f 07a9 | f047 08a9 | f24f 09a9 | f457 0aa9 | f65f 0ba9 | f867 0ca9 | fa6f 0da9 
  0x000000010e6b4340: fc77 0ea9 | e8eb 7bb2 | ff83 00d1 | fc2f 880c | f82f 880c | f42f 880c | f02f 880c | ec2f 880c 
  0x000000010e6b4360: e82f 880c | e42f 880c | e02f 000c | 2801 0010 | 884b 01f9 | e803 0091 | 8847 01f9 | e003 1caa 
  0x000000010e6b4380: 08c3 93d2 | c8cf a0f2 | 2800 c0f2 | 0001 3fd6 | 9f47 01f9 | 9f4b 01f9 | 8807 40f9 | e803 00b5 
  0x000000010e6b43a0: 8c77 41f9 | 9f77 01f9 | ecb3 00f9 | e0a3 00f9 | e02f df0c | e42f df0c | e82f df0c | ec2f df0c 
  0x000000010e6b43c0: f02f df0c | f42f df0c | f82f df0c | fc2f df0c | e20f 41a9 | e417 42a9 | e61f 43a9 | e827 44a9 
  0x000000010e6b43e0: ea2f 45a9 | ec37 46a9 | ee3f 47a9 | f047 48a9 | f24f 49a9 | f457 4aa9 | f65f 4ba9 | f867 4ca9 
  0x000000010e6b4400: fa6f 4da9 | fc77 4ea9 | e007 cfa8 | bf03 0091 | fd7b c1a8 | 0001 1fd6 | e02f df0c | e42f df0c 
  0x000000010e6b4420: e82f df0c | ec2f df0c | f02f df0c | f42f df0c | f82f df0c | fc2f df0c | e20f 41a9 | e417 42a9 
  0x000000010e6b4440: e61f 43a9 | e827 44a9 | ea2f 45a9 | ec37 46a9 | ee3f 47a9 | f047 48a9 | f24f 49a9 | f457 4aa9 
  0x000000010e6b4460: f65f 4ba9 | f867 4ca9 | fa6f 4da9 | fc77 4ea9 | e007 cfa8 | bf03 0091 | fd7b c1a8 | 9f73 01f9 
  0x000000010e6b4480: 8007 40f9 | 48fe ff90 | 0801 0291 | 0001 1fd6 
[/MachCode]
--------------------------------------------------------------------------------
stack at sp + 2 slots: 0x00000001161d39a0 is at entry_point+32 in (nmethod*)0x00000001161d3690
stack at sp + 3 slots: 0x0 is NULL
stack at sp + 4 slots: 0x000000016afe1f40 is pointing into the stack for thread: 0x000000015800a600
stack at sp + 5 slots: 0x0000000106249cc0: _ZN18vframeStreamCommon15fill_from_frameEv+0x4c in /Library/Java/JavaVirtualMachines/jdk-17.0.2.jdk/Contents/Home/lib/server/libjvm.dylib at 0x0000000105fb0000
stack at sp + 6 slots: 0x000000015800a600 is a thread
stack at sp + 7 slots: 0x0 is NULL


---------------  P R O C E S S  ---------------

Threads class SMR info:
_java_thread_list=0x00006000021b87e0, length=11, elements={
0x000000015800a600, 0x00000001578de000, 0x00000001578e0800, 0x00000001578dec00,
0x00000001578df200, 0x00000001578df800, 0x00000001578dfe00, 0x00000001578e0e00,
0x00000001578e1400, 0x00000001578e3a00, 0x000000015804dc00
}

Java Threads: ( => current thread )
=>0x000000015800a600 JavaThread "main" [_thread_in_vm, id=259, stack(0x000000016a7ec000,0x000000016afe8000)]
  0x00000001578de000 JavaThread "Reference Handler" daemon [_thread_blocked, id=16387, stack(0x000000016bcc0000,0x000000016bec3000)]
  0x00000001578e0800 JavaThread "Finalizer" daemon [_thread_blocked, id=18179, stack(0x000000016becc000,0x000000016c0cf000)]
  0x00000001578dec00 JavaThread "Signal Dispatcher" daemon [_thread_blocked, id=42755, stack(0x000000016c1f0000,0x000000016c3f3000)]
  0x00000001578df200 JavaThread "Service Thread" daemon [_thread_blocked, id=42499, stack(0x000000016c3fc000,0x000000016c5ff000)]
  0x00000001578df800 JavaThread "Monitor Deflation Thread" daemon [_thread_blocked, id=42243, stack(0x000000016c608000,0x000000016c80b000)]
  0x00000001578dfe00 JavaThread "C2 CompilerThread0" daemon [_thread_blocked, id=41987, stack(0x000000016c814000,0x000000016ca17000)]
  0x00000001578e0e00 JavaThread "C1 CompilerThread0" daemon [_thread_blocked, id=41475, stack(0x000000016ca20000,0x000000016cc23000)]
  0x00000001578e1400 JavaThread "Sweeper thread" daemon [_thread_blocked, id=40963, stack(0x000000016cc2c000,0x000000016ce2f000)]
  0x00000001578e3a00 JavaThread "Notification Thread" daemon [_thread_blocked, id=40707, stack(0x000000016ce38000,0x000000016d03b000)]
  0x000000015804dc00 JavaThread "Common-Cleaner" daemon [_thread_blocked, id=40195, stack(0x000000016d250000,0x000000016d453000)]

Other Threads:
  0x000000015760bd80 VMThread "VM Thread" [stack: 0x000000016bab4000,0x000000016bcb7000] [id=15619]
  0x0000000137606220 WatcherThread [stack: 0x000000016d044000,0x000000016d247000] [id=24067]
  0x0000000157707840 GCTaskThread "GC Thread#0" [stack: 0x000000016b078000,0x000000016b27b000] [id=21251]
  0x000000015771e4f0 GCTaskThread "GC Thread#1" [stack: 0x000000016d668000,0x000000016d86b000] [id=39427]
  0x000000015771e970 GCTaskThread "GC Thread#2" [stack: 0x000000016d874000,0x000000016da77000] [id=24835]
  0x000000015771edf0 GCTaskThread "GC Thread#3" [stack: 0x000000016da80000,0x000000016dc83000] [id=25347]
  0x000000015761dea0 GCTaskThread "GC Thread#4" [stack: 0x000000016dc8c000,0x000000016de8f000] [id=38915]
  0x000000015761e330 GCTaskThread "GC Thread#5" [stack: 0x000000016de98000,0x000000016e09b000] [id=25859]
  0x000000015762aeb0 GCTaskThread "GC Thread#6" [stack: 0x000000016e0a4000,0x000000016e2a7000] [id=38659]
  0x0000000157604e10 ConcurrentGCThread "G1 Main Marker" [stack: 0x000000016b284000,0x000000016b487000] [id=20995]
  0x0000000157605690 ConcurrentGCThread "G1 Conc#0" [stack: 0x000000016b490000,0x000000016b693000] [id=13571]
  0x0000000157607640 ConcurrentGCThread "G1 Refine#0" [stack: 0x000000016b69c000,0x000000016b89f000] [id=19715]
  0x0000000157607ee0 ConcurrentGCThread "G1 Service" [stack: 0x000000016b8a8000,0x000000016baab000] [id=14083]

Threads with active compile tasks:

VM state: not at safepoint (normal execution)

VM Mutex/Monitor currently owned by a thread: None

Heap address: 0x0000000700000000, size: 4096 MB, Compressed Oops mode: Zero based, Oop shift amount: 3

CDS archive(s) mapped at: [0x0000000800000000-0x0000000800bd8000-0x0000000800bd8000), size 12419072, SharedBaseAddress: 0x0000000800000000, ArchiveRelocationMode: 0.
Compressed class space mapped at: 0x0000000800c00000-0x0000000840c00000, reserved size: 1073741824
Narrow klass base: 0x0000000800000000, Narrow klass shift: 0, Narrow klass range: 0x100000000

GC Precious Log:
 CPUs: 8 total, 8 available
 Memory: 16384M
 Large Page Support: Disabled
 NUMA Support: Disabled
 Compressed Oops: Enabled (Zero based)
 Heap Region Size: 2M
 Heap Min Capacity: 8M
 Heap Initial Capacity: 256M
 Heap Max Capacity: 4G
 Pre-touch: Disabled
 Parallel Workers: 8
 Concurrent Workers: 2
 Concurrent Refinement Workers: 8
 Periodic GC: Disabled

Heap:
 garbage-first heap   total 266240K, used 30161K [0x0000000700000000, 0x0000000800000000)
  region size 2048K, 13 young (26624K), 1 survivors (2048K)
 Metaspace       used 14301K, committed 14592K, reserved 1064960K
  class space    used 2705K, committed 2816K, reserved 1048576K

Heap Regions: E=young(eden), S=young(survivor), O=old, HS=humongous(starts), HC=humongous(continues), CS=collection set, F=free, OA=open archive, CA=closed archive, TAMS=top-at-mark-start (previous, next)
|   0|0x0000000700000000, 0x0000000700200000, 0x0000000700200000|100%| O|  |TAMS 0x0000000700000000, 0x0000000700000000| Untracked 
|   1|0x0000000700200000, 0x000000070037c600, 0x0000000700400000| 74%| O|  |TAMS 0x0000000700200000, 0x0000000700200000| Untracked 
|   2|0x0000000700400000, 0x0000000700400000, 0x0000000700600000|  0%| F|  |TAMS 0x0000000700400000, 0x0000000700400000| Untracked 
|   3|0x0000000700600000, 0x0000000700600000, 0x0000000700800000|  0%| F|  |TAMS 0x0000000700600000, 0x0000000700600000| Untracked 
|   4|0x0000000700800000, 0x0000000700800000, 0x0000000700a00000|  0%| F|  |TAMS 0x0000000700800000, 0x0000000700800000| Untracked 
|   5|0x0000000700a00000, 0x0000000700a00000, 0x0000000700c00000|  0%| F|  |TAMS 0x0000000700a00000, 0x0000000700a00000| Untracked 
|   6|0x0000000700c00000, 0x0000000700c00000, 0x0000000700e00000|  0%| F|  |TAMS 0x0000000700c00000, 0x0000000700c00000| Untracked 
|   7|0x0000000700e00000, 0x0000000700e00000, 0x0000000701000000|  0%| F|  |TAMS 0x0000000700e00000, 0x0000000700e00000| Untracked 
|   8|0x0000000701000000, 0x0000000701000000, 0x0000000701200000|  0%| F|  |TAMS 0x0000000701000000, 0x0000000701000000| Untracked 
|   9|0x0000000701200000, 0x0000000701200000, 0x0000000701400000|  0%| F|  |TAMS 0x0000000701200000, 0x0000000701200000| Untracked 
|  10|0x0000000701400000, 0x0000000701400000, 0x0000000701600000|  0%| F|  |TAMS 0x0000000701400000, 0x0000000701400000| Untracked 
|  11|0x0000000701600000, 0x0000000701600000, 0x0000000701800000|  0%| F|  |TAMS 0x0000000701600000, 0x0000000701600000| Untracked 
|  12|0x0000000701800000, 0x0000000701800000, 0x0000000701a00000|  0%| F|  |TAMS 0x0000000701800000, 0x0000000701800000| Untracked 
|  13|0x0000000701a00000, 0x0000000701a00000, 0x0000000701c00000|  0%| F|  |TAMS 0x0000000701a00000, 0x0000000701a00000| Untracked 
|  14|0x0000000701c00000, 0x0000000701c00000, 0x0000000701e00000|  0%| F|  |TAMS 0x0000000701c00000, 0x0000000701c00000| Untracked 
|  15|0x0000000701e00000, 0x0000000701e00000, 0x0000000702000000|  0%| F|  |TAMS 0x0000000701e00000, 0x0000000701e00000| Untracked 
|  16|0x0000000702000000, 0x0000000702000000, 0x0000000702200000|  0%| F|  |TAMS 0x0000000702000000, 0x0000000702000000| Untracked 
|  17|0x0000000702200000, 0x0000000702200000, 0x0000000702400000|  0%| F|  |TAMS 0x0000000702200000, 0x0000000702200000| Untracked 
|  18|0x0000000702400000, 0x0000000702400000, 0x0000000702600000|  0%| F|  |TAMS 0x0000000702400000, 0x0000000702400000| Untracked 
|  19|0x0000000702600000, 0x0000000702600000, 0x0000000702800000|  0%| F|  |TAMS 0x0000000702600000, 0x0000000702600000| Untracked 
|  20|0x0000000702800000, 0x0000000702800000, 0x0000000702a00000|  0%| F|  |TAMS 0x0000000702800000, 0x0000000702800000| Untracked 
|  21|0x0000000702a00000, 0x0000000702a00000, 0x0000000702c00000|  0%| F|  |TAMS 0x0000000702a00000, 0x0000000702a00000| Untracked 
|  22|0x0000000702c00000, 0x0000000702c00000, 0x0000000702e00000|  0%| F|  |TAMS 0x0000000702c00000, 0x0000000702c00000| Untracked 
|  23|0x0000000702e00000, 0x0000000702e00000, 0x0000000703000000|  0%| F|  |TAMS 0x0000000702e00000, 0x0000000702e00000| Untracked 
|  24|0x0000000703000000, 0x0000000703000000, 0x0000000703200000|  0%| F|  |TAMS 0x0000000703000000, 0x0000000703000000| Untracked 
|  25|0x0000000703200000, 0x0000000703200000, 0x0000000703400000|  0%| F|  |TAMS 0x0000000703200000, 0x0000000703200000| Untracked 
|  26|0x0000000703400000, 0x0000000703400000, 0x0000000703600000|  0%| F|  |TAMS 0x0000000703400000, 0x0000000703400000| Untracked 
|  27|0x0000000703600000, 0x0000000703600000, 0x0000000703800000|  0%| F|  |TAMS 0x0000000703600000, 0x0000000703600000| Untracked 
|  28|0x0000000703800000, 0x0000000703800000, 0x0000000703a00000|  0%| F|  |TAMS 0x0000000703800000, 0x0000000703800000| Untracked 
|  29|0x0000000703a00000, 0x0000000703a00000, 0x0000000703c00000|  0%| F|  |TAMS 0x0000000703a00000, 0x0000000703a00000| Untracked 
|  30|0x0000000703c00000, 0x0000000703c00000, 0x0000000703e00000|  0%| F|  |TAMS 0x0000000703c00000, 0x0000000703c00000| Untracked 
|  31|0x0000000703e00000, 0x0000000703e00000, 0x0000000704000000|  0%| F|  |TAMS 0x0000000703e00000, 0x0000000703e00000| Untracked 
|  32|0x0000000704000000, 0x0000000704000000, 0x0000000704200000|  0%| F|  |TAMS 0x0000000704000000, 0x0000000704000000| Untracked 
|  33|0x0000000704200000, 0x0000000704200000, 0x0000000704400000|  0%| F|  |TAMS 0x0000000704200000, 0x0000000704200000| Untracked 
|  34|0x0000000704400000, 0x0000000704400000, 0x0000000704600000|  0%| F|  |TAMS 0x0000000704400000, 0x0000000704400000| Untracked 
|  35|0x0000000704600000, 0x0000000704600000, 0x0000000704800000|  0%| F|  |TAMS 0x0000000704600000, 0x0000000704600000| Untracked 
|  36|0x0000000704800000, 0x0000000704800000, 0x0000000704a00000|  0%| F|  |TAMS 0x0000000704800000, 0x0000000704800000| Untracked 
|  37|0x0000000704a00000, 0x0000000704a00000, 0x0000000704c00000|  0%| F|  |TAMS 0x0000000704a00000, 0x0000000704a00000| Untracked 
|  38|0x0000000704c00000, 0x0000000704c00000, 0x0000000704e00000|  0%| F|  |TAMS 0x0000000704c00000, 0x0000000704c00000| Untracked 
|  39|0x0000000704e00000, 0x0000000704e00000, 0x0000000705000000|  0%| F|  |TAMS 0x0000000704e00000, 0x0000000704e00000| Untracked 
|  40|0x0000000705000000, 0x0000000705000000, 0x0000000705200000|  0%| F|  |TAMS 0x0000000705000000, 0x0000000705000000| Untracked 
|  41|0x0000000705200000, 0x0000000705200000, 0x0000000705400000|  0%| F|  |TAMS 0x0000000705200000, 0x0000000705200000| Untracked 
|  42|0x0000000705400000, 0x0000000705400000, 0x0000000705600000|  0%| F|  |TAMS 0x0000000705400000, 0x0000000705400000| Untracked 
|  43|0x0000000705600000, 0x0000000705600000, 0x0000000705800000|  0%| F|  |TAMS 0x0000000705600000, 0x0000000705600000| Untracked 
|  44|0x0000000705800000, 0x0000000705800000, 0x0000000705a00000|  0%| F|  |TAMS 0x0000000705800000, 0x0000000705800000| Untracked 
|  45|0x0000000705a00000, 0x0000000705a00000, 0x0000000705c00000|  0%| F|  |TAMS 0x0000000705a00000, 0x0000000705a00000| Untracked 
|  46|0x0000000705c00000, 0x0000000705c00000, 0x0000000705e00000|  0%| F|  |TAMS 0x0000000705c00000, 0x0000000705c00000| Untracked 
|  47|0x0000000705e00000, 0x0000000705e00000, 0x0000000706000000|  0%| F|  |TAMS 0x0000000705e00000, 0x0000000705e00000| Untracked 
|  48|0x0000000706000000, 0x0000000706000000, 0x0000000706200000|  0%| F|  |TAMS 0x0000000706000000, 0x0000000706000000| Untracked 
|  49|0x0000000706200000, 0x0000000706200000, 0x0000000706400000|  0%| F|  |TAMS 0x0000000706200000, 0x0000000706200000| Untracked 
|  50|0x0000000706400000, 0x0000000706400000, 0x0000000706600000|  0%| F|  |TAMS 0x0000000706400000, 0x0000000706400000| Untracked 
|  51|0x0000000706600000, 0x0000000706600000, 0x0000000706800000|  0%| F|  |TAMS 0x0000000706600000, 0x0000000706600000| Untracked 
|  52|0x0000000706800000, 0x0000000706800000, 0x0000000706a00000|  0%| F|  |TAMS 0x0000000706800000, 0x0000000706800000| Untracked 
|  53|0x0000000706a00000, 0x0000000706a00000, 0x0000000706c00000|  0%| F|  |TAMS 0x0000000706a00000, 0x0000000706a00000| Untracked 
|  54|0x0000000706c00000, 0x0000000706c00000, 0x0000000706e00000|  0%| F|  |TAMS 0x0000000706c00000, 0x0000000706c00000| Untracked 
|  55|0x0000000706e00000, 0x0000000706e00000, 0x0000000707000000|  0%| F|  |TAMS 0x0000000706e00000, 0x0000000706e00000| Untracked 
|  56|0x0000000707000000, 0x0000000707000000, 0x0000000707200000|  0%| F|  |TAMS 0x0000000707000000, 0x0000000707000000| Untracked 
|  57|0x0000000707200000, 0x0000000707200000, 0x0000000707400000|  0%| F|  |TAMS 0x0000000707200000, 0x0000000707200000| Untracked 
|  58|0x0000000707400000, 0x0000000707400000, 0x0000000707600000|  0%| F|  |TAMS 0x0000000707400000, 0x0000000707400000| Untracked 
|  59|0x0000000707600000, 0x0000000707600000, 0x0000000707800000|  0%| F|  |TAMS 0x0000000707600000, 0x0000000707600000| Untracked 
|  60|0x0000000707800000, 0x0000000707800000, 0x0000000707a00000|  0%| F|  |TAMS 0x0000000707800000, 0x0000000707800000| Untracked 
|  61|0x0000000707a00000, 0x0000000707a00000, 0x0000000707c00000|  0%| F|  |TAMS 0x0000000707a00000, 0x0000000707a00000| Untracked 
|  62|0x0000000707c00000, 0x0000000707c00000, 0x0000000707e00000|  0%| F|  |TAMS 0x0000000707c00000, 0x0000000707c00000| Untracked 
|  63|0x0000000707e00000, 0x0000000707e00000, 0x0000000708000000|  0%| F|  |TAMS 0x0000000707e00000, 0x0000000707e00000| Untracked 
|  64|0x0000000708000000, 0x0000000708000000, 0x0000000708200000|  0%| F|  |TAMS 0x0000000708000000, 0x0000000708000000| Untracked 
|  65|0x0000000708200000, 0x0000000708200000, 0x0000000708400000|  0%| F|  |TAMS 0x0000000708200000, 0x0000000708200000| Untracked 
|  66|0x0000000708400000, 0x0000000708400000, 0x0000000708600000|  0%| F|  |TAMS 0x0000000708400000, 0x0000000708400000| Untracked 
|  67|0x0000000708600000, 0x0000000708600000, 0x0000000708800000|  0%| F|  |TAMS 0x0000000708600000, 0x0000000708600000| Untracked 
|  68|0x0000000708800000, 0x0000000708800000, 0x0000000708a00000|  0%| F|  |TAMS 0x0000000708800000, 0x0000000708800000| Untracked 
|  69|0x0000000708a00000, 0x0000000708a00000, 0x0000000708c00000|  0%| F|  |TAMS 0x0000000708a00000, 0x0000000708a00000| Untracked 
|  70|0x0000000708c00000, 0x0000000708c00000, 0x0000000708e00000|  0%| F|  |TAMS 0x0000000708c00000, 0x0000000708c00000| Untracked 
|  71|0x0000000708e00000, 0x0000000708e00000, 0x0000000709000000|  0%| F|  |TAMS 0x0000000708e00000, 0x0000000708e00000| Untracked 
|  72|0x0000000709000000, 0x0000000709000000, 0x0000000709200000|  0%| F|  |TAMS 0x0000000709000000, 0x0000000709000000| Untracked 
|  73|0x0000000709200000, 0x0000000709200000, 0x0000000709400000|  0%| F|  |TAMS 0x0000000709200000, 0x0000000709200000| Untracked 
|  74|0x0000000709400000, 0x0000000709400000, 0x0000000709600000|  0%| F|  |TAMS 0x0000000709400000, 0x0000000709400000| Untracked 
|  75|0x0000000709600000, 0x0000000709600000, 0x0000000709800000|  0%| F|  |TAMS 0x0000000709600000, 0x0000000709600000| Untracked 
|  76|0x0000000709800000, 0x0000000709800000, 0x0000000709a00000|  0%| F|  |TAMS 0x0000000709800000, 0x0000000709800000| Untracked 
|  77|0x0000000709a00000, 0x0000000709a00000, 0x0000000709c00000|  0%| F|  |TAMS 0x0000000709a00000, 0x0000000709a00000| Untracked 
|  78|0x0000000709c00000, 0x0000000709c00000, 0x0000000709e00000|  0%| F|  |TAMS 0x0000000709c00000, 0x0000000709c00000| Untracked 
|  79|0x0000000709e00000, 0x0000000709e00000, 0x000000070a000000|  0%| F|  |TAMS 0x0000000709e00000, 0x0000000709e00000| Untracked 
|  80|0x000000070a000000, 0x000000070a000000, 0x000000070a200000|  0%| F|  |TAMS 0x000000070a000000, 0x000000070a000000| Untracked 
|  81|0x000000070a200000, 0x000000070a200000, 0x000000070a400000|  0%| F|  |TAMS 0x000000070a200000, 0x000000070a200000| Untracked 
|  82|0x000000070a400000, 0x000000070a400000, 0x000000070a600000|  0%| F|  |TAMS 0x000000070a400000, 0x000000070a400000| Untracked 
|  83|0x000000070a600000, 0x000000070a600000, 0x000000070a800000|  0%| F|  |TAMS 0x000000070a600000, 0x000000070a600000| Untracked 
|  84|0x000000070a800000, 0x000000070a800000, 0x000000070aa00000|  0%| F|  |TAMS 0x000000070a800000, 0x000000070a800000| Untracked 
|  85|0x000000070aa00000, 0x000000070aa00000, 0x000000070ac00000|  0%| F|  |TAMS 0x000000070aa00000, 0x000000070aa00000| Untracked 
|  86|0x000000070ac00000, 0x000000070ac00000, 0x000000070ae00000|  0%| F|  |TAMS 0x000000070ac00000, 0x000000070ac00000| Untracked 
|  87|0x000000070ae00000, 0x000000070ae00000, 0x000000070b000000|  0%| F|  |TAMS 0x000000070ae00000, 0x000000070ae00000| Untracked 
|  88|0x000000070b000000, 0x000000070b000000, 0x000000070b200000|  0%| F|  |TAMS 0x000000070b000000, 0x000000070b000000| Untracked 
|  89|0x000000070b200000, 0x000000070b200000, 0x000000070b400000|  0%| F|  |TAMS 0x000000070b200000, 0x000000070b200000| Untracked 
|  90|0x000000070b400000, 0x000000070b400000, 0x000000070b600000|  0%| F|  |TAMS 0x000000070b400000, 0x000000070b400000| Untracked 
|  91|0x000000070b600000, 0x000000070b600000, 0x000000070b800000|  0%| F|  |TAMS 0x000000070b600000, 0x000000070b600000| Untracked 
|  92|0x000000070b800000, 0x000000070b800000, 0x000000070ba00000|  0%| F|  |TAMS 0x000000070b800000, 0x000000070b800000| Untracked 
|  93|0x000000070ba00000, 0x000000070ba00000, 0x000000070bc00000|  0%| F|  |TAMS 0x000000070ba00000, 0x000000070ba00000| Untracked 
|  94|0x000000070bc00000, 0x000000070bc00000, 0x000000070be00000|  0%| F|  |TAMS 0x000000070bc00000, 0x000000070bc00000| Untracked 
|  95|0x000000070be00000, 0x000000070be00000, 0x000000070c000000|  0%| F|  |TAMS 0x000000070be00000, 0x000000070be00000| Untracked 
|  96|0x000000070c000000, 0x000000070c000000, 0x000000070c200000|  0%| F|  |TAMS 0x000000070c000000, 0x000000070c000000| Untracked 
|  97|0x000000070c200000, 0x000000070c200000, 0x000000070c400000|  0%| F|  |TAMS 0x000000070c200000, 0x000000070c200000| Untracked 
|  98|0x000000070c400000, 0x000000070c400000, 0x000000070c600000|  0%| F|  |TAMS 0x000000070c400000, 0x000000070c400000| Untracked 
|  99|0x000000070c600000, 0x000000070c600000, 0x000000070c800000|  0%| F|  |TAMS 0x000000070c600000, 0x000000070c600000| Untracked 
| 100|0x000000070c800000, 0x000000070c800000, 0x000000070ca00000|  0%| F|  |TAMS 0x000000070c800000, 0x000000070c800000| Untracked 
| 101|0x000000070ca00000, 0x000000070ca00000, 0x000000070cc00000|  0%| F|  |TAMS 0x000000070ca00000, 0x000000070ca00000| Untracked 
| 102|0x000000070cc00000, 0x000000070cc00000, 0x000000070ce00000|  0%| F|  |TAMS 0x000000070cc00000, 0x000000070cc00000| Untracked 
| 103|0x000000070ce00000, 0x000000070ce00000, 0x000000070d000000|  0%| F|  |TAMS 0x000000070ce00000, 0x000000070ce00000| Untracked 
| 104|0x000000070d000000, 0x000000070d000000, 0x000000070d200000|  0%| F|  |TAMS 0x000000070d000000, 0x000000070d000000| Untracked 
| 105|0x000000070d200000, 0x000000070d200000, 0x000000070d400000|  0%| F|  |TAMS 0x000000070d200000, 0x000000070d200000| Untracked 
| 106|0x000000070d400000, 0x000000070d400000, 0x000000070d600000|  0%| F|  |TAMS 0x000000070d400000, 0x000000070d400000| Untracked 
| 107|0x000000070d600000, 0x000000070d600000, 0x000000070d800000|  0%| F|  |TAMS 0x000000070d600000, 0x000000070d600000| Untracked 
| 108|0x000000070d800000, 0x000000070d800000, 0x000000070da00000|  0%| F|  |TAMS 0x000000070d800000, 0x000000070d800000| Untracked 
| 109|0x000000070da00000, 0x000000070da00000, 0x000000070dc00000|  0%| F|  |TAMS 0x000000070da00000, 0x000000070da00000| Untracked 
| 110|0x000000070dc00000, 0x000000070de00000, 0x000000070de00000|100%| S|CS|TAMS 0x000000070dc00000, 0x000000070dc00000| Complete 
| 111|0x000000070de00000, 0x000000070de00000, 0x000000070e000000|  0%| F|  |TAMS 0x000000070de00000, 0x000000070de00000| Untracked 
| 112|0x000000070e000000, 0x000000070e000000, 0x000000070e200000|  0%| F|  |TAMS 0x000000070e000000, 0x000000070e000000| Untracked 
| 113|0x000000070e200000, 0x000000070e200000, 0x000000070e400000|  0%| F|  |TAMS 0x000000070e200000, 0x000000070e200000| Untracked 
| 114|0x000000070e400000, 0x000000070e400000, 0x000000070e600000|  0%| F|  |TAMS 0x000000070e400000, 0x000000070e400000| Untracked 
| 115|0x000000070e600000, 0x000000070e600000, 0x000000070e800000|  0%| F|  |TAMS 0x000000070e600000, 0x000000070e600000| Untracked 
| 116|0x000000070e800000, 0x000000070ea00000, 0x000000070ea00000|100%| E|  |TAMS 0x000000070e800000, 0x000000070e800000| Complete 
| 117|0x000000070ea00000, 0x000000070ec00000, 0x000000070ec00000|100%| E|CS|TAMS 0x000000070ea00000, 0x000000070ea00000| Complete 
| 118|0x000000070ec00000, 0x000000070ee00000, 0x000000070ee00000|100%| E|CS|TAMS 0x000000070ec00000, 0x000000070ec00000| Complete 
| 119|0x000000070ee00000, 0x000000070f000000, 0x000000070f000000|100%| E|CS|TAMS 0x000000070ee00000, 0x000000070ee00000| Complete 
| 120|0x000000070f000000, 0x000000070f200000, 0x000000070f200000|100%| E|CS|TAMS 0x000000070f000000, 0x000000070f000000| Complete 
| 121|0x000000070f200000, 0x000000070f400000, 0x000000070f400000|100%| E|CS|TAMS 0x000000070f200000, 0x000000070f200000| Complete 
| 122|0x000000070f400000, 0x000000070f600000, 0x000000070f600000|100%| E|CS|TAMS 0x000000070f400000, 0x000000070f400000| Complete 
| 123|0x000000070f600000, 0x000000070f800000, 0x000000070f800000|100%| E|CS|TAMS 0x000000070f600000, 0x000000070f600000| Complete 
| 124|0x000000070f800000, 0x000000070fa00000, 0x000000070fa00000|100%| E|CS|TAMS 0x000000070f800000, 0x000000070f800000| Complete 
| 125|0x000000070fa00000, 0x000000070fc00000, 0x000000070fc00000|100%| E|CS|TAMS 0x000000070fa00000, 0x000000070fa00000| Complete 
| 126|0x000000070fc00000, 0x000000070fe00000, 0x000000070fe00000|100%| E|CS|TAMS 0x000000070fc00000, 0x000000070fc00000| Complete 
| 127|0x000000070fe00000, 0x0000000710000000, 0x0000000710000000|100%| E|CS|TAMS 0x000000070fe00000, 0x000000070fe00000| Complete 
|2046|0x00000007ffc00000, 0x00000007ffd78000, 0x00000007ffe00000| 73%|OA|  |TAMS 0x00000007ffc00000, 0x00000007ffc00000| Untracked 
|2047|0x00000007ffe00000, 0x00000007ffe80000, 0x0000000800000000| 25%|CA|  |TAMS 0x00000007ffe00000, 0x00000007ffe00000| Untracked 

Card table byte_map: [0x000000011d67c000,0x000000011de7c000] _byte_map_base: 0x0000000119e7c000

Marking Bits (Prev, Next): (CMBitMap*) 0x000000015780e010, (CMBitMap*) 0x000000015780e050
 Prev Bits: [0x000000011e67c000, 0x000000012267c000)
 Next Bits: [0x000000012267c000, 0x000000012667c000)

Polling page: 0x0000000104f9c000

Metaspace:

Usage:
  Non-class:     11.32 MB used.
      Class:      2.64 MB used.
       Both:     13.97 MB used.

Virtual space:
  Non-class space:       16.00 MB reserved,      11.50 MB ( 72%) committed,  2 nodes.
      Class space:        1.00 GB reserved,       2.75 MB ( <1%) committed,  1 nodes.
             Both:        1.02 GB reserved,      14.25 MB (  1%) committed. 

Chunk freelists:
   Non-Class:  2.84 MB
       Class:  1.26 MB
        Both:  4.10 MB

MaxMetaspaceSize: unlimited
CompressedClassSpaceSize: 1.00 GB
Initial GC threshold: 21.00 MB
Current GC threshold: 21.00 MB
CDS: on
MetaspaceReclaimPolicy: balanced
 - commit_granule_bytes: 65536.
 - commit_granule_words: 8192.
 - virtual_space_node_default_size: 1048576.
 - enlarge_chunks_in_place: 1.
 - new_chunks_are_fully_committed: 0.
 - uncommit_free_chunks: 1.
 - use_allocation_guard: 0.
 - handle_deallocations: 1.


Internal statistics:

num_allocs_failed_limit: 0.
num_arena_births: 188.
num_arena_deaths: 0.
num_vsnodes_births: 3.
num_vsnodes_deaths: 0.
num_space_committed: 224.
num_space_uncommitted: 0.
num_chunks_returned_to_freelist: 0.
num_chunks_taken_from_freelist: 663.
num_chunk_merges: 0.
num_chunk_splits: 480.
num_chunks_enlarged: 349.
num_purges: 0.
num_inconsistent_stats: 0.

CodeHeap 'non-profiled nmethods': size=120032Kb used=1003Kb max_used=1003Kb free=119029Kb
 bounds [0x0000000116144000, 0x00000001163b4000, 0x000000011d67c000]
CodeHeap 'profiled nmethods': size=120016Kb used=4868Kb max_used=4868Kb free=115147Kb
 bounds [0x000000010ec10000, 0x000000010f0e0000, 0x0000000116144000]
CodeHeap 'non-nmethods': size=5712Kb used=1555Kb max_used=1590Kb free=4156Kb
 bounds [0x000000010e67c000, 0x000000010e8ec000, 0x000000010ec10000]
 total_blobs=2955 nmethods=1953 adapters=918
 compilation: enabled
              stopped_count=0, restarted_count=0
 full_count=0

Compilation events (20 events):
Event: 3.893 Thread 0x00000001578e0e00 nmethod 1985 0x000000010f0c9090 code [0x000000010f0c9280, 0x000000010f0c9588]
Event: 3.893 Thread 0x00000001578e0e00 1987       3       pucks.glrender$update_globals::invoke (4 bytes)
Event: 3.894 Thread 0x00000001578e0e00 nmethod 1987 0x000000010f0c9710 code [0x000000010f0c98c0, 0x000000010f0c9a58]
Event: 3.894 Thread 0x00000001578e0e00 1988       3       pucks.glrender$update_globals::invokeStatic (289 bytes)
Event: 3.895 Thread 0x00000001578e0e00 nmethod 1988 0x000000010f0c9b10 code [0x000000010f0ca1c0, 0x000000010f0cd158]
Event: 3.904 Thread 0x00000001578e0e00 1989       3       org.lwjgl.glfw.GLFW::glfwPollEvents (9 bytes)
Event: 3.905 Thread 0x00000001578e0e00 nmethod 1989 0x000000010f0cde10 code [0x000000010f0cdfc0, 0x000000010f0ce118]
Event: 3.929 Thread 0x00000001578dfe00 1990       4       clojure.lang.Numbers$LongOps::opsWith (2 bytes)
Event: 3.930 Thread 0x00000001578dfe00 nmethod 1990 0x000000011623d710 code [0x000000011623d880, 0x000000011623d920]
Event: 4.031 Thread 0x00000001578dfe00 1991       4       clojure.lang.Numbers::ops (89 bytes)
Event: 4.032 Thread 0x00000001578dfe00 nmethod 1991 0x000000011623da10 code [0x000000011623dbc0, 0x000000011623dcd0]
Event: 4.055 Thread 0x00000001578dfe00 1992   !   4       clojure.lang.ARef::validate (46 bytes)
Event: 4.056 Thread 0x00000001578dfe00 nmethod 1992 0x000000011623de10 code [0x000000011623df80, 0x000000011623e030]
Event: 4.194 Thread 0x00000001578dfe00 1993       4       clojure.lang.ArraySeq::next (41 bytes)
Event: 4.197 Thread 0x00000001578dfe00 nmethod 1993 0x000000011623e110 code [0x000000011623e2c0, 0x000000011623e500]
Event: 4.349 Thread 0x00000001578dfe00 1994       4       java.lang.PublicMethods$Key::hashCode (19 bytes)
Event: 4.353 Thread 0x00000001578dfe00 nmethod 1994 0x000000011623e610 code [0x000000011623e7c0, 0x000000011623ea30]
Event: 4.360 Thread 0x00000001578e0e00 1995       3       java.lang.reflect.AccessibleObject::slowVerifyAccess (67 bytes)
Event: 4.360 Thread 0x00000001578e0e00 nmethod 1995 0x000000010f0ce210 code [0x000000010f0ce480, 0x000000010f0cec38]
Event: 4.360 Thread 0x00000001578e0e00 1996       3       java.lang.reflect.Field::getInt (29 bytes)

GC Heap History (4 events):
Event: 0.185 GC heap before
{Heap before GC invocations=0 (full 0):
 garbage-first heap   total 266240K, used 22496K [0x0000000700000000, 0x0000000800000000)
  region size 2048K, 11 young (22528K), 0 survivors (0K)
 Metaspace       used 5705K, committed 5824K, reserved 1056768K
  class space    used 1212K, committed 1280K, reserved 1048576K
}
Event: 0.187 GC heap after
{Heap after GC invocations=1 (full 0):
 garbage-first heap   total 266240K, used 5779K [0x0000000700000000, 0x0000000800000000)
  region size 2048K, 2 young (4096K), 2 survivors (4096K)
 Metaspace       used 5705K, committed 5824K, reserved 1056768K
  class space    used 1212K, committed 1280K, reserved 1048576K
}
Event: 0.340 GC heap before
{Heap before GC invocations=1 (full 0):
 garbage-first heap   total 266240K, used 36499K [0x0000000700000000, 0x0000000800000000)
  region size 2048K, 17 young (34816K), 2 survivors (4096K)
 Metaspace       used 10632K, committed 10816K, reserved 1064960K
  class space    used 2352K, committed 2432K, reserved 1048576K
}
Event: 0.343 GC heap after
{Heap after GC invocations=2 (full 0):
 garbage-first heap   total 266240K, used 7633K [0x0000000700000000, 0x0000000800000000)
  region size 2048K, 1 young (2048K), 1 survivors (2048K)
 Metaspace       used 10632K, committed 10816K, reserved 1064960K
  class space    used 2352K, committed 2432K, reserved 1048576K
}

Deoptimization events (20 events):
Event: 0.605 Thread 0x000000015800a600 Uncommon trap: trap_request=0xffffffc6 fr.pc=0x0000000116217ae0 relative=0x0000000000000160
Event: 0.605 Thread 0x000000015800a600 Uncommon trap: reason=bimorphic_or_optimized_type_check action=maybe_recompile pc=0x0000000116217ae0 method=java.util.regex.Pattern$CharPredicate.lambda$negate$3(I)Z @ 2 c2
Event: 0.605 Thread 0x000000015800a600 DEOPT PACKING pc=0x0000000116217ae0 sp=0x000000016afdfd90
Event: 0.605 Thread 0x000000015800a600 DEOPT UNPACKING pc=0x000000010e6bad1c sp=0x000000016afdfcb0 mode 2
Event: 0.631 Thread 0x000000015800a600 Uncommon trap: trap_request=0xffffffde fr.pc=0x00000001162244e8 relative=0x00000000000000a8
Event: 0.631 Thread 0x000000015800a600 Uncommon trap: reason=class_check action=maybe_recompile pc=0x00000001162244e8 method=clojure.lang.RT.longCast(Ljava/lang/Object;)J @ 8 c2
Event: 0.631 Thread 0x000000015800a600 DEOPT PACKING pc=0x00000001162244e8 sp=0x000000016afe0070
Event: 0.631 Thread 0x000000015800a600 DEOPT UNPACKING pc=0x000000010e6bad1c sp=0x000000016afdfff0 mode 2
Event: 0.631 Thread 0x000000015800a600 Uncommon trap: trap_request=0xffffffde fr.pc=0x00000001162244e8 relative=0x00000000000000a8
Event: 0.631 Thread 0x000000015800a600 Uncommon trap: reason=class_check action=maybe_recompile pc=0x00000001162244e8 method=clojure.lang.RT.longCast(Ljava/lang/Object;)J @ 8 c2
Event: 0.631 Thread 0x000000015800a600 DEOPT PACKING pc=0x00000001162244e8 sp=0x000000016afe0070
Event: 0.631 Thread 0x000000015800a600 DEOPT UNPACKING pc=0x000000010e6bad1c sp=0x000000016afdfff0 mode 2
Event: 0.650 Thread 0x000000015800a600 Uncommon trap: trap_request=0xffffffde fr.pc=0x00000001162244e8 relative=0x00000000000000a8
Event: 0.650 Thread 0x000000015800a600 Uncommon trap: reason=class_check action=maybe_recompile pc=0x00000001162244e8 method=clojure.lang.RT.longCast(Ljava/lang/Object;)J @ 8 c2
Event: 0.650 Thread 0x000000015800a600 DEOPT PACKING pc=0x00000001162244e8 sp=0x000000016afe0070
Event: 0.650 Thread 0x000000015800a600 DEOPT UNPACKING pc=0x000000010e6bad1c sp=0x000000016afdfff0 mode 2
Event: 0.650 Thread 0x000000015800a600 Uncommon trap: trap_request=0xffffffde fr.pc=0x00000001162244e8 relative=0x00000000000000a8
Event: 0.650 Thread 0x000000015800a600 Uncommon trap: reason=class_check action=maybe_recompile pc=0x00000001162244e8 method=clojure.lang.RT.longCast(Ljava/lang/Object;)J @ 8 c2
Event: 0.650 Thread 0x000000015800a600 DEOPT PACKING pc=0x00000001162244e8 sp=0x000000016afe0070
Event: 0.650 Thread 0x000000015800a600 DEOPT UNPACKING pc=0x000000010e6bad1c sp=0x000000016afdfff0 mode 2

Classes unloaded (0 events):
No events

Classes redefined (0 events):
No events

Internal exceptions (20 events):
Event: 0.299 Thread 0x000000015800a600 Exception <a 'java/lang/NoSuchMethodError'{0x000000070e38c190}: 'java.lang.Object java.lang.invoke.DirectMethodHandle$Holder.invokeStatic(java.lang.Object, java.lang.Object, java.lang.Object, java.lang.Object, int)'> (0x000000070e38c190) 
thrown [open/src/hotspot/share/interpreter/linkResolver.cpp, line 766]
Event: 0.409 Thread 0x000000015800a600 Exception <a 'java/lang/NoSuchMethodError'{0x000000070f9e6e00}: 'java.lang.Object java.lang.invoke.DirectMethodHandle$Holder.invokeInterface(java.lang.Object, java.lang.Object)'> (0x000000070f9e6e00) 
thrown [open/src/hotspot/share/interpreter/linkResolver.cpp, line 766]
Event: 0.410 Thread 0x000000015800a600 Exception <a 'java/lang/IncompatibleClassChangeError'{0x000000070f9ea5f8}: Found class java.lang.Object, but interface was expected> (0x000000070f9ea5f8) 
thrown [open/src/hotspot/share/interpreter/linkResolver.cpp, line 833]
Event: 0.413 Thread 0x000000015800a600 Implicit null exception at 0x00000001161fe8fc to 0x00000001161ff02c
Event: 0.440 Thread 0x000000015800a600 Exception <a 'java/lang/NoSuchMethodError'{0x000000070f2996f0}: 'int java.lang.invoke.Invokers$Holder.invoke_MT(java.lang.Object, java.lang.Object, java.lang.Object, java.lang.Object)'> (0x000000070f2996f0) 
thrown [open/src/hotspot/share/interpreter/linkResolver.cpp, line 766]
Event: 0.440 Thread 0x000000015800a600 Exception <a 'java/lang/NoSuchMethodError'{0x000000070f29ddb0}: 'java.lang.Object java.lang.invoke.Invokers$Holder.invokeExact_MT(java.lang.Object, java.lang.Object, java.lang.Object)'> (0x000000070f29ddb0) 
thrown [open/src/hotspot/share/interpreter/linkResolver.cpp, line 766]
Event: 0.471 Thread 0x000000015800a600 Exception <a 'java/lang/NoSuchMethodError'{0x000000070ea96eb8}: 'java.lang.Object java.lang.invoke.DirectMethodHandle$Holder.invokeStaticInit(java.lang.Object)'> (0x000000070ea96eb8) 
thrown [open/src/hotspot/share/interpreter/linkResolver.cpp, line 766]
Event: 0.474 Thread 0x000000015800a600 Exception <a 'java/lang/NoSuchMethodError'{0x000000070ead9ba0}: 'void java.lang.invoke.DirectMethodHandle$Holder.invokeStatic(java.lang.Object, java.lang.Object)'> (0x000000070ead9ba0) 
thrown [open/src/hotspot/share/interpreter/linkResolver.cpp, line 766]
Event: 0.474 Thread 0x000000015800a600 Exception <a 'java/lang/NoSuchMethodError'{0x000000070eaddb08}: 'void java.lang.invoke.DirectMethodHandle$Holder.invokeSpecial(java.lang.Object, java.lang.Object, java.lang.Object)'> (0x000000070eaddb08) 
thrown [open/src/hotspot/share/interpreter/linkResolver.cpp, line 766]
Event: 0.481 Thread 0x000000015800a600 Exception <a 'sun/nio/fs/UnixException'{0x000000070eb37ae0}> (0x000000070eb37ae0) 
thrown [open/src/hotspot/share/prims/jni.cpp, line 516]
Event: 0.483 Thread 0x000000015800a600 Exception <a 'java/lang/NoSuchMethodError'{0x000000070eb4d720}: 'int java.lang.invoke.DirectMethodHandle$Holder.invokeStaticInit(java.lang.Object, java.lang.Object, int, long)'> (0x000000070eb4d720) 
thrown [open/src/hotspot/share/interpreter/linkResolver.cpp, line 766]
Event: 0.484 Thread 0x000000015800a600 Exception <a 'java/lang/NoSuchMethodError'{0x000000070eb53538}: 'java.lang.Object java.lang.invoke.DirectMethodHandle$Holder.newInvokeSpecial(java.lang.Object, java.lang.Object, int)'> (0x000000070eb53538) 
thrown [open/src/hotspot/share/interpreter/linkResolver.cpp, line 766]
Event: 0.484 Thread 0x000000015800a600 Exception <a 'java/lang/NoSuchMethodError'{0x000000070eb63528}: 'int java.lang.invoke.DirectMethodHandle$Holder.invokeStaticInit(java.lang.Object, java.lang.Object, long, long)'> (0x000000070eb63528) 
thrown [open/src/hotspot/share/interpreter/linkResolver.cpp, line 766]
Event: 0.484 Thread 0x000000015800a600 Exception <a 'java/lang/NoSuchMethodError'{0x000000070eb69b88}: 'java.lang.Object java.lang.invoke.DirectMethodHandle$Holder.newInvokeSpecial(java.lang.Object, java.lang.Object, long)'> (0x000000070eb69b88) 
thrown [open/src/hotspot/share/interpreter/linkResolver.cpp, line 766]
Event: 0.485 Thread 0x000000015800a600 Exception <a 'java/lang/NoSuchMethodError'{0x000000070eb6e120}: 'java.lang.Object java.lang.invoke.Invokers$Holder.linkToTargetMethod(java.lang.Object, long, java.lang.Object)'> (0x000000070eb6e120) 
thrown [open/src/hotspot/share/interpreter/linkResolver.cpp, line 766]
Event: 0.485 Thread 0x000000015800a600 Exception <a 'java/lang/NoSuchMethodError'{0x000000070eb75ae0}: 'int java.lang.invoke.DirectMethodHandle$Holder.invokeStaticInit(java.lang.Object, java.lang.Object, java.lang.Object, long)'> (0x000000070eb75ae0) 
thrown [open/src/hotspot/share/interpreter/linkResolver.cpp, line 766]
Event: 0.489 Thread 0x000000015800a600 Exception <a 'sun/nio/fs/UnixException'{0x000000070ebde5d8}> (0x000000070ebde5d8) 
thrown [open/src/hotspot/share/prims/jni.cpp, line 516]
Event: 0.495 Thread 0x000000015800a600 Exception <a 'sun/nio/fs/UnixException'{0x000000070e85e050}> (0x000000070e85e050) 
thrown [open/src/hotspot/share/prims/jni.cpp, line 516]
Event: 0.597 Thread 0x000000015800a600 Implicit null exception at 0x0000000116207b20 to 0x0000000116207c9c
Event: 0.603 Thread 0x000000015800a600 Exception <a 'sun/nio/fs/UnixException'{0x000000070e88e220}> (0x000000070e88e220) 
thrown [open/src/hotspot/share/prims/jni.cpp, line 516]

VM Operations (20 events):
Event: 0.423 Executing VM operation: ICBufferFull
Event: 0.423 Executing VM operation: ICBufferFull done
Event: 0.424 Executing VM operation: ICBufferFull
Event: 0.425 Executing VM operation: ICBufferFull done
Event: 0.425 Executing VM operation: ICBufferFull
Event: 0.426 Executing VM operation: ICBufferFull done
Event: 0.426 Executing VM operation: ICBufferFull
Event: 0.426 Executing VM operation: ICBufferFull done
Event: 0.427 Executing VM operation: ICBufferFull
Event: 0.427 Executing VM operation: ICBufferFull done
Event: 0.427 Executing VM operation: ICBufferFull
Event: 0.427 Executing VM operation: ICBufferFull done
Event: 0.427 Executing VM operation: ICBufferFull
Event: 0.427 Executing VM operation: ICBufferFull done
Event: 0.448 Executing VM operation: ICBufferFull
Event: 0.448 Executing VM operation: ICBufferFull done
Event: 1.449 Executing VM operation: Cleanup
Event: 1.449 Executing VM operation: Cleanup done
Event: 2.451 Executing VM operation: Cleanup
Event: 2.452 Executing VM operation: Cleanup done

Events (20 events):
Event: 0.482 loading class sun/misc/Unsafe done
Event: 0.483 loading class jdk/internal/reflect/UnsafeFieldAccessorFactory
Event: 0.483 loading class jdk/internal/reflect/UnsafeFieldAccessorFactory done
Event: 0.483 loading class jdk/internal/reflect/UnsafeQualifiedStaticObjectFieldAccessorImpl
Event: 0.483 loading class jdk/internal/reflect/UnsafeQualifiedStaticFieldAccessorImpl
Event: 0.483 loading class jdk/internal/reflect/UnsafeQualifiedStaticFieldAccessorImpl done
Event: 0.483 loading class jdk/internal/reflect/UnsafeQualifiedStaticObjectFieldAccessorImpl done
Event: 0.483 loading class java/util/function/LongPredicate
Event: 0.483 loading class java/util/function/LongPredicate done
Event: 0.484 loading class jdk/internal/access/foreign/MemorySegmentProxy
Event: 0.484 loading class jdk/internal/access/foreign/MemorySegmentProxy done
Event: 0.485 loading class java/nio/InvalidMarkException
Event: 0.485 loading class java/nio/InvalidMarkException done
Event: 0.485 loading class java/nio/BufferUnderflowException
Event: 0.485 loading class java/nio/BufferUnderflowException done
Event: 0.490 loading class jdk/internal/reflect/UnsafeQualifiedStaticIntegerFieldAccessorImpl
Event: 0.490 loading class jdk/internal/reflect/UnsafeQualifiedStaticIntegerFieldAccessorImpl done
Event: 0.598 Protecting memory [0x000000016d45c000,0x000000016d468000] with protection modes 3
Event: 0.598 Thread 0x00000001400eb800 Thread exited: 0x00000001400eb800
Event: 0.604 Loaded shared library /private/var/folders/b7/8gchdr29163fj3sl6cjqn0_m0000gn/T/lwjgltiodargy/3.3.1-build-7/liblwjgl_opengl.dylib


Dynamic libraries:
0x0000000104f4c000 	/Library/Java/JavaVirtualMachines/jdk-17.0.2.jdk/Contents/Home/lib/libjli.dylib
0x00000001ae184000 	/usr/lib/libz.1.dylib
0x00000001ae23b000 	/usr/lib/libSystem.B.dylib
0x00000001ae235000 	/usr/lib/system/libcache.dylib
0x00000001ae1f3000 	/usr/lib/system/libcommonCrypto.dylib
0x00000001ae21c000 	/usr/lib/system/libcompiler_rt.dylib
0x00000001ae213000 	/usr/lib/system/libcopyfile.dylib
0x00000001a347b000 	/usr/lib/system/libcorecrypto.dylib
0x00000001a352e000 	/usr/lib/system/libdispatch.dylib
0x00000001a36fc000 	/usr/lib/system/libdyld.dylib
0x00000001ae22b000 	/usr/lib/system/libkeymgr.dylib
0x00000001ae1ce000 	/usr/lib/system/libmacho.dylib
0x00000001ad8c3000 	/usr/lib/system/libquarantine.dylib
0x00000001ae228000 	/usr/lib/system/libremovefile.dylib
0x00000001a8864000 	/usr/lib/system/libsystem_asl.dylib
0x00000001a341d000 	/usr/lib/system/libsystem_blocks.dylib
0x00000001a35b6000 	/usr/lib/system/libsystem_c.dylib
0x00000001ae220000 	/usr/lib/system/libsystem_collections.dylib
0x00000001acd51000 	/usr/lib/system/libsystem_configuration.dylib
0x00000001abfad000 	/usr/lib/system/libsystem_containermanager.dylib
0x00000001adf30000 	/usr/lib/system/libsystem_coreservices.dylib
0x00000001a5e24000 	/usr/lib/system/libsystem_darwin.dylib
0x00000001ae22c000 	/usr/lib/system/libsystem_dnssd.dylib
0x00000001a35b3000 	/usr/lib/system/libsystem_featureflags.dylib
0x00000001a3711000 	/usr/lib/system/libsystem_info.dylib
0x00000001ae196000 	/usr/lib/system/libsystem_m.dylib
0x00000001a3503000 	/usr/lib/system/libsystem_malloc.dylib
0x00000001a87f3000 	/usr/lib/system/libsystem_networkextension.dylib
0x00000001a627d000 	/usr/lib/system/libsystem_notify.dylib
0x00000001b4579000 	/usr/lib/system/libsystem_product_info_filter.dylib
0x00000001acd56000 	/usr/lib/system/libsystem_sandbox.dylib
0x00000001ae225000 	/usr/lib/system/libsystem_secinit.dylib
0x00000001a36b7000 	/usr/lib/system/libsystem_kernel.dylib
0x00000001a3709000 	/usr/lib/system/libsystem_platform.dylib
0x00000001a36ef000 	/usr/lib/system/libsystem_pthread.dylib
0x00000001a9fbc000 	/usr/lib/system/libsystem_symptoms.dylib
0x00000001a3461000 	/usr/lib/system/libsystem_trace.dylib
0x00000001ae200000 	/usr/lib/system/libunwind.dylib
0x00000001a341f000 	/usr/lib/system/libxpc.dylib
0x00000001a369f000 	/usr/lib/libc++abi.dylib
0x00000001a3575000 	/usr/lib/libobjc.A.dylib
0x00000001ae20b000 	/usr/lib/liboah.dylib
0x00000001a3638000 	/usr/lib/libc++.1.dylib
0x00000001ba092000 	/System/Library/Frameworks/Cocoa.framework/Versions/A/Cocoa
0x00000001a62de000 	/System/Library/Frameworks/AppKit.framework/Versions/C/AppKit
0x00000001a97e4000 	/System/Library/Frameworks/CoreData.framework/Versions/A/CoreData
0x00000001a4639000 	/System/Library/Frameworks/Foundation.framework/Versions/C/Foundation
0x00000001a7196000 	/System/Library/PrivateFrameworks/UIFoundation.framework/Versions/A/UIFoundation
0x00000001b4273000 	/System/Library/PrivateFrameworks/RemoteViewServices.framework/Versions/A/RemoteViewServices
0x00000001ac6f9000 	/System/Library/PrivateFrameworks/XCTTargetBootstrap.framework/Versions/A/XCTTargetBootstrap
0x00000001aff77000 	/System/Library/PrivateFrameworks/InternationalSupport.framework/Versions/A/InternationalSupport
0x00000001b0000000 	/System/Library/PrivateFrameworks/UserActivity.framework/Versions/A/UserActivity
0x00000001af472000 	/usr/lib/libspindump.dylib
0x00000001a7407000 	/System/Library/Frameworks/UniformTypeIdentifiers.framework/Versions/A/UniformTypeIdentifiers
0x00000001aac44000 	/usr/lib/libapp_launch_measurement.dylib
0x00000001aa16e000 	/System/Library/PrivateFrameworks/CoreAnalytics.framework/Versions/A/CoreAnalytics
0x00000001aac47000 	/System/Library/PrivateFrameworks/CoreAutoLayout.framework/Versions/A/CoreAutoLayout
0x00000001abfea000 	/System/Library/Frameworks/Metal.framework/Versions/A/Metal
0x00000001acd61000 	/usr/lib/liblangid.dylib
0x00000001ac6fe000 	/System/Library/PrivateFrameworks/CoreSVG.framework/Versions/A/CoreSVG
0x00000001a8898000 	/System/Library/PrivateFrameworks/SkyLight.framework/Versions/A/SkyLight
0x00000001a8c6d000 	/System/Library/Frameworks/CoreGraphics.framework/Versions/A/CoreGraphics
0x00000001b493f000 	/System/Library/Frameworks/Accelerate.framework/Versions/A/Accelerate
0x00000001aeee9000 	/System/Library/PrivateFrameworks/IconServices.framework/Versions/A/IconServices
0x00000001abfcc000 	/System/Library/Frameworks/IOSurface.framework/Versions/A/IOSurface
0x00000001aa19f000 	/usr/lib/libDiagnosticMessagesClient.dylib
0x00000001b7e40000 	/System/Library/Frameworks/ApplicationServices.framework/Versions/A/ApplicationServices
0x00000001ac6e1000 	/System/Library/PrivateFrameworks/DFRFoundation.framework/Versions/A/DFRFoundation
0x00000001a5b6e000 	/usr/lib/libicucore.A.dylib
0x00000001b0e23000 	/System/Library/Frameworks/AudioToolbox.framework/Versions/A/AudioToolbox
0x00000001aff83000 	/System/Library/PrivateFrameworks/DataDetectorsCore.framework/Versions/A/DataDetectorsCore
0x00000001c68c3000 	/System/Library/PrivateFrameworks/TextInput.framework/Versions/A/TextInput
0x00000001a880d000 	/usr/lib/libMobileGestalt.dylib
0x00000001ac3ad000 	/System/Library/Frameworks/Carbon.framework/Versions/A/Frameworks/HIToolbox.framework/Versions/A/HIToolbox
0x00000001aa620000 	/System/Library/Frameworks/QuartzCore.framework/Versions/A/QuartzCore
0x00000001a57f1000 	/System/Library/Frameworks/Security.framework/Versions/A/Security
0x00000001b42b3000 	/System/Library/Frameworks/Carbon.framework/Versions/A/Frameworks/SpeechRecognition.framework/Versions/A/SpeechRecognition
0x00000001aa99a000 	/System/Library/PrivateFrameworks/CoreUI.framework/Versions/A/CoreUI
0x00000001a50ce000 	/System/Library/Frameworks/CoreAudio.framework/Versions/A/CoreAudio
0x00000001aa294000 	/System/Library/Frameworks/DiskArbitration.framework/Versions/A/DiskArbitration
0x00000001af87c000 	/System/Library/PrivateFrameworks/MultitouchSupport.framework/Versions/A/MultitouchSupport
0x00000001a880b000 	/usr/lib/libenergytrace.dylib
0x00000001a61a6000 	/System/Library/Frameworks/IOKit.framework/Versions/A/IOKit
0x00000001b46a2000 	/System/Library/Frameworks/CoreServices.framework/Versions/A/CoreServices
0x00000001aabd4000 	/System/Library/PrivateFrameworks/PerformanceAnalysis.framework/Versions/A/PerformanceAnalysis
0x0000000204bab000 	/System/Library/Frameworks/OpenGL.framework/Versions/A/OpenGL
0x00000001ad7db000 	/System/Library/PrivateFrameworks/MobileKeyBag.framework/Versions/A/MobileKeyBag
0x00000001a927a000 	/System/Library/Frameworks/ColorSync.framework/Versions/A/ColorSync
0x00000001a373e000 	/System/Library/Frameworks/CoreFoundation.framework/Versions/A/CoreFoundation
0x00000001ac97d000 	/System/Library/Frameworks/CoreImage.framework/Versions/A/CoreImage
0x00000001a4ef2000 	/System/Library/Frameworks/CoreText.framework/Versions/A/CoreText
0x00000001ac72e000 	/System/Library/Frameworks/ImageIO.framework/Versions/A/ImageIO
0x00000001ae241000 	/System/Library/PrivateFrameworks/SoftLinking.framework/Versions/A/SoftLinking
0x00000001aac92000 	/usr/lib/libxml2.2.dylib
0x00000001ae4da000 	/usr/lib/libcompression.dylib
0x00000001afed3000 	/System/Library/PrivateFrameworks/TextureIO.framework/Versions/A/TextureIO
0x00000001aec02000 	/usr/lib/libate.dylib
0x00000001aeac7000 	/usr/lib/liblzma.5.dylib
0x00000001a432d000 	/System/Library/Frameworks/SystemConfiguration.framework/Versions/A/SystemConfiguration
0x00000001ae23d000 	/usr/lib/libfakelink.dylib
0x00000001a833f000 	/System/Library/Frameworks/CFNetwork.framework/Versions/A/CFNetwork
0x00000001ae383000 	/usr/lib/libarchive.2.dylib
0x00000001acd5d000 	/System/Library/PrivateFrameworks/AppleSystemInfo.framework/Versions/A/AppleSystemInfo
0x00000001ad8ee000 	/usr/lib/libbsm.0.dylib
0x00000001a78b0000 	/usr/lib/libnetwork.dylib
0x00000001ae1d7000 	/usr/lib/system/libkxld.dylib
0x00000001ad501000 	/System/Library/PrivateFrameworks/IOMobileFramebuffer.framework/Versions/A/IOMobileFramebuffer
0x00000002224d7000 	/usr/lib/libCoreEntitlements.dylib
0x00000001adf12000 	/System/Library/PrivateFrameworks/AppleFSCompression.framework/Versions/A/AppleFSCompression
0x00000001ad8d6000 	/usr/lib/libcoretls.dylib
0x00000001aeae0000 	/usr/lib/libcoretls_cfhelpers.dylib
0x00000001ae4d5000 	/usr/lib/libpam.2.dylib
0x00000001a9bd3000 	/usr/lib/libsqlite3.dylib
0x00000001aeb49000 	/usr/lib/libxar.1.dylib
0x00000001adf23000 	/usr/lib/libbz2.1.0.dylib
0x00000001ae242000 	/usr/lib/libpcap.A.dylib
0x00000001a9fb3000 	/usr/lib/libdns_services.dylib
0x00000001ae4a8000 	/usr/lib/libapple_nghttp2.dylib
0x00000001ae27f000 	/usr/lib/libiconv.2.dylib
0x00000001ae1cd000 	/usr/lib/libcharset.1.dylib
0x00000001aac10000 	/System/Library/Frameworks/CoreServices.framework/Versions/A/Frameworks/FSEvents.framework/Versions/A/FSEvents
0x00000001a5e2f000 	/System/Library/Frameworks/CoreServices.framework/Versions/A/Frameworks/CarbonCore.framework/Versions/A/CarbonCore
0x00000001aa1f4000 	/System/Library/Frameworks/CoreServices.framework/Versions/A/Frameworks/Metadata.framework/Versions/A/Metadata
0x00000001adf36000 	/System/Library/Frameworks/CoreServices.framework/Versions/A/Frameworks/OSServices.framework/Versions/A/OSServices
0x00000001ae409000 	/System/Library/Frameworks/CoreServices.framework/Versions/A/Frameworks/SearchKit.framework/Versions/A/SearchKit
0x00000001a9f42000 	/System/Library/Frameworks/CoreServices.framework/Versions/A/Frameworks/AE.framework/Versions/A/AE
0x00000001a3c84000 	/System/Library/Frameworks/CoreServices.framework/Versions/A/Frameworks/LaunchServices.framework/Versions/A/LaunchServices
0x00000001aea70000 	/System/Library/Frameworks/CoreServices.framework/Versions/A/Frameworks/DictionaryServices.framework/Versions/A/DictionaryServices
0x00000001aac1d000 	/System/Library/Frameworks/CoreServices.framework/Versions/A/Frameworks/SharedFileList.framework/Versions/A/SharedFileList
0x00000001ad8c6000 	/usr/lib/libCheckFix.dylib
0x00000001a887c000 	/System/Library/PrivateFrameworks/TCC.framework/Versions/A/TCC
0x00000001acd63000 	/System/Library/PrivateFrameworks/CoreNLP.framework/Versions/A/CoreNLP
0x00000001aa1a2000 	/System/Library/PrivateFrameworks/MetadataUtilities.framework/Versions/A/MetadataUtilities
0x00000001a43e6000 	/usr/lib/libmecabra.dylib
0x00000001ad8ff000 	/usr/lib/libmecab.dylib
0x00000001a43b2000 	/usr/lib/libCRFSuite.dylib
0x00000001ad95c000 	/usr/lib/libgermantok.dylib
0x00000001ae481000 	/usr/lib/libThaiTokenizer.dylib
0x00000001aa29c000 	/System/Library/Frameworks/Accelerate.framework/Versions/A/Frameworks/vImage.framework/Versions/A/vImage
0x00000001b4679000 	/System/Library/Frameworks/Accelerate.framework/Versions/A/Frameworks/vecLib.framework/Versions/A/vecLib
0x00000001aeb8e000 	/System/Library/Frameworks/Accelerate.framework/Versions/A/Frameworks/vecLib.framework/Versions/A/libvMisc.dylib
0x00000001ad408000 	/System/Library/Frameworks/Accelerate.framework/Versions/A/Frameworks/vecLib.framework/Versions/A/libvDSP.dylib
0x00000001a400d000 	/System/Library/Frameworks/Accelerate.framework/Versions/A/Frameworks/vecLib.framework/Versions/A/libBLAS.dylib
0x00000001ae5ab000 	/System/Library/Frameworks/Accelerate.framework/Versions/A/Frameworks/vecLib.framework/Versions/A/libLAPACK.dylib
0x00000001ad95f000 	/System/Library/Frameworks/Accelerate.framework/Versions/A/Frameworks/vecLib.framework/Versions/A/libLinearAlgebra.dylib
0x00000001ae4c0000 	/System/Library/Frameworks/Accelerate.framework/Versions/A/Frameworks/vecLib.framework/Versions/A/libSparseBLAS.dylib
0x00000001ae5a6000 	/System/Library/Frameworks/Accelerate.framework/Versions/A/Frameworks/vecLib.framework/Versions/A/libQuadrature.dylib
0x00000001ace5c000 	/System/Library/Frameworks/Accelerate.framework/Versions/A/Frameworks/vecLib.framework/Versions/A/libBNNS.dylib
0x00000001a42cb000 	/System/Library/Frameworks/Accelerate.framework/Versions/A/Frameworks/vecLib.framework/Versions/A/libSparse.dylib
0x00000001ace54000 	/System/Library/PrivateFrameworks/LinguisticData.framework/Versions/A/LinguisticData
0x00000001a4283000 	/System/Library/PrivateFrameworks/Lexicon.framework/Versions/A/Lexicon
0x00000001aeb86000 	/usr/lib/libChineseTokenizer.dylib
0x00000001a4a2a000 	/System/Library/PrivateFrameworks/LanguageModeling.framework/Versions/A/LanguageModeling
0x00000001ae483000 	/System/Library/PrivateFrameworks/AppleSauce.framework/Versions/A/AppleSauce
0x00000001ad4ee000 	/System/Library/PrivateFrameworks/CoreEmoji.framework/Versions/A/CoreEmoji
0x00000001ae371000 	/usr/lib/libcmph.dylib
0x00000001aabf0000 	/System/Library/Frameworks/OpenDirectory.framework/Versions/A/Frameworks/CFOpenDirectory.framework/Versions/A/CFOpenDirectory
0x00000001aabe0000 	/System/Library/Frameworks/OpenDirectory.framework/Versions/A/OpenDirectory
0x00000001aeae2000 	/System/Library/PrivateFrameworks/APFS.framework/Versions/A/APFS
0x00000001ad816000 	/System/Library/Frameworks/SecurityFoundation.framework/Versions/A/SecurityFoundation
0x00000001aeb58000 	/usr/lib/libutil.dylib
0x00000001a6168000 	/System/Library/PrivateFrameworks/CoreServicesStore.framework/Versions/A/CoreServicesStore
0x00000001aeb5c000 	/usr/lib/libxslt.1.dylib
0x00000001ad8aa000 	/System/Library/PrivateFrameworks/BackgroundTaskManagement.framework/Versions/A/BackgroundTaskManagement
0x00000001afdf4000 	/System/Library/Frameworks/ImageIO.framework/Versions/A/Resources/libRadiance.dylib
0x00000001afdfd000 	/System/Library/Frameworks/ImageIO.framework/Versions/A/Resources/libJPEG.dylib
0x00000001afd50000 	/System/Library/Frameworks/ImageIO.framework/Versions/A/Resources/libPng.dylib
0x00000001afd72000 	/System/Library/Frameworks/ImageIO.framework/Versions/A/Resources/libTIFF.dylib
0x00000001afe58000 	/System/Library/Frameworks/ImageIO.framework/Versions/A/Resources/libGIF.dylib
0x00000001af78c000 	/System/Library/Frameworks/ImageIO.framework/Versions/A/Resources/libJP2.dylib
0x00000001aeeae000 	/usr/lib/libexpat.1.dylib
0x00000001af747000 	/System/Library/PrivateFrameworks/AppleJPEG.framework/Versions/A/AppleJPEG
0x00000001ac269000 	/System/Library/PrivateFrameworks/FontServices.framework/libFontParser.dylib
0x00000001a9ee7000 	/System/Library/PrivateFrameworks/RunningBoardServices.framework/Versions/A/RunningBoardServices
0x00000001ba765000 	/System/Library/PrivateFrameworks/IOSurfaceAccelerator.framework/Versions/A/IOSurfaceAccelerator
0x00000001af878000 	/System/Library/PrivateFrameworks/WatchdogClient.framework/Versions/A/WatchdogClient
0x00000001a4b2e000 	/System/Library/Frameworks/CoreDisplay.framework/Versions/A/CoreDisplay
0x00000001ac153000 	/System/Library/Frameworks/CoreMedia.framework/Versions/A/CoreMedia
0x00000001abfe0000 	/System/Library/PrivateFrameworks/IOAccelerator.framework/Versions/A/IOAccelerator
0x00000001aad80000 	/System/Library/Frameworks/CoreVideo.framework/Versions/A/CoreVideo
0x00000001ae4d3000 	/System/Library/Frameworks/MetalPerformanceShaders.framework/Versions/A/MetalPerformanceShaders
0x00000001af8b7000 	/System/Library/Frameworks/VideoToolbox.framework/Versions/A/VideoToolbox
0x00000001a9e2b000 	/System/Library/PrivateFrameworks/BaseBoard.framework/Versions/A/BaseBoard
0x00000001a9bb9000 	/System/Library/PrivateFrameworks/ProtocolBuffer.framework/Versions/A/ProtocolBuffer
0x00000001afdef000 	/System/Library/PrivateFrameworks/GPUWrangler.framework/Versions/A/GPUWrangler
0x00000001afdcf000 	/System/Library/PrivateFrameworks/IOPresentment.framework/Versions/A/IOPresentment
0x00000001afdf7000 	/System/Library/PrivateFrameworks/DSExternalDisplay.framework/Versions/A/DSExternalDisplay
0x0000000204b9e000 	/System/Library/Frameworks/OpenGL.framework/Versions/A/Libraries/libCoreFSCache.dylib
0x000000020f05d000 	/System/Library/PrivateFrameworks/GPUCompiler.framework/Versions/31001/Libraries/libGPUCompilerUtils.dylib
0x00000001afe5d000 	/System/Library/PrivateFrameworks/CMCaptureCore.framework/Versions/A/CMCaptureCore
0x00000001af45f000 	/System/Library/PrivateFrameworks/AppServerSupport.framework/Versions/A/AppServerSupport
0x00000001b16e0000 	/System/Library/PrivateFrameworks/perfdata.framework/Versions/A/perfdata
0x00000001a4c4e000 	/System/Library/PrivateFrameworks/AudioToolboxCore.framework/Versions/A/AudioToolboxCore
0x00000001ac12c000 	/System/Library/PrivateFrameworks/caulk.framework/Versions/A/caulk
0x00000001b0fd5000 	/usr/lib/libAudioStatistics.dylib
0x00000001c2f2a000 	/System/Library/PrivateFrameworks/SystemPolicy.framework/Versions/A/SystemPolicy
0x00000001b1241000 	/usr/lib/libSMC.dylib
0x00000001b9f74000 	/System/Library/Frameworks/CoreMIDI.framework/Versions/A/CoreMIDI
0x00000001afd1e000 	/usr/lib/libAudioToolboxUtility.dylib
0x00000001beff7000 	/System/Library/PrivateFrameworks/OSAServicesClient.framework/Versions/A/OSAServicesClient
0x00000001b16ed000 	/usr/lib/libperfcheck.dylib
0x00000001c3a42000 	/usr/lib/libmis.dylib
0x0000000204c00000 	/System/Library/Frameworks/OpenGL.framework/Versions/A/Libraries/libGLU.dylib
0x0000000204bbf000 	/System/Library/Frameworks/OpenGL.framework/Versions/A/Libraries/libGFXShared.dylib
0x0000000204dac000 	/System/Library/Frameworks/OpenGL.framework/Versions/A/Libraries/libGL.dylib
0x0000000204bc8000 	/System/Library/Frameworks/OpenGL.framework/Versions/A/Libraries/libGLImage.dylib
0x0000000204bbc000 	/System/Library/Frameworks/OpenGL.framework/Versions/A/Libraries/libCVMSPluginSupport.dylib
0x0000000204ba5000 	/System/Library/Frameworks/OpenGL.framework/Versions/A/Libraries/libCoreVMClient.dylib
0x00000001accdd000 	/System/Library/Frameworks/MetalPerformanceShaders.framework/Versions/A/Frameworks/MPSCore.framework/Versions/A/MPSCore
0x00000001ade85000 	/System/Library/Frameworks/MetalPerformanceShaders.framework/Versions/A/Frameworks/MPSImage.framework/Versions/A/MPSImage
0x00000001ad974000 	/System/Library/Frameworks/MetalPerformanceShaders.framework/Versions/A/Frameworks/MPSNeuralNetwork.framework/Versions/A/MPSNeuralNetwork
0x00000001addad000 	/System/Library/Frameworks/MetalPerformanceShaders.framework/Versions/A/Frameworks/MPSMatrix.framework/Versions/A/MPSMatrix
0x00000001adb86000 	/System/Library/Frameworks/MetalPerformanceShaders.framework/Versions/A/Frameworks/MPSRayIntersector.framework/Versions/A/MPSRayIntersector
0x00000001addde000 	/System/Library/Frameworks/MetalPerformanceShaders.framework/Versions/A/Frameworks/MPSNDArray.framework/Versions/A/MPSNDArray
0x0000000206d17000 	/System/Library/Frameworks/MetalPerformanceShaders.framework/Versions/A/Frameworks/MPSFunctions.framework/Versions/A/MPSFunctions
0x00000001a3ee4000 	/System/Library/PrivateFrameworks/MetalTools.framework/Versions/A/MetalTools
0x00000001acd5b000 	/System/Library/PrivateFrameworks/AggregateDictionary.framework/Versions/A/AggregateDictionary
0x00000001aec93000 	/usr/lib/libIOReport.dylib
0x00000001b8f92000 	/System/Library/PrivateFrameworks/ASEProcessing.framework/Versions/A/ASEProcessing
0x00000001af008000 	/System/Library/PrivateFrameworks/FaceCore.framework/Versions/A/FaceCore
0x00000001aeffa000 	/System/Library/PrivateFrameworks/GraphVisualizer.framework/Versions/A/GraphVisualizer
0x000000020ef74000 	/System/Library/PrivateFrameworks/FontServices.framework/Versions/A/FontServices
0x00000001af41b000 	/System/Library/PrivateFrameworks/OTSVG.framework/Versions/A/OTSVG
0x00000001aa94a000 	/System/Library/Frameworks/ApplicationServices.framework/Versions/A/Frameworks/ATS.framework/Versions/A/Resources/libFontRegistry.dylib
0x00000001af468000 	/System/Library/PrivateFrameworks/FontServices.framework/libhvf.dylib
0x000000020ef75000 	/System/Library/PrivateFrameworks/FontServices.framework/libXTFontStaticRegistryData.dylib
0x0000000204f4d000 	/System/Library/Frameworks/OpenCL.framework/Versions/A/OpenCL
0x00000001aee62000 	/System/Library/PrivateFrameworks/AppleVA.framework/Versions/A/AppleVA
0x00000001b0ffd000 	/System/Library/Frameworks/ApplicationServices.framework/Versions/A/Frameworks/ATS.framework/Versions/A/ATS
0x00000001a9377000 	/System/Library/Frameworks/ApplicationServices.framework/Versions/A/Frameworks/HIServices.framework/Versions/A/HIServices
0x00000001afe67000 	/System/Library/Frameworks/ApplicationServices.framework/Versions/A/Frameworks/PrintCore.framework/Versions/A/PrintCore
0x00000001b1394000 	/System/Library/Frameworks/ApplicationServices.framework/Versions/A/Frameworks/QD.framework/Versions/A/QD
0x00000001b138c000 	/System/Library/Frameworks/ApplicationServices.framework/Versions/A/Frameworks/ColorSyncLegacy.framework/Versions/A/ColorSyncLegacy
0x00000001b0fe9000 	/System/Library/Frameworks/ApplicationServices.framework/Versions/A/Frameworks/SpeechSynthesis.framework/Versions/A/SpeechSynthesis
0x00000001afe28000 	/System/Library/Frameworks/ApplicationServices.framework/Versions/A/Frameworks/ATSUI.framework/Versions/A/ATSUI
0x00000001b1321000 	/usr/lib/libcups.2.dylib
0x00000001b16fb000 	/System/Library/Frameworks/Kerberos.framework/Versions/A/Kerberos
0x00000001b170c000 	/System/Library/Frameworks/GSS.framework/Versions/A/GSS
0x00000001b106d000 	/usr/lib/libresolv.9.dylib
0x00000001af477000 	/System/Library/PrivateFrameworks/Heimdal.framework/Versions/A/Heimdal
0x00000001b81c7000 	/System/Library/Frameworks/Kerberos.framework/Versions/A/Libraries/libHeimdalProxy.dylib
0x00000001a9fc5000 	/System/Library/Frameworks/Network.framework/Versions/A/Network
0x00000001aeec9000 	/usr/lib/libheimdal-asn1.dylib
0x00000001b175c000 	/System/Library/PrivateFrameworks/CommonAuth.framework/Versions/A/CommonAuth
0x00000001b0f63000 	/System/Library/PrivateFrameworks/AudioSession.framework/Versions/A/AudioSession
0x00000001aef5b000 	/System/Library/PrivateFrameworks/MediaExperience.framework/Versions/A/MediaExperience
0x00000001b0de9000 	/System/Library/PrivateFrameworks/AudioSession.framework/libSessionUtility.dylib
0x00000001b13a0000 	/System/Library/PrivateFrameworks/AudioResourceArbitration.framework/Versions/A/AudioResourceArbitration
0x00000001b5556000 	/System/Library/PrivateFrameworks/PowerLog.framework/Versions/A/PowerLog
0x00000001aeed3000 	/System/Library/PrivateFrameworks/IconFoundation.framework/Versions/A/IconFoundation
0x00000001b429f000 	/System/Library/PrivateFrameworks/SpeechRecognitionCore.framework/Versions/A/SpeechRecognitionCore
0x0000000105fb0000 	/Library/Java/JavaVirtualMachines/jdk-17.0.2.jdk/Contents/Home/lib/server/libjvm.dylib
0x0000000104fb0000 	/Library/Java/JavaVirtualMachines/jdk-17.0.2.jdk/Contents/Home/lib/libjimage.dylib
0x00000001050f0000 	/Library/Java/JavaVirtualMachines/jdk-17.0.2.jdk/Contents/Home/lib/libjava.dylib
0x0000000105b84000 	/Library/Java/JavaVirtualMachines/jdk-17.0.2.jdk/Contents/Home/lib/libnio.dylib
0x0000000105bc8000 	/Library/Java/JavaVirtualMachines/jdk-17.0.2.jdk/Contents/Home/lib/libnet.dylib
0x0000000105b64000 	/Library/Java/JavaVirtualMachines/jdk-17.0.2.jdk/Contents/Home/lib/libzip.dylib
0x0000000105f48000 	/private/var/folders/b7/8gchdr29163fj3sl6cjqn0_m0000gn/T/lwjgltiodargy/3.3.1-build-7/liblwjgl.dylib
0x000000012867c000 	/private/var/folders/b7/8gchdr29163fj3sl6cjqn0_m0000gn/T/lwjgltiodargy/3.3.1-build-7/libglfw.dylib
0x00000001a612b000 	/System/Library/PrivateFrameworks/CoreServicesInternal.framework/Versions/A/CoreServicesInternal
0x00000001b57ae000 	/System/Library/Frameworks/FileProvider.framework/Versions/A/FileProvider
0x00000001a9d93000 	/System/Library/Frameworks/Accounts.framework/Versions/A/Accounts
0x00000001b5932000 	/System/Library/PrivateFrameworks/GenerationalStorage.framework/Versions/A/GenerationalStorage
0x00000001b64f5000 	/System/Library/PrivateFrameworks/CoreSymbolication.framework/Versions/A/CoreSymbolication
0x00000001b554a000 	/System/Library/PrivateFrameworks/SymptomDiagnosticReporter.framework/Versions/A/SymptomDiagnosticReporter
0x00000001a741b000 	/System/Library/PrivateFrameworks/DesktopServicesPriv.framework/Versions/A/DesktopServicesPriv
0x00000001a628d000 	/usr/lib/libsandbox.1.dylib
0x00000001aae0e000 	/System/Library/PrivateFrameworks/UserManagement.framework/Versions/A/UserManagement
0x00000001b64b2000 	/System/Library/PrivateFrameworks/DebugSymbols.framework/Versions/A/DebugSymbols
0x00000001b137f000 	/System/Library/PrivateFrameworks/NetAuth.framework/Versions/A/NetAuth
0x00000001b229d000 	/System/Library/PrivateFrameworks/Sharing.framework/Versions/A/Sharing
0x00000001aadde000 	/System/Library/PrivateFrameworks/login.framework/Versions/A/Frameworks/loginsupport.framework/Versions/A/loginsupport
0x00000001b76e7000 	/System/Library/PrivateFrameworks/Apple80211.framework/Versions/A/Apple80211
0x00000001adf69000 	/System/Library/PrivateFrameworks/AuthKit.framework/Versions/A/AuthKit
0x00000001ad5ea000 	/System/Library/PrivateFrameworks/CoreUtils.framework/Versions/A/CoreUtils
0x00000001ad50d000 	/System/Library/Frameworks/CoreWLAN.framework/Versions/A/CoreWLAN
0x00000001b240d000 	/System/Library/Frameworks/IOBluetooth.framework/Versions/A/IOBluetooth
0x00000001b7747000 	/System/Library/PrivateFrameworks/CoreWiFi.framework/Versions/A/CoreWiFi
0x00000001b6092000 	/System/Library/PrivateFrameworks/FrontBoardServices.framework/Versions/A/FrontBoardServices
0x00000001b612a000 	/System/Library/PrivateFrameworks/BoardServices.framework/Versions/A/BoardServices
0x00000001ad804000 	/System/Library/PrivateFrameworks/AssertionServices.framework/Versions/A/AssertionServices
0x00000001b78c4000 	/System/Library/PrivateFrameworks/BackBoardServices.framework/Versions/A/BackBoardServices
0x00000001b17f3000 	/System/Library/PrivateFrameworks/CorePhoneNumbers.framework/Versions/A/CorePhoneNumbers
0x00000001b567a000 	/System/Library/PrivateFrameworks/DiskManagement.framework/Versions/A/DiskManagement
0x00000001b557d000 	/System/Library/PrivateFrameworks/AppleIDAuthSupport.framework/Versions/A/AppleIDAuthSupport
0x000000020953e000 	/System/Library/PrivateFrameworks/AAAFoundation.framework/Versions/A/AAAFoundation
0x00000001b17d2000 	/System/Library/PrivateFrameworks/KeychainCircle.framework/Versions/A/KeychainCircle
0x00000001b5646000 	/System/Library/PrivateFrameworks/MediaKit.framework/Versions/A/MediaKit
0x00000001b558a000 	/System/Library/Frameworks/DiscRecording.framework/Versions/A/DiscRecording
0x00000001aedde000 	/usr/lib/libCoreStorage.dylib
0x00000001b7bc1000 	/usr/lib/libcsfde.dylib
0x00000001b24e2000 	/System/Library/PrivateFrameworks/ProtectedCloudStorage.framework/Versions/A/ProtectedCloudStorage
0x00000001b7bb9000 	/System/Library/PrivateFrameworks/EFILogin.framework/Versions/A/EFILogin
0x00000001b5959000 	/System/Library/PrivateFrameworks/OctagonTrust.framework/Versions/A/OctagonTrust
0x000000020e10f000 	/System/Library/PrivateFrameworks/CoreUtilsExtras.framework/Versions/A/CoreUtilsExtras
0x00000001b54af000 	/System/Library/Frameworks/CoreBluetooth.framework/Versions/A/CoreBluetooth
0x00000001b824c000 	/System/Library/Frameworks/AudioUnit.framework/Versions/A/AudioUnit
0x00000001aedd6000 	/usr/lib/libMatch.1.dylib
0x00000001aaad8000 	/System/Library/PrivateFrameworks/ViewBridge.framework/Versions/A/ViewBridge
0x000000012f04c000 	/usr/lib/libobjc-trampolines.dylib
0x00000001c7f0a000 	/System/Library/Frameworks/Accelerate.framework/Versions/A/Frameworks/vImage.framework/Versions/A/Libraries/libCGInterfaces.dylib
0x00000001af53a000 	/System/Library/PrivateFrameworks/login.framework/Versions/A/login
0x0000000204db6000 	/System/Library/Frameworks/OpenGL.framework/Versions/A/Resources/GLEngine.bundle/GLEngine
0x0000000204c3e000 	/System/Library/Frameworks/OpenGL.framework/Versions/A/Libraries/libGLProgrammability.dylib
0x000000012f82c000 	/System/Library/Extensions/AppleMetalOpenGLRenderer.bundle/Contents/MacOS/AppleMetalOpenGLRenderer
0x0000000204f25000 	/System/Library/Frameworks/OpenGL.framework/Versions/A/Resources/GLRendererFloat.bundle/GLRendererFloat
0x00000001e9e9d000 	/System/Library/Extensions/AGXMetalG13X.bundle/Contents/MacOS/AGXMetalG13X
0x00000001c3a5e000 	/System/Library/PrivateFrameworks/GPURawCounter.framework/Versions/A/GPURawCounter
0x00000001be168000 	/System/Library/PrivateFrameworks/IOGPU.framework/Versions/A/IOGPU
0x0000000132ad4000 	/private/var/folders/b7/8gchdr29163fj3sl6cjqn0_m0000gn/T/lwjgltiodargy/3.3.1-build-7/liblwjgl_opengl.dylib
0x0000000222655000 	/usr/lib/libRosetta.dylib


VM Arguments:
jvm_args: -Dfile.encoding=UTF-8 -Djava.awt.headless=true -Dclojure.compile.path=/Users/tiodargy/Desktop/keycaps/3D/pucks/target/classes -Dpucks.version=0.1.0-SNAPSHOT -Dclojure.debug=false 
java_command: clojure.main -i /private/var/folders/b7/8gchdr29163fj3sl6cjqn0_m0000gn/T/form-init6071820136124560228.clj
java_class_path (initial): /Users/tiodargy/Desktop/keycaps/3D/pucks/test:/Users/tiodargy/Desktop/keycaps/3D/pucks/src:/Users/tiodargy/Desktop/keycaps/3D/pucks/dev-resources:/Users/tiodargy/Desktop/keycaps/3D/pucks/resources:/Users/tiodargy/Desktop/keycaps/3D/pucks/target/classes:/Users/tiodargy/.m2/repository/org/apache/commons/commons-math3/3.6.1/commons-math3-3.6.1.jar:/Users/tiodargy/.m2/repository/org/clojure/math.combinatorics/0.1.6/math.combinatorics-0.1.6.jar:/Users/tiodargy/.m2/repository/org/nrepl/incomplete/0.1.0/incomplete-0.1.0.jar:/Users/tiodargy/.m2/repository/org/lwjgl/lwjgl/3.3.1/lwjgl-3.3.1-natives-macos-arm64.jar:/Users/tiodargy/.m2/repository/org/clojure/tools.analyzer/0.1.0-beta12/tools.analyzer-0.1.0-beta12.jar:/Users/tiodargy/.m2/repository/uncomplicate/clojurecl/0.15.1/clojurecl-0.15.1.jar:/Users/tiodargy/.m2/repository/mvxcvi/arrangement/1.1.1/arrangement-1.1.1.jar:/Users/tiodargy/.m2/repository/mvxcvi/whidbey/2.1.0/whidbey-2.1.0.jar:/Users/tiodargy/.m2/repository/org/clojure/tools.macro/0.1.5/tools.macro-0.1.5.jar:/Users/tiodargy/.m2/repository/org/clojure/clojure/1.11.1/clojure-1.11.1.jar:/Users/tiodargy/.m2/repository/instaparse/instaparse/1.4.5/instaparse-1.4.5.jar:/Users/tiodargy/.m2/repository/org/clojure/core.memoize/0.5.8/core.memoize-0.5.8.jar:/Users/tiodargy/.m2/repository/org/clojure/core.rrb-vector/0.0.13/core.rrb-vector-0.0.13.jar:/Users/tiodargy/.m2/repository/org/clojure/tools.analyzer.jvm/0.1.0-beta12/tools.analyzer.jvm-0.1.0-beta12.jar:/Users/tiodargy/.m2/repository/org/lwjgl/lwjgl-opengl/3.3.1/lwjgl-opengl-3.3.1-natives-macos-arm64.jar:/Users/tiodargy/.m2/repository/grimradical/clj-semver/0.3.0/clj-semver-0.3.0.jar:/Users/tiodargy/.m2/repository/org/lwjgl/lwjgl/3.3.1/lwjgl-3.3.1.jar:/Users/tiodargy/.m2/repository/org/clojars/brenton/google-diff-match-patch/0.1/google-diff-match-patch-0.1.jar:/Users/tiodargy/.m2/repository/org/clojure/algo.generic/0.1.3/algo.generic-0.1.3.jar:/Users/tiodargy/.m2/repository/robert/hooke/1.3.
Launcher Type: SUN_STANDARD

[Global flags]
     intx CICompilerCount                          = 4                                         {product} {ergonomic}
     uint ConcGCThreads                            = 2                                         {product} {ergonomic}
     uint G1ConcRefinementThreads                  = 8                                         {product} {ergonomic}
   size_t G1HeapRegionSize                         = 2097152                                   {product} {ergonomic}
    uintx GCDrainStackTargetSize                   = 64                                        {product} {ergonomic}
   size_t InitialHeapSize                          = 268435456                                 {product} {ergonomic}
   size_t MarkStackSize                            = 4194304                                   {product} {ergonomic}
   size_t MaxHeapSize                              = 4294967296                                {product} {ergonomic}
   size_t MaxNewSize                               = 2575302656                                {product} {ergonomic}
   size_t MinHeapDeltaBytes                        = 2097152                                   {product} {ergonomic}
   size_t MinHeapSize                              = 8388608                                   {product} {ergonomic}
    uintx NonNMethodCodeHeapSize                   = 5839564                                {pd product} {ergonomic}
    uintx NonProfiledCodeHeapSize                  = 122909338                              {pd product} {ergonomic}
    uintx ProfiledCodeHeapSize                     = 122909338                              {pd product} {ergonomic}
    uintx ReservedCodeCacheSize                    = 251658240                              {pd product} {ergonomic}
     bool SegmentedCodeCache                       = true                                      {product} {ergonomic}
   size_t SoftMaxHeapSize                          = 4294967296                             {manageable} {ergonomic}
     bool UseCompressedClassPointers               = true                           {product lp64_product} {ergonomic}
     bool UseCompressedOops                        = true                           {product lp64_product} {ergonomic}
     bool UseG1GC                                  = true                                      {product} {ergonomic}
     bool UseNUMA                                  = false                                     {product} {ergonomic}
     bool UseNUMAInterleaving                      = false                                     {product} {ergonomic}

Logging:
Log output configuration:
 #0: stdout all=warning uptime,level,tags
 #1: stderr all=off uptime,level,tags

Environment Variables:
CLASSPATH=/Users/tiodargy/.lein/self-installs/leiningen-2.9.10-standalone.jar
PATH=/opt/homebrew/bin:/opt/homebrew/sbin:/usr/local/bin:/usr/bin:/bin:/usr/sbin:/sbin:/Library/Apple/usr/bin:/Users/tiodargy/.cargo/bin:/Users/tiodargy/Library/Python/3.8/bin/:/Users/tiodargy/gs-venv/bin
SHELL=/bin/zsh
LANG=en_US.UTF-8

Signal Handlers:
   SIGSEGV: _ZL13crash_handleriP9__siginfoPv in libjvm.dylib, mask=11100110000111110111111111111111, flags=SA_RESTART|SA_SIGINFO
    SIGBUS: _ZL13crash_handleriP9__siginfoPv in libjvm.dylib, mask=11100110000111110111111111111111, flags=SA_RESTART|SA_SIGINFO
    SIGFPE: _ZL13crash_handleriP9__siginfoPv in libjvm.dylib, mask=11100110000111110111111111111111, flags=SA_RESTART|SA_SIGINFO
   SIGPIPE: _ZL17javaSignalHandleriP9__siginfoPv in libjvm.dylib, mask=11100110000111110111111111111111, flags=SA_RESTART|SA_SIGINFO
   SIGXFSZ: _ZL17javaSignalHandleriP9__siginfoPv in libjvm.dylib, mask=11100110000111110111111111111111, flags=SA_RESTART|SA_SIGINFO
    SIGILL: _ZL13crash_handleriP9__siginfoPv in libjvm.dylib, mask=11100110000111110111111111111111, flags=SA_RESTART|SA_SIGINFO
   SIGUSR2: _ZL10SR_handleriP9__siginfoP17__darwin_ucontext in libjvm.dylib, mask=00100000000000000000000000000000, flags=SA_RESTART|SA_SIGINFO
    SIGHUP: _ZL11UserHandleriPvS_ in libjvm.dylib, mask=11100110000111110111111111111111, flags=SA_RESTART|SA_SIGINFO
    SIGINT: _ZL11UserHandleriPvS_ in libjvm.dylib, mask=11100110000111110111111111111111, flags=SA_RESTART|SA_SIGINFO
   SIGTERM: _ZL11UserHandleriPvS_ in libjvm.dylib, mask=11100110000111110111111111111111, flags=SA_RESTART|SA_SIGINFO
   SIGQUIT: _ZL11UserHandleriPvS_ in libjvm.dylib, mask=11100110000111110111111111111111, flags=SA_RESTART|SA_SIGINFO
   SIGTRAP: _ZL13crash_handleriP9__siginfoPv in libjvm.dylib, mask=11100110000111110111111111111111, flags=SA_RESTART|SA_SIGINFO


---------------  S Y S T E M  ---------------

OS:
uname: Darwin 21.4.0 Darwin Kernel Version 21.4.0: Fri Mar 18 00:46:32 PDT 2022; root:xnu-8020.101.4~15/RELEASE_ARM64_T6000 arm64
OS uptime: 34 days 12:23 hours
rlimit (soft/hard): STACK 8176k/65520k , CORE 0k/infinity , NPROC 2666/4000 , NOFILE 10240/infinity , AS infinity/infinity , CPU infinity/infinity , DATA infinity/infinity , FSIZE infinity/infinity , MEMLOCK infinity/infinity , RSS infinity/infinity
load average: 2.35 2.35 2.11

CPU: total 8 (initial active 8) 0x61:0x0:0x1b588bb3:0, fp, simd, crc, lse

Memory: 16k page, physical 16777216k(341424k free), swap 2097152k(1615616k free)

vm_info: Java HotSpot(TM) 64-Bit Server VM (17.0.2+8-LTS-86) for bsd-aarch64 JRE (17.0.2+8-LTS-86), built on Dec  7 2021 21:47:50 by "mach5one" with clang Apple LLVM 12.0.0 (clang-1200.0.32.29)

END.
