#
# A fatal error has been detected by the Java Runtime Environment:
#
#  SIGSEGV (0xb) at pc=0x000000010c5019b4, pid=4255, tid=50695
#
# JRE version: Java(TM) SE Runtime Environment (17.0.2+8) (build 17.0.2+8-LTS-86)
# Java VM: Java HotSpot(TM) 64-Bit Server VM (17.0.2+8-LTS-86, mixed mode, sharing, tiered, compressed oops, compressed class ptrs, g1 gc, bsd-aarch64)
# Problematic frame:
# j  org.lwjgl.system.MemoryUtil.memGlobalRefToObject(J)Ljava/lang/Object;+0
#
# No core dump will be written. Core dumps have been disabled. To enable core dumping, try "ulimit -c unlimited" before starting Java again
#
# If you would like to submit a bug report, please visit:
#   https://bugreport.java.com/bugreport/crash.jsp
#

---------------  S U M M A R Y ------------

Command Line: -Dfile.encoding=UTF-8 -Djava.awt.headless=true -Dclojure.compile.path=/Users/tiodargy/Desktop/keycaps/3D/pucks/target/classes -Dpucks.version=0.1.0-SNAPSHOT -Dclojure.debug=false clojure.main -i /private/var/folders/b7/8gchdr29163fj3sl6cjqn0_m0000gn/T/form-init10397443196038403767.clj

Host: "MacBookPro18,3" arm64 1 MHz, 8 cores, 16G, Darwin 21.4.0, macOS 12.3.1 (21E258)
Time: Thu Sep 22 02:07:21 2022 PDT elapsed time: 64.185055 seconds (0d 0h 1m 4s)

---------------  T H R E A D  ---------------

Current thread (0x000000014aa2e600):  JavaThread "nREPL-session-a3dd73e1-20f3-4b4e-992b-ce35ff4e57bf" daemon [_thread_in_Java, id=50695, stack(0x0000000175684000,0x0000000175887000)]

Stack: [0x0000000175684000,0x0000000175887000],  sp=0x0000000175885590,  free space=2053k
Native frames: (J=compiled Java code, j=interpreted, Vv=VM code, C=native code)
j  org.lwjgl.system.MemoryUtil.memGlobalRefToObject(J)Ljava/lang/Object;+0
j  org.lwjgl.system.Callback.get(J)Lorg/lwjgl/system/CallbackI;+12
j  org.lwjgl.glfw.GLFWErrorCallback.create(J)Lorg/lwjgl/glfw/GLFWErrorCallback;+1
j  org.lwjgl.glfw.GLFWErrorCallback.createSafe(J)Lorg/lwjgl/glfw/GLFWErrorCallback;+11
j  org.lwjgl.glfw.GLFW.glfwSetErrorCallback(Lorg/lwjgl/glfw/GLFWErrorCallbackI;)Lorg/lwjgl/glfw/GLFWErrorCallback;+7
j  pucks.glrender$init_window.invokeStatic(Ljava/lang/Object;Ljava/lang/Object;Ljava/lang/Object;)Ljava/lang/Object;+150
j  pucks.glrender$init_window.invoke(Ljava/lang/Object;Ljava/lang/Object;Ljava/lang/Object;)Ljava/lang/Object;+9
j  pucks.glrender$main.invokeStatic()Ljava/lang/Object;+34
j  pucks.glrender$main.invoke()Ljava/lang/Object;+0
j  pucks.glrender$eval5870.invokeStatic()Ljava/lang/Object;+9
j  pucks.glrender$eval5870.invoke()Ljava/lang/Object;+0
J 2405 c1 clojure.lang.Compiler.eval(Ljava/lang/Object;Z)Ljava/lang/Object; (445 bytes) @ 0x000000010cf63610 [0x000000010cf5f2c0+0x0000000000004350]
j  clojure.lang.Compiler.eval(Ljava/lang/Object;)Ljava/lang/Object;+2
j  clojure.core$eval.invokeStatic(Ljava/lang/Object;)Ljava/lang/Object;+3
j  clojure.core$eval.invoke(Ljava/lang/Object;)Ljava/lang/Object;+3
j  nrepl.middleware.interruptible_eval$evaluate$fn__1271$fn__1272.invoke()Ljava/lang/Object;+13
J 3934 c2 clojure.lang.AFn.applyToHelper(Lclojure/lang/IFn;Lclojure/lang/ISeq;)Ljava/lang/Object; (3238 bytes) @ 0x00000001141bc5b4 [0x00000001141bc1c0+0x00000000000003f4]
J 595 c1 clojure.lang.AFn.applyTo(Lclojure/lang/ISeq;)Ljava/lang/Object; (12 bytes) @ 0x000000010cbab190 [0x000000010cbab0c0+0x00000000000000d0]
J 1204 c1 clojure.core$apply.invokeStatic(Ljava/lang/Object;Ljava/lang/Object;)Ljava/lang/Object; (21 bytes) @ 0x000000010ccda130 [0x000000010ccda040+0x00000000000000f0]
j  clojure.core$with_bindings_STAR_.invokeStatic(Ljava/lang/Object;Ljava/lang/Object;Lclojure/lang/ISeq;)Ljava/lang/Object;+13
j  clojure.core$with_bindings_STAR_.doInvoke(Ljava/lang/Object;Ljava/lang/Object;Ljava/lang/Object;)Ljava/lang/Object;+12
J 2771 c1 clojure.lang.RestFn.invoke(Ljava/lang/Object;Ljava/lang/Object;)Ljava/lang/Object; (119 bytes) @ 0x000000010d085630 [0x000000010d085540+0x00000000000000f0]
j  nrepl.middleware.interruptible_eval$evaluate$fn__1271.invoke(Ljava/lang/Object;)Ljava/lang/Object;+188
j  clojure.main$repl$read_eval_print__9206$fn__9209.invoke()Ljava/lang/Object;+11
j  clojure.main$repl$read_eval_print__9206.invoke()Ljava/lang/Object;+127
j  clojure.main$repl$fn__9215.invoke()Ljava/lang/Object;+7
j  clojure.main$repl.invokeStatic(Lclojure/lang/ISeq;)Ljava/lang/Object;+682
j  clojure.main$repl.doInvoke(Ljava/lang/Object;)Ljava/lang/Object;+6
j  clojure.lang.RestFn.invoke(Ljava/lang/Object;Ljava/lang/Object;Ljava/lang/Object;Ljava/lang/Object;Ljava/lang/Object;Ljava/lang/Object;Ljava/lang/Object;Ljava/lang/Object;Ljava/lang/Object;Ljava/lang/Object;Ljava/lang/Object;Ljava/lang/Object;Ljava/lang/Object;Ljava/lang/Object;)Ljava/lang/Object;+259
j  nrepl.middleware.interruptible_eval$evaluate.invokeStatic(Ljava/lang/Object;)Ljava/lang/Object;+1049
j  nrepl.middleware.interruptible_eval$evaluate.invoke(Ljava/lang/Object;)Ljava/lang/Object;+3
j  nrepl.middleware.interruptible_eval$interruptible_eval$fn__1304$fn__1308.invoke()Ljava/lang/Object;+49
j  clojure.lang.AFn.run()V+1
j  nrepl.middleware.session$session_exec$main_loop__1374$fn__1378.invoke()Ljava/lang/Object;+7
j  nrepl.middleware.session$session_exec$main_loop__1374.invoke()Ljava/lang/Object;+86
j  clojure.lang.AFn.run()V+1
j  java.lang.Thread.run()V+11 java.base@17.0.2
v  ~StubRoutines::call_stub
V  [libjvm.dylib+0x4614e8]  _ZN9JavaCalls11call_helperEP9JavaValueRK12methodHandleP17JavaCallArgumentsP10JavaThread+0x38c
V  [libjvm.dylib+0x460504]  _ZN9JavaCalls12call_virtualEP9JavaValueP5KlassP6SymbolS5_P17JavaCallArgumentsP10JavaThread+0x11c
V  [libjvm.dylib+0x4605d0]  _ZN9JavaCalls12call_virtualEP9JavaValue6HandleP5KlassP6SymbolS6_P10JavaThread+0x64
V  [libjvm.dylib+0x513e50]  _ZL12thread_entryP10JavaThreadS0_+0xc4
V  [libjvm.dylib+0x90462c]  _ZN10JavaThread17thread_main_innerEv+0x134
V  [libjvm.dylib+0x902f54]  _ZN6Thread8call_runEv+0x128
V  [libjvm.dylib+0x7ab344]  _ZL19thread_native_entryP6Thread+0x158
C  [libsystem_pthread.dylib+0x726c]  _pthread_start+0x94


siginfo: si_signo: 11 (SIGSEGV), si_code: 2 (SEGV_ACCERR), si_addr: 0x363130325f5f6e66

Register to memory mapping:

 x0=0x363130325f5f6e66 is an unknown value
 x1=0x0000000175885628 is pointing into the stack for thread: 0x000000014aa2e600
 x2=0x363130325f5f6e66 is an unknown value
 x3=0x000000010c53a484 is at code_begin+4356 in 
[CodeBlob (0x000000010c539310)]
Framesize: 0
BufferBlob (0x000000010c539310) used for native signature handlers
 x4=0x0000000000000001 is an unknown value
 x5=0x0 is NULL
 x6=0x00000000000000d6 is an unknown value
 x7=0x000000014aa2e600 is a thread
 x8=0x0000000000000008 is an unknown value
 x9=0x000000014aa2e938 points into unknown readable memory: 0x01656c6200000008 | 08 00 00 00 62 6c 65 01
x10=0x0000000103a9b9f0: <offset 0x2f9f0> in /private/var/folders/b7/8gchdr29163fj3sl6cjqn0_m0000gn/T/lwjgltiodargy/3.3.1-build-7/liblwjgl.dylib at 0x0000000103a6c000
x11=0x0000000000000004 is an unknown value
x12={method} {0x0000000129443698} 'memGlobalRefToObject' '(J)Ljava/lang/Object;' in 'org/lwjgl/system/MemoryUtil'
x13={method} {0x0000000129443698} 'memGlobalRefToObject' '(J)Ljava/lang/Object;' in 'org/lwjgl/system/MemoryUtil'
x14=0x00000000aea51000 is an unknown value
x15=0x00000000000000a2 is an unknown value
x16=0x00000001a36f6f5c: pthread_jit_write_protect_np+0 in /usr/lib/system/libsystem_pthread.dylib at 0x00000001a36ef000
x17=0x000000010c4ff73c is at code_begin+60 in an Interpreter codelet
result handlers for native calls  [0x000000010c4ff700, 0x000000010c4ff780]  128 bytes
x18=0x0 is NULL
x19=0x000000010c4ff73c is at code_begin+60 in an Interpreter codelet
result handlers for native calls  [0x000000010c4ff700, 0x000000010c4ff780]  128 bytes
x20=0x00000001758855a0 is pointing into the stack for thread: 0x000000014aa2e600
x21=0x00000001049ccfa8: _ZN19TemplateInterpreter13_active_tableE+0 in /Library/Java/JavaVirtualMachines/jdk-17.0.2.jdk/Contents/Home/lib/server/libjvm.dylib at 0x0000000103e2c000
x22=0x0 is NULL
x23=0x0000000000000001 is an unknown value
x24=0x0000000175885638 is pointing into the stack for thread: 0x000000014aa2e600
x25=0x00000007049e45c8 is an oop: [Ljava.lang.Object; 
{0x00000007049e45c8} - klass: 'java/lang/Object'[]
 - length: 16
x26=0x0000000129448f38 is pointing into metadata
x27=0x0000000002f3c2e2 is an unknown value
x28=0x000000014aa2e600 is a thread


Registers:
 x0=0x363130325f5f6e66  x1=0x0000000175885628  x2=0x363130325f5f6e66  x3=0x000000010c53a484
 x4=0x0000000000000001  x5=0x0000000000000000  x6=0x00000000000000d6  x7=0x000000014aa2e600
 x8=0x0000000000000008  x9=0x000000014aa2e938 x10=0x0000000103a9b9f0 x11=0x0000000000000004
x12=0x0000000129443698 x13=0x0000000129443698 x14=0x00000000aea51000 x15=0x00000000000000a2
x16=0x00000001a36f6f5c x17=0x000000010c4ff73c x18=0x0000000000000000 x19=0x000000010c4ff73c
x20=0x00000001758855a0 x21=0x00000001049ccfa8 x22=0x0000000000000000 x23=0x0000000000000001
x24=0x0000000175885638 x25=0x00000007049e45c8 x26=0x0000000129448f38 x27=0x0000000002f3c2e2
x28=0x000000014aa2e600  fp=0x0000000175885610  lr=0x000000010c5018ac  sp=0x0000000175885590
pc=0x000000010c5019b4 cpsr=0x0000000060001000
Top of Stack: (sp=0x0000000175885590)
0x0000000175885590:   363130325f5f6e66 0000000000000000
0x00000001758855a0:   0000000000000000 0000000129443698
0x00000001758855b0:   000000010c5016cc 0000000129443698
0x00000001758855c0:   00000001758855c0 0000000000000000
0x00000001758855d0:   0000000175885638 0000000129448f38
0x00000001758855e0:   0000000701313338 0000000000000000
0x00000001758855f0:   0000000000000000 0000000129443698
0x0000000175885600:   0000000000000000 0000000175885600
0x0000000175885610:   0000000175885690 000000010c4fdd80
0x0000000175885620:   0000000000000000 0000000701313338
0x0000000175885630:   363130325f5f6e66 0000000000000000
0x0000000175885640:   0000000175885640 000000012935ee1c
0x0000000175885650:   00000001758856a8 000000012936d9f0
0x0000000175885660:   000000070107e830 0000000000000000
0x0000000175885670:   0000000000000000 000000012935ee38
0x0000000175885680:   0000000175885630 0000000175885660
0x0000000175885690:   0000000175885700 000000010c4fdd80
0x00000001758856a0:   0000000102f3c000 0000000000000000
0x00000001758856b0:   00000001758856b0 000000012935d611
0x00000001758856c0:   0000000175885728 000000012936f3d0
0x00000001758856d0:   0000000701198860 0000000000000000
0x00000001758856e0:   0000000000000000 000000012935d650
0x00000001758856f0:   00000001758856a0 00000001758856f0
0x0000000175885700:   0000000175885780 000000010c4fdd80
0x0000000175885710:   0000000102f3c010 0000000000000000
0x0000000175885720:   0000000102f3c000 0000000000000000
0x0000000175885730:   0000000175885730 000000012935d6fb
0x0000000175885740:   0000000175885798 000000012936f3d0
0x0000000175885750:   0000000701198860 0000000000000000
0x0000000175885760:   0000000000000000 000000012935d720
0x0000000175885770:   0000000175885720 0000000175885770
0x0000000175885780:   00000001758857f0 000000010c4fdd80 

Instructions: (pc=0x000000010c5019b4)
0x000000010c5018b4:   927ced1f fc1f0e80 f81f8e9f f81f8e80
0x000000010c5018c4:   d28000a8 910ce389 889ffd28 d5033bbf
0x000000010c5018d4:   910d0388 c8dffd08 eb0803bf 54000068
0x000000010c5018e4:   b9432b89 b4000169 aa1c03e0 d283d589
0x000000010c5018f4:   f2a08e69 f2c00029 d63f0120 f85e83ac
0x000000010c501904:   d29ce11b f2a092fb f2c0003b f940037b
0x000000010c501914:   b27d03e8 910ce389 889ffd28 f901479f
0x000000010c501924:   f9014f9f f9014b9f f9406f91 f900823f
0x000000010c501934:   10fef051 eb13023f 54000441 f8410680
0x000000010c501944:   b40003a0 36000360 f85ff000 a9bf7bfd
0x000000010c501954:   910003fd 3940e391 34000271 b4000240
0x000000010c501964:   f9401391 b40000f1 d1002231 f9001391
0x000000010c501974:   f9401b88 8b080231 f9000220 1400000a
0x000000010c501984:   a9bf7fe0 aa1c03e1 a9bf33e8 d299d288
0x000000010c501994:   f2a08308 f2c00028 d63f0100 a8c133e8
0x000000010c5019a4:   a8c17fe0 910003bf a8c17bfd 14000002
0x000000010c5019b4:   f9400000 f9000fa0 f81f8e9f f81f8e80
0x000000010c5019c4:   910ea388 b9400108 f100091f 540004c1
0x000000010c5019d4:   a9b007e0 a9010fe2 a90217e4 a9031fe6
0x000000010c5019e4:   a90427e8 a9052fea a90637ec a9073fee
0x000000010c5019f4:   a90847f0 a9094ff2 a90a57f4 a90b5ff6
0x000000010c501a04:   a90c67f8 a90d6ffa a90e77fc a90f7ffe
0x000000010c501a14:   aa1c03e0 d2960709 f2a08cc9 f2c00029
0x000000010c501a24:   d63f0120 a9410fe2 a94217e4 a9431fe6
0x000000010c501a34:   a94427e8 a9452fea a94637ec a9473fee
0x000000010c501a44:   a94847f0 a9494ff2 a94a57f4 a94b5ff6
0x000000010c501a54:   a94c67f8 a94d6ffa a94e77fc a94f7ffe
0x000000010c501a64:   a8d007e0 f85e83ac f9400596 9100c2d6
0x000000010c501a74:   f9400788 b4000368 f81b83b6 aa1c03e0
0x000000010c501a84:   10000128 f9014b88 f9014794 f9014f9d
0x000000010c501a94:   a9bf33e8 d28a1488 f2a08508 f2c00028
0x000000010c501aa4:   d63f0100 a8c133e8 10fffffe f901479f 


Stack slot to memory mapping:
stack at sp + 0 slots: 0x363130325f5f6e66 is an unknown value
stack at sp + 1 slots: 0x0 is NULL
stack at sp + 2 slots: 0x0 is NULL
stack at sp + 3 slots: {method} {0x0000000129443698} 'memGlobalRefToObject' '(J)Ljava/lang/Object;' in 'org/lwjgl/system/MemoryUtil'
stack at sp + 4 slots: 0x000000010c5016cc is at code_begin+204 in an Interpreter codelet
method entry point (kind = native)  [0x000000010c501600, 0x000000010c501c80]  1664 bytes
stack at sp + 5 slots: {method} {0x0000000129443698} 'memGlobalRefToObject' '(J)Ljava/lang/Object;' in 'org/lwjgl/system/MemoryUtil'
stack at sp + 6 slots: 0x00000001758855c0 is pointing into the stack for thread: 0x000000014aa2e600
stack at sp + 7 slots: 0x0 is NULL

method entry point (kind = native)  [0x000000010c501600, 0x000000010c501c80]  1664 bytes
[MachCode]
  0x000000010c501600: 8205 40f9 | 4258 4079 | 986e 228b | 1823 00d1 | 9fee 7c92 | f4c3 01d1 | f603 1faa | f47f b9a9 
  0x000000010c501620: ff7f 06a9 | 8809 40f9 | 4800 00b4 | 08a1 0391 | e833 03a9 | 8a05 40f9 | 4a05 40f9 | 4a0d 40f9 
  0x000000010c501640: 4a39 40f9 | 4a01 40f9 | ea7f 02a9 | 9a05 40f9 | 5a07 40f9 | 5a0b 40f9 | f86b 01a9 | fd7b 05a9 
  0x000000010c501660: fd43 0191 | ff37 04a9 | e903 40b2 | 89a7 0d39 | 8009 40f9 | 0001 00b4 | 08ac 40b9 | 0809 0091 
  0x000000010c501680: 08ac 00b9 | 09c0 40b9 | 0801 09ea | 802b 0054 | 2300 0014 | 890d 40f9 | 6903 00b5 | e103 0caa 
  0x000000010c5016a0: b683 1bf8 | e003 1caa | 2801 0010 | 884b 01f9 | 9447 01f9 | 9d4f 01f9 | e833 bfa9 | 0847 8fd2 
  0x000000010c5016c0: 0885 a0f2 | 2800 c0f2 | 0001 3fd6 | e833 c1a8 | feff ff10 | 9f47 01f9 | 9f4f 01f9 | 9f4b 01f9 
  0x000000010c5016e0: 8807 40f9 | a800 00b4 | 0810 90d2 | e889 a1f2 | 2800 c0f2 | 0001 1fd6 | b6e3 7ba9 | 890d 40f9 
  0x000000010c501700: e900 00b4 | 2809 40b9 | 0809 0091 | 2809 00b9 | 2121 40b9 | 0801 01ea | 2027 0054 | e953 40d1 
  0x000000010c501720: 3f01 00f9 | 9fa7 0d39 | c825 fc90 | 08a9 5139 | 2801 0034 | a183 5ef8 | e003 1caa | e833 bfa9 
  0x000000010c501740: 08de 91d2 | c88c a0f2 | 2800 c0f2 | 0001 3fd6 | e833 c1a8 | 9105 40f9 | 315a 4079 | 886e 31cb 
  0x000000010c501760: 1fed 7c92 | f403 08aa | 9131 40f9 | 5103 00b5 | e103 0caa | b683 1bf8 | e003 1caa | 2801 0010 
  0x000000010c501780: 884b 01f9 | 9447 01f9 | 9d4f 01f9 | e833 bfa9 | 08dd 91d2 | 0885 a0f2 | 2800 c0f2 | 0001 3fd6 
  0x000000010c5017a0: e833 c1a8 | feff ff10 | 9f47 01f9 | 9f4f 01f9 | 9f4b 01f9 | 8807 40f9 | a800 00b4 | 0810 90d2 
  0x000000010c5017c0: e889 a1f2 | 2800 c0f2 | 0001 1fd6 | b6e3 7ba9 | 9131 40f9 | 2002 3fd6 | ac83 5ef8 | f303 00aa 
  0x000000010c5017e0: 9129 40b9 | 1101 1836 | 9105 40f9 | 3106 40f9 | 310e 40f9 | 313a 40f9 | 3102 40f9 | b10f 00f9 
  0x000000010c501800: a163 0091 | 8a2d 40f9 | 096d 91d2 | c98c a0f2 | 2900 c0f2 | 2901 40f9 | 5f01 09eb | 6103 0054 
  0x000000010c501820: e103 0caa | b683 1bf8 | e003 1caa | 2801 0010 | 884b 01f9 | 9447 01f9 | 9d4f 01f9 | e833 bfa9 
  0x000000010c501840: 08dd 91d2 | 0885 a0f2 | 2800 c0f2 | 0001 3fd6 | e833 c1a8 | feff ff10 | 9f47 01f9 | 9f4f 01f9 
  0x000000010c501860: 9f4b 01f9 | 8807 40f9 | a800 00b4 | 0810 90d2 | e889 a1f2 | 2800 c0f2 | 0001 1fd6 | b6e3 7ba9 
  0x000000010c501880: ac83 5ef8 | 8a2d 40f9 | 80a3 0a91 | 0801 0010 | 884b 01f9 | 9447 01f9 | 9d4f 01f9 | e803 7eb2 
  0x000000010c5018a0: 89e3 0c91 | 28fd 9f88 | 4001 3fd6 | ac83 5ef8 | 8882 00d1 | 1fed 7c92 | 800e 1ffc | 9f8e 1ff8 
  0x000000010c5018c0: 808e 1ff8 | a800 80d2 | 89e3 0c91 | 28fd 9f88 | bf3b 03d5 | 8803 0d91 | 08fd dfc8 | bf03 08eb 
  0x000000010c5018e0: 6800 0054 | 892b 43b9 | 6901 00b4 | e003 1caa | 89d5 83d2 | 698e a0f2 | 2900 c0f2 | 2001 3fd6 
  0x000000010c501900: ac83 5ef8 | 1be1 9cd2 | fb92 a0f2 | 3b00 c0f2 | 7b03 40f9 | e803 7db2 | 89e3 0c91 | 28fd 9f88 
  0x000000010c501920: 9f47 01f9 | 9f4f 01f9 | 9f4b 01f9 | 916f 40f9 | 3f82 00f9 | 51f0 fe10 | 3f02 13eb | 4104 0054 
  0x000000010c501940: 8006 41f8 | a003 00b4 | 6003 0036 | 00f0 5ff8 | fd7b bfa9 | fd03 0091 | 91e3 4039 | 7102 0034 
  0x000000010c501960: 4002 00b4 | 9113 40f9 | f100 00b4 | 3122 00d1 | 9113 00f9 | 881b 40f9 | 3102 088b | 2002 00f9 
  0x000000010c501980: 0a00 0014 | e07f bfa9 | e103 1caa | e833 bfa9 | 88d2 99d2 | 0883 a0f2 | 2800 c0f2 | 0001 3fd6 
  0x000000010c5019a0: e833 c1a8 | e07f c1a8 | bf03 0091 | fd7b c1a8 | 0200 0014 | 0000 40f9 | a00f 00f9 | 9f8e 1ff8 
  0x000000010c5019c0: 808e 1ff8 | 88a3 0e91 | 0801 40b9 | 1f09 00f1 | c104 0054 | e007 b0a9 | e20f 01a9 | e417 02a9 
  0x000000010c5019e0: e61f 03a9 | e827 04a9 | ea2f 05a9 | ec37 06a9 | ee3f 07a9 | f047 08a9 | f24f 09a9 | f457 0aa9 
  0x000000010c501a00: f65f 0ba9 | f867 0ca9 | fa6f 0da9 | fc77 0ea9 | fe7f 0fa9 | e003 1caa | 0907 96d2 | c98c a0f2 
  0x000000010c501a20: 2900 c0f2 | 2001 3fd6 | e20f 41a9 | e417 42a9 | e61f 43a9 | e827 44a9 | ea2f 45a9 | ec37 46a9 
  0x000000010c501a40: ee3f 47a9 | f047 48a9 | f24f 49a9 | f457 4aa9 | f65f 4ba9 | f867 4ca9 | fa6f 4da9 | fc77 4ea9 
  0x000000010c501a60: fe7f 4fa9 | e007 d0a8 | ac83 5ef8 | 9605 40f9 | d6c2 0091 | 8807 40f9 | 6803 00b4 | b683 1bf8 
  0x000000010c501a80: e003 1caa | 2801 0010 | 884b 01f9 | 9447 01f9 | 9d4f 01f9 | e833 bfa9 | 8814 8ad2 | 0885 a0f2 
  0x000000010c501aa0: 2800 c0f2 | 0001 3fd6 | e833 c1a8 | feff ff10 | 9f47 01f9 | 9f4f 01f9 | 9f4b 01f9 | 8807 40f9 
  0x000000010c501ac0: a800 00b4 | 0810 90d2 | e889 a1f2 | 2800 c0f2 | 0001 1fd6 | b6e3 7ba9 | c1d5 bbd4 | e178 8304 
  0x000000010c501ae0: 0100 0000 | 9129 40b9 | 5106 2836 | a183 01d1 | 3104 40f9 | 7103 00b5 | b683 1bf8 | e003 1caa 
  0x000000010c501b00: 2801 0010 | 884b 01f9 | 9447 01f9 | 9d4f 01f9 | e833 bfa9 | 0823 8cd2 | 0885 a0f2 | 2800 c0f2 
  0x000000010c501b20: 0001 3fd6 | e833 c1a8 | feff ff10 | 9f47 01f9 | 9f4f 01f9 | 9f4b 01f9 | 8807 40f9 | a800 00b4 
  0x000000010c501b40: 0810 90d2 | e889 a1f2 | 2800 c0f2 | 0001 1fd6 | b6e3 7ba9 | c1d5 bbd4 | e178 8304 | 0100 0000 
  0x000000010c501b60: b683 1bf8 | 2000 00d1 | 2304 40f9 | 3f04 00f9 | 0200 40f9 | c201 00b4 | e803 00aa | 62fc e0c8 
  0x000000010c501b80: 1f01 00eb | 4001 0054 | bf3b 03d5 | 2304 00f9 | e003 01aa | e833 bfa9 | 0804 8cd2 | 0885 a0f2 
  0x000000010c501ba0: 2800 c0f2 | 0001 3fd6 | e833 c1a8 | b683 5bf8 | c825 fc90 | 08a9 5139 | 2801 0034 | a183 5ef8 
  0x000000010c501bc0: e003 1caa | e833 bfa9 | 08ee 91d2 | c88c a0f2 | 2800 c0f2 | 0001 3fd6 | e833 c1a8 | 8006 41f8 
  0x000000010c501be0: 8006 41fc | 6002 3fd6 | b483 5ff8 | bf03 0091 | fd7b c1a8 | 9f02 0091 | c003 5fd6 | 0100 80d2 
  0x000000010c501c00: b683 1bf8 | e003 1caa | 2801 0010 | 884b 01f9 | 9447 01f9 | 9d4f 01f9 | e833 bfa9 | 8842 8ed2 
  0x000000010c501c20: 0885 a0f2 | 2800 c0f2 | 0001 3fd6 | e833 c1a8 | feff ff10 | 9f47 01f9 | 9f4f 01f9 | 9f4b 01f9 
  0x000000010c501c40: 8807 40f9 | a800 00b4 | 0810 90d2 | e889 a1f2 | 2800 c0f2 | 0001 1fd6 | b6e3 7ba9 | b0fe ff17 
  0x000000010c501c60: 0000 0000 | 0000 0000 | 0000 0000 | 0000 0000 | 0000 0000 | 0000 0000 | 0000 0000 | 0000 0000 
[/MachCode]

---------------  P R O C E S S  ---------------

Threads class SMR info:
_java_thread_list=0x0000600003244080, length=29, elements={
0x000000014a80e000, 0x000000014a80e600, 0x000000014b10f600, 0x000000014b10fc00,
0x000000014b110200, 0x000000014b110800, 0x000000014b110e00, 0x000000014b111a00,
0x000000014b114000, 0x000000014b107600, 0x000000014b00a600, 0x000000014b682600,
0x000000012c00ac00, 0x000000014d808a00, 0x000000014b5de000, 0x000000014aa2e600,
0x000000014b680c00, 0x000000014aa0d800, 0x000000014aa0de00, 0x000000014b5b3a00,
0x000000014d83ec00, 0x000000014ba47600, 0x000000014d891600, 0x000000014b590400,
0x000000012c00e200, 0x000000012c08cc00, 0x000000012c0b8200, 0x000000014d892200,
0x000000014d8bfe00
}

Java Threads: ( => current thread )
  0x000000014a80e000 JavaThread "Reference Handler" daemon [_thread_blocked, id=13315, stack(0x000000016de60000,0x000000016e063000)]
  0x000000014a80e600 JavaThread "Finalizer" daemon [_thread_blocked, id=14851, stack(0x000000016e06c000,0x000000016e26f000)]
  0x000000014b10f600 JavaThread "Signal Dispatcher" daemon [_thread_blocked, id=42755, stack(0x000000016e390000,0x000000016e593000)]
  0x000000014b10fc00 JavaThread "Service Thread" daemon [_thread_blocked, id=22787, stack(0x000000016e59c000,0x000000016e79f000)]
  0x000000014b110200 JavaThread "Monitor Deflation Thread" daemon [_thread_blocked, id=23299, stack(0x000000016e7a8000,0x000000016e9ab000)]
  0x000000014b110800 JavaThread "C2 CompilerThread0" daemon [_thread_blocked, id=23555, stack(0x000000016e9b4000,0x000000016ebb7000)]
  0x000000014b110e00 JavaThread "C1 CompilerThread0" daemon [_thread_blocked, id=23811, stack(0x000000016ebc0000,0x000000016edc3000)]
  0x000000014b111a00 JavaThread "Sweeper thread" daemon [_thread_blocked, id=41731, stack(0x000000016edcc000,0x000000016efcf000)]
  0x000000014b114000 JavaThread "Notification Thread" daemon [_thread_blocked, id=41219, stack(0x000000016efd8000,0x000000016f1db000)]
  0x000000014b107600 JavaThread "Common-Cleaner" daemon [_thread_blocked, id=25091, stack(0x000000016f3f0000,0x000000016f5f3000)]
  0x000000014b00a600 JavaThread "DestroyJavaVM" [_thread_blocked, id=259, stack(0x000000016c98c000,0x000000016d188000)]
  0x000000014b682600 JavaThread "clojure-agent-send-off-pool-0" [_thread_in_native, id=68363, stack(0x0000000175060000,0x0000000175263000)]
  0x000000012c00ac00 JavaThread "clojure-agent-send-off-pool-1" [_thread_blocked, id=43015, stack(0x0000000174c48000,0x0000000174e4b000)]
  0x000000014d808a00 JavaThread "clojure-agent-send-off-pool-2" [_thread_in_native, id=36615, stack(0x000000017526c000,0x000000017546f000)]
  0x000000014b5de000 JavaThread "clojure-agent-send-off-pool-3" [_thread_blocked, id=78347, stack(0x0000000175478000,0x000000017567b000)]
=>0x000000014aa2e600 JavaThread "nREPL-session-a3dd73e1-20f3-4b4e-992b-ce35ff4e57bf" daemon [_thread_in_Java, id=50695, stack(0x0000000175684000,0x0000000175887000)]
  0x000000014b680c00 JavaThread "nREPL-session-174ea577-d719-4351-98a2-0b706e83c1b2" daemon [_thread_blocked, id=68099, stack(0x0000000175a9c000,0x0000000175c9f000)]
  0x000000014aa0d800 JavaThread "clojure-agent-send-off-pool-4" [_thread_blocked, id=67587, stack(0x0000000175ca8000,0x0000000175eab000)]
  0x000000014aa0de00 JavaThread "clojure-agent-send-off-pool-5" [_thread_blocked, id=67331, stack(0x0000000175eb4000,0x00000001760b7000)]
  0x000000014b5b3a00 JavaThread "clojure-agent-send-pool-0" daemon [_thread_blocked, id=58631, stack(0x00000001760c0000,0x00000001762c3000)]
  0x000000014d83ec00 JavaThread "clojure-agent-send-pool-1" daemon [_thread_blocked, id=59139, stack(0x00000001762cc000,0x00000001764cf000)]
  0x000000014ba47600 JavaThread "clojure-agent-send-pool-2" daemon [_thread_blocked, id=66819, stack(0x00000001764d8000,0x00000001766db000)]
  0x000000014d891600 JavaThread "clojure-agent-send-pool-3" daemon [_thread_blocked, id=66563, stack(0x00000001766e4000,0x00000001768e7000)]
  0x000000014b590400 JavaThread "clojure-agent-send-pool-4" daemon [_thread_blocked, id=66051, stack(0x00000001768f0000,0x0000000176af3000)]
  0x000000012c00e200 JavaThread "clojure-agent-send-pool-5" daemon [_thread_blocked, id=65795, stack(0x0000000176afc000,0x0000000176cff000)]
  0x000000012c08cc00 JavaThread "clojure-agent-send-pool-6" daemon [_thread_blocked, id=59907, stack(0x0000000176d08000,0x0000000176f0b000)]
  0x000000012c0b8200 JavaThread "clojure-agent-send-pool-7" daemon [_thread_blocked, id=65283, stack(0x0000000176f14000,0x0000000177117000)]
  0x000000014d892200 JavaThread "clojure-agent-send-pool-8" daemon [_thread_blocked, id=65027, stack(0x0000000177120000,0x0000000177323000)]
  0x000000014d8bfe00 JavaThread "clojure-agent-send-pool-9" daemon [_thread_blocked, id=60931, stack(0x000000017732c000,0x000000017752f000)]

Other Threads:
  0x000000014a70ea10 VMThread "VM Thread" [stack: 0x000000016dc54000,0x000000016de57000] [id=12803]
  0x000000014a7154e0 WatcherThread [stack: 0x000000016f1e4000,0x000000016f3e7000] [id=24579]
  0x000000014a707670 GCTaskThread "GC Thread#0" [stack: 0x000000016d218000,0x000000016d41b000] [id=19715]
  0x000000014c00c180 GCTaskThread "GC Thread#1" [stack: 0x000000016f5fc000,0x000000016f7ff000] [id=25603]
  0x000000014c00ca10 GCTaskThread "GC Thread#2" [stack: 0x000000016f808000,0x000000016fa0b000] [id=40963]
  0x000000014c00d280 GCTaskThread "GC Thread#3" [stack: 0x000000016fa14000,0x000000016fc17000] [id=26371]
  0x000000012a605b60 GCTaskThread "GC Thread#4" [stack: 0x000000016fc20000,0x000000016fe23000] [id=26627]
  0x000000014a72aeb0 GCTaskThread "GC Thread#5" [stack: 0x000000016fe2c000,0x000000017002f000] [id=27139]
  0x000000012a60a880 GCTaskThread "GC Thread#6" [stack: 0x0000000170038000,0x000000017023b000] [id=27651]
  0x000000014a6a3a40 GCTaskThread "GC Thread#7" [stack: 0x0000000174e54000,0x0000000175057000] [id=77835]
  0x000000014a707d20 ConcurrentGCThread "G1 Main Marker" [stack: 0x000000016d424000,0x000000016d627000] [id=19203]
  0x000000014a7085a0 ConcurrentGCThread "G1 Conc#0" [stack: 0x000000016d630000,0x000000016d833000] [id=18179]
  0x000000012a63cd70 ConcurrentGCThread "G1 Conc#1" [stack: 0x0000000175890000,0x0000000175a93000] [id=76563]
  0x000000014a70a410 ConcurrentGCThread "G1 Refine#0" [stack: 0x000000016d83c000,0x000000016da3f000] [id=17667]
  0x000000014a70acb0 ConcurrentGCThread "G1 Service" [stack: 0x000000016da48000,0x000000016dc4b000] [id=17155]

Threads with active compile tasks:

VM state: not at safepoint (normal execution)

VM Mutex/Monitor currently owned by a thread: None

Heap address: 0x0000000700000000, size: 4096 MB, Compressed Oops mode: Zero based, Oop shift amount: 3

CDS archive(s) mapped at: [0x0000000800000000-0x0000000800bd8000-0x0000000800bd8000), size 12419072, SharedBaseAddress: 0x0000000800000000, ArchiveRelocationMode: 0.
Compressed class space mapped at: 0x0000000800c00000-0x0000000840c00000, reserved size: 1073741824
Narrow klass base: 0x0000000800000000, Narrow klass shift: 0, Narrow klass range: 0x100000000

GC Precious Log:
 CPUs: 8 total, 8 available
 Memory: 16384M
 Large Page Support: Disabled
 NUMA Support: Disabled
 Compressed Oops: Enabled (Zero based)
 Heap Region Size: 2M
 Heap Min Capacity: 8M
 Heap Initial Capacity: 256M
 Heap Max Capacity: 4G
 Pre-touch: Disabled
 Parallel Workers: 8
 Concurrent Workers: 2
 Concurrent Refinement Workers: 8
 Periodic GC: Disabled

Heap:
 garbage-first heap   total 161792K, used 122824K [0x0000000700000000, 0x0000000800000000)
  region size 2048K, 43 young (88064K), 2 survivors (4096K)
 Metaspace       used 29498K, committed 33728K, reserved 1081344K
  class space    used 6673K, committed 8128K, reserved 1048576K

Heap Regions: E=young(eden), S=young(survivor), O=old, HS=humongous(starts), HC=humongous(continues), CS=collection set, F=free, OA=open archive, CA=closed archive, TAMS=top-at-mark-start (previous, next)
|   0|0x0000000700000000, 0x0000000700200000, 0x0000000700200000|100%| O|  |TAMS 0x0000000700200000, 0x0000000700000000| Untracked 
|   1|0x0000000700200000, 0x0000000700400000, 0x0000000700400000|100%| O|  |TAMS 0x0000000700200000, 0x0000000700200000| Untracked 
|   2|0x0000000700400000, 0x0000000700600000, 0x0000000700600000|100%| O|  |TAMS 0x0000000700400000, 0x0000000700400000| Untracked 
|   3|0x0000000700600000, 0x0000000700800000, 0x0000000700800000|100%| O|  |TAMS 0x0000000700600000, 0x0000000700600000| Untracked 
|   4|0x0000000700800000, 0x0000000700933400, 0x0000000700a00000| 60%| O|  |TAMS 0x0000000700800000, 0x0000000700800000| Untracked 
|   5|0x0000000700a00000, 0x0000000700c00000, 0x0000000700c00000|100%|HS|  |TAMS 0x0000000700a00000, 0x0000000700a00000| Complete 
|   6|0x0000000700c00000, 0x0000000700e00000, 0x0000000700e00000|100%|HS|  |TAMS 0x0000000700c00000, 0x0000000700c00000| Complete 
|   7|0x0000000700e00000, 0x0000000701000000, 0x0000000701000000|100%| O|  |TAMS 0x0000000700e00000, 0x0000000700e00000| Untracked 
|   8|0x0000000701000000, 0x0000000701200000, 0x0000000701200000|100%| O|  |TAMS 0x0000000701000000, 0x0000000701000000| Untracked 
|   9|0x0000000701200000, 0x0000000701400000, 0x0000000701400000|100%| O|  |TAMS 0x0000000701200000, 0x0000000701200000| Untracked 
|  10|0x0000000701400000, 0x0000000701600000, 0x0000000701600000|100%| O|  |TAMS 0x0000000701400000, 0x0000000701400000| Untracked 
|  11|0x0000000701600000, 0x0000000701800000, 0x0000000701800000|100%|HS|  |TAMS 0x0000000701600000, 0x0000000701600000| Complete 
|  12|0x0000000701800000, 0x0000000701a00000, 0x0000000701a00000|100%|HC|  |TAMS 0x0000000701800000, 0x0000000701800000| Complete 
|  13|0x0000000701a00000, 0x0000000701c00000, 0x0000000701c00000|100%|HS|  |TAMS 0x0000000701a00000, 0x0000000701a00000| Complete 
|  14|0x0000000701c00000, 0x0000000701e00000, 0x0000000701e00000|100%|HC|  |TAMS 0x0000000701c00000, 0x0000000701c00000| Complete 
|  15|0x0000000701e00000, 0x0000000702000000, 0x0000000702000000|100%|HC|  |TAMS 0x0000000701e00000, 0x0000000701e00000| Complete 
|  16|0x0000000702000000, 0x0000000702200000, 0x0000000702200000|100%|HS|  |TAMS 0x0000000702000000, 0x0000000702000000| Complete 
|  17|0x0000000702200000, 0x0000000702400000, 0x0000000702400000|100%|HC|  |TAMS 0x0000000702200000, 0x0000000702200000| Complete 
|  18|0x0000000702400000, 0x0000000702400000, 0x0000000702600000|  0%| F|  |TAMS 0x0000000702400000, 0x0000000702400000| Untracked 
|  19|0x0000000702600000, 0x0000000702600000, 0x0000000702800000|  0%| F|  |TAMS 0x0000000702600000, 0x0000000702600000| Untracked 
|  20|0x0000000702800000, 0x0000000702800000, 0x0000000702a00000|  0%| F|  |TAMS 0x0000000702800000, 0x0000000702800000| Untracked 
|  21|0x0000000702a00000, 0x0000000702a00000, 0x0000000702c00000|  0%| F|  |TAMS 0x0000000702a00000, 0x0000000702a00000| Untracked 
|  22|0x0000000702c00000, 0x0000000702c00000, 0x0000000702e00000|  0%| F|  |TAMS 0x0000000702c00000, 0x0000000702c00000| Untracked 
|  23|0x0000000702e00000, 0x0000000702e00000, 0x0000000703000000|  0%| F|  |TAMS 0x0000000702e00000, 0x0000000702e00000| Untracked 
|  24|0x0000000703000000, 0x0000000703000000, 0x0000000703200000|  0%| F|  |TAMS 0x0000000703000000, 0x0000000703000000| Untracked 
|  25|0x0000000703200000, 0x0000000703200000, 0x0000000703400000|  0%| F|  |TAMS 0x0000000703200000, 0x0000000703200000| Untracked 
|  26|0x0000000703400000, 0x0000000703400000, 0x0000000703600000|  0%| F|  |TAMS 0x0000000703400000, 0x0000000703400000| Untracked 
|  27|0x0000000703600000, 0x0000000703600000, 0x0000000703800000|  0%| F|  |TAMS 0x0000000703600000, 0x0000000703600000| Untracked 
|  28|0x0000000703800000, 0x0000000703800000, 0x0000000703a00000|  0%| F|  |TAMS 0x0000000703800000, 0x0000000703800000| Untracked 
|  29|0x0000000703a00000, 0x0000000703a00000, 0x0000000703c00000|  0%| F|  |TAMS 0x0000000703a00000, 0x0000000703a00000| Untracked 
|  30|0x0000000703c00000, 0x0000000703cc6db8, 0x0000000703e00000| 38%| S|CS|TAMS 0x0000000703c00000, 0x0000000703c00000| Complete 
|  31|0x0000000703e00000, 0x0000000704000000, 0x0000000704000000|100%| S|CS|TAMS 0x0000000703e00000, 0x0000000703e00000| Complete 
|  32|0x0000000704000000, 0x0000000704000000, 0x0000000704200000|  0%| F|  |TAMS 0x0000000704000000, 0x0000000704000000| Untracked 
|  33|0x0000000704200000, 0x0000000704200000, 0x0000000704400000|  0%| F|  |TAMS 0x0000000704200000, 0x0000000704200000| Untracked 
|  34|0x0000000704400000, 0x0000000704400000, 0x0000000704600000|  0%| F|  |TAMS 0x0000000704400000, 0x0000000704400000| Untracked 
|  35|0x0000000704600000, 0x0000000704600000, 0x0000000704800000|  0%| F|  |TAMS 0x0000000704600000, 0x0000000704600000| Untracked 
|  36|0x0000000704800000, 0x0000000704a00000, 0x0000000704a00000|100%| E|  |TAMS 0x0000000704800000, 0x0000000704800000| Complete 
|  37|0x0000000704a00000, 0x0000000704c00000, 0x0000000704c00000|100%| E|CS|TAMS 0x0000000704a00000, 0x0000000704a00000| Complete 
|  38|0x0000000704c00000, 0x0000000704e00000, 0x0000000704e00000|100%| E|CS|TAMS 0x0000000704c00000, 0x0000000704c00000| Complete 
|  39|0x0000000704e00000, 0x0000000705000000, 0x0000000705000000|100%| E|CS|TAMS 0x0000000704e00000, 0x0000000704e00000| Complete 
|  40|0x0000000705000000, 0x0000000705200000, 0x0000000705200000|100%| E|CS|TAMS 0x0000000705000000, 0x0000000705000000| Complete 
|  41|0x0000000705200000, 0x0000000705400000, 0x0000000705400000|100%| E|CS|TAMS 0x0000000705200000, 0x0000000705200000| Complete 
|  42|0x0000000705400000, 0x0000000705600000, 0x0000000705600000|100%| E|CS|TAMS 0x0000000705400000, 0x0000000705400000| Complete 
|  43|0x0000000705600000, 0x0000000705800000, 0x0000000705800000|100%| E|CS|TAMS 0x0000000705600000, 0x0000000705600000| Complete 
|  44|0x0000000705800000, 0x0000000705a00000, 0x0000000705a00000|100%| E|CS|TAMS 0x0000000705800000, 0x0000000705800000| Complete 
|  45|0x0000000705a00000, 0x0000000705c00000, 0x0000000705c00000|100%| E|CS|TAMS 0x0000000705a00000, 0x0000000705a00000| Complete 
|  46|0x0000000705c00000, 0x0000000705e00000, 0x0000000705e00000|100%| E|CS|TAMS 0x0000000705c00000, 0x0000000705c00000| Complete 
|  47|0x0000000705e00000, 0x0000000706000000, 0x0000000706000000|100%| E|CS|TAMS 0x0000000705e00000, 0x0000000705e00000| Complete 
|  48|0x0000000706000000, 0x0000000706200000, 0x0000000706200000|100%| E|CS|TAMS 0x0000000706000000, 0x0000000706000000| Complete 
|  49|0x0000000706200000, 0x0000000706400000, 0x0000000706400000|100%| E|CS|TAMS 0x0000000706200000, 0x0000000706200000| Complete 
|  50|0x0000000706400000, 0x0000000706600000, 0x0000000706600000|100%| E|CS|TAMS 0x0000000706400000, 0x0000000706400000| Complete 
|  51|0x0000000706600000, 0x0000000706800000, 0x0000000706800000|100%| E|CS|TAMS 0x0000000706600000, 0x0000000706600000| Complete 
|  52|0x0000000706800000, 0x0000000706a00000, 0x0000000706a00000|100%| E|CS|TAMS 0x0000000706800000, 0x0000000706800000| Complete 
|  53|0x0000000706a00000, 0x0000000706c00000, 0x0000000706c00000|100%| E|CS|TAMS 0x0000000706a00000, 0x0000000706a00000| Complete 
|  54|0x0000000706c00000, 0x0000000706e00000, 0x0000000706e00000|100%| E|CS|TAMS 0x0000000706c00000, 0x0000000706c00000| Complete 
|  55|0x0000000706e00000, 0x0000000707000000, 0x0000000707000000|100%| E|CS|TAMS 0x0000000706e00000, 0x0000000706e00000| Complete 
|  56|0x0000000707000000, 0x0000000707200000, 0x0000000707200000|100%| E|CS|TAMS 0x0000000707000000, 0x0000000707000000| Complete 
|  57|0x0000000707200000, 0x0000000707400000, 0x0000000707400000|100%| E|CS|TAMS 0x0000000707200000, 0x0000000707200000| Complete 
|  58|0x0000000707400000, 0x0000000707600000, 0x0000000707600000|100%| E|CS|TAMS 0x0000000707400000, 0x0000000707400000| Complete 
|  59|0x0000000707600000, 0x0000000707800000, 0x0000000707800000|100%| E|CS|TAMS 0x0000000707600000, 0x0000000707600000| Complete 
|  60|0x0000000707800000, 0x0000000707a00000, 0x0000000707a00000|100%| E|CS|TAMS 0x0000000707800000, 0x0000000707800000| Complete 
|  61|0x0000000707a00000, 0x0000000707c00000, 0x0000000707c00000|100%| E|CS|TAMS 0x0000000707a00000, 0x0000000707a00000| Complete 
|  62|0x0000000707c00000, 0x0000000707e00000, 0x0000000707e00000|100%| E|CS|TAMS 0x0000000707c00000, 0x0000000707c00000| Complete 
|  63|0x0000000707e00000, 0x0000000708000000, 0x0000000708000000|100%| E|CS|TAMS 0x0000000707e00000, 0x0000000707e00000| Complete 
|  64|0x0000000708000000, 0x0000000708200000, 0x0000000708200000|100%| E|CS|TAMS 0x0000000708000000, 0x0000000708000000| Complete 
|  65|0x0000000708200000, 0x0000000708400000, 0x0000000708400000|100%| E|CS|TAMS 0x0000000708200000, 0x0000000708200000| Complete 
|  66|0x0000000708400000, 0x0000000708600000, 0x0000000708600000|100%| E|CS|TAMS 0x0000000708400000, 0x0000000708400000| Complete 
|  67|0x0000000708600000, 0x0000000708800000, 0x0000000708800000|100%| E|CS|TAMS 0x0000000708600000, 0x0000000708600000| Complete 
|  68|0x0000000708800000, 0x0000000708a00000, 0x0000000708a00000|100%| E|CS|TAMS 0x0000000708800000, 0x0000000708800000| Complete 
|  69|0x0000000708a00000, 0x0000000708c00000, 0x0000000708c00000|100%| E|CS|TAMS 0x0000000708a00000, 0x0000000708a00000| Complete 
|  70|0x0000000708c00000, 0x0000000708e00000, 0x0000000708e00000|100%| E|CS|TAMS 0x0000000708c00000, 0x0000000708c00000| Complete 
|  71|0x0000000708e00000, 0x0000000709000000, 0x0000000709000000|100%| E|CS|TAMS 0x0000000708e00000, 0x0000000708e00000| Complete 
|  93|0x000000070ba00000, 0x000000070bc00000, 0x000000070bc00000|100%| E|CS|TAMS 0x000000070ba00000, 0x000000070ba00000| Complete 
|  94|0x000000070bc00000, 0x000000070be00000, 0x000000070be00000|100%| E|CS|TAMS 0x000000070bc00000, 0x000000070bc00000| Complete 
|  95|0x000000070be00000, 0x000000070c000000, 0x000000070c000000|100%| E|CS|TAMS 0x000000070be00000, 0x000000070be00000| Complete 
|  96|0x000000070c000000, 0x000000070c200000, 0x000000070c200000|100%| E|CS|TAMS 0x000000070c000000, 0x000000070c000000| Complete 
| 127|0x000000070fe00000, 0x0000000710000000, 0x0000000710000000|100%| E|CS|TAMS 0x000000070fe00000, 0x000000070fe00000| Complete 
|2046|0x00000007ffc00000, 0x00000007ffd78000, 0x00000007ffe00000| 73%|OA|  |TAMS 0x00000007ffd78000, 0x00000007ffc00000| Untracked 
|2047|0x00000007ffe00000, 0x00000007ffe80000, 0x0000000800000000| 25%|CA|  |TAMS 0x00000007ffe80000, 0x00000007ffe00000| Untracked 

Card table byte_map: [0x000000011b4f8000,0x000000011bcf8000] _byte_map_base: 0x0000000117cf8000

Marking Bits (Prev, Next): (CMBitMap*) 0x000000014b03fc50, (CMBitMap*) 0x000000014b03fc10
 Prev Bits: [0x00000001204f8000, 0x00000001244f8000)
 Next Bits: [0x000000011c4f8000, 0x00000001204f8000)

Polling page: 0x0000000102cfc000

Metaspace:

Usage:
  Non-class:     22.29 MB used.
      Class:      6.52 MB used.
       Both:     28.81 MB used.

Virtual space:
  Non-class space:       32.00 MB reserved,      25.00 MB ( 78%) committed,  4 nodes.
      Class space:        1.00 GB reserved,       7.94 MB ( <1%) committed,  1 nodes.
             Both:        1.03 GB reserved,      32.94 MB (  3%) committed. 

Chunk freelists:
   Non-Class:  2.70 MB
       Class:  3.95 MB
        Both:  6.66 MB

MaxMetaspaceSize: unlimited
CompressedClassSpaceSize: 1.00 GB
Initial GC threshold: 21.00 MB
Current GC threshold: 35.12 MB
CDS: on
MetaspaceReclaimPolicy: balanced
 - commit_granule_bytes: 65536.
 - commit_granule_words: 8192.
 - virtual_space_node_default_size: 1048576.
 - enlarge_chunks_in_place: 1.
 - new_chunks_are_fully_committed: 0.
 - uncommit_free_chunks: 1.
 - use_allocation_guard: 0.
 - handle_deallocations: 1.


Internal statistics:

num_allocs_failed_limit: 3.
num_arena_births: 2834.
num_arena_deaths: 0.
num_vsnodes_births: 5.
num_vsnodes_deaths: 0.
num_space_committed: 523.
num_space_uncommitted: 0.
num_chunks_returned_to_freelist: 3.
num_chunks_taken_from_freelist: 4208.
num_chunk_merges: 3.
num_chunk_splits: 2644.
num_chunks_enlarged: 1205.
num_purges: 0.
num_inconsistent_stats: 0.

CodeHeap 'non-profiled nmethods': size=120032Kb used=2121Kb max_used=2121Kb free=117910Kb
 bounds [0x0000000113fc0000, 0x0000000114230000, 0x000000011b4f8000]
CodeHeap 'profiled nmethods': size=120016Kb used=8495Kb max_used=9343Kb free=111520Kb
 bounds [0x000000010ca8c000, 0x000000010d3ac000, 0x0000000113fc0000]
CodeHeap 'non-nmethods': size=5712Kb used=1572Kb max_used=1711Kb free=4139Kb
 bounds [0x000000010c4f8000, 0x000000010c768000, 0x000000010ca8c000]
 total_blobs=4857 nmethods=3837 adapters=936
 compilation: enabled
              stopped_count=0, restarted_count=0
 full_count=0

Compilation events (20 events):
Event: 62.270 Thread 0x000000014b110e00 nmethod 4629 0x000000010d066b90 code [0x000000010d066fc0, 0x000000010d068698]
Event: 62.270 Thread 0x000000014b110e00 4627   !   3       clojure.lang.Compiler::analyze (368 bytes)
Event: 62.272 Thread 0x000000014b110e00 nmethod 4627 0x000000010cf92010 code [0x000000010cf92980, 0x000000010cf977d8]
Event: 62.272 Thread 0x000000014b110e00 4630       3       clojure.core.protocols$iter_reduce::invokeStatic (94 bytes)
Event: 62.272 Thread 0x000000014b110e00 nmethod 4630 0x000000010d1db710 code [0x000000010d1dba40, 0x000000010d1dcd08]
Event: 62.272 Thread 0x000000014b110e00 4628       3       clojure.asm.Frame::getAbstractTypeFromDescriptor (415 bytes)
Event: 62.274 Thread 0x000000014b110e00 nmethod 4628 0x000000010ca9e390 code [0x000000010ca9e840, 0x000000010caa04e8]
Event: 62.274 Thread 0x000000014b110e00 4631       3       clojure.core$string_QMARK___5475::invoke (7 bytes)
Event: 62.274 Thread 0x000000014b110e00 nmethod 4631 0x000000010ce63810 code [0x000000010ce639c0, 0x000000010ce63ce8]
Event: 62.308 Thread 0x000000014b110800 nmethod 4625 0x00000001141cb210 code [0x00000001141cb940, 0x00000001141cf970]
Event: 62.308 Thread 0x000000014b110800 4626       4       clojure.lang.SeqIterator::hasNext (64 bytes)
Event: 62.315 Thread 0x000000014b110800 nmethod 4626 0x00000001141d1090 code [0x00000001141d1300, 0x00000001141d1e00]
Event: 64.168 Thread 0x000000014b110e00 4632       3       java.io.PushbackInputStream::unread (40 bytes)
Event: 64.169 Thread 0x000000014b110e00 nmethod 4632 0x000000010d1daf90 code [0x000000010d1db180, 0x000000010d1db548]
Event: 64.169 Thread 0x000000014b110e00 4634       3       java.lang.String::<init> (10 bytes)
Event: 64.169 Thread 0x000000014b110e00 nmethod 4634 0x000000010d1daa90 code [0x000000010d1dac40, 0x000000010d1dadd8]
Event: 64.169 Thread 0x000000014b110e00 4633       3       nrepl.bencode$read_netstring_STAR_::invoke (7 bytes)
Event: 64.169 Thread 0x000000014b110e00 nmethod 4633 0x000000010cf91a90 code [0x000000010cf91c40, 0x000000010cf91dd8]
Event: 64.174 Thread 0x000000014b110e00 4635       3       java.lang.AbstractStringBuilder::append (63 bytes)
Event: 64.175 Thread 0x000000014b110e00 nmethod 4635 0x000000010d1d7610 code [0x000000010d1d7840, 0x000000010d1d7e98]

GC Heap History (20 events):
Event: 0.174 GC heap before
{Heap before GC invocations=0 (full 0):
 garbage-first heap   total 266240K, used 24544K [0x0000000700000000, 0x0000000800000000)
  region size 2048K, 11 young (22528K), 0 survivors (0K)
 Metaspace       used 5644K, committed 5760K, reserved 1056768K
  class space    used 1200K, committed 1280K, reserved 1048576K
}
Event: 0.176 GC heap after
{Heap after GC invocations=1 (full 0):
 garbage-first heap   total 266240K, used 5741K [0x0000000700000000, 0x0000000800000000)
  region size 2048K, 2 young (4096K), 2 survivors (4096K)
 Metaspace       used 5644K, committed 5760K, reserved 1056768K
  class space    used 1200K, committed 1280K, reserved 1048576K
}
Event: 0.325 GC heap before
{Heap before GC invocations=1 (full 0):
 garbage-first heap   total 266240K, used 36461K [0x0000000700000000, 0x0000000800000000)
  region size 2048K, 17 young (34816K), 2 survivors (4096K)
 Metaspace       used 10676K, committed 10880K, reserved 1064960K
  class space    used 2352K, committed 2432K, reserved 1048576K
}
Event: 0.328 GC heap after
{Heap after GC invocations=2 (full 0):
 garbage-first heap   total 266240K, used 7577K [0x0000000700000000, 0x0000000800000000)
  region size 2048K, 1 young (2048K), 1 survivors (2048K)
 Metaspace       used 10676K, committed 10880K, reserved 1064960K
  class space    used 2352K, committed 2432K, reserved 1048576K
}
Event: 3.737 GC heap before
{Heap before GC invocations=2 (full 0):
 garbage-first heap   total 266240K, used 161177K [0x0000000700000000, 0x0000000800000000)
  region size 2048K, 76 young (155648K), 1 survivors (2048K)
 Metaspace       used 18078K, committed 19392K, reserved 1073152K
  class space    used 3717K, committed 4224K, reserved 1048576K
}
Event: 3.740 GC heap after
{Heap after GC invocations=3 (full 0):
 garbage-first heap   total 266240K, used 11057K [0x0000000700000000, 0x0000000800000000)
  region size 2048K, 3 young (6144K), 3 survivors (6144K)
 Metaspace       used 18078K, committed 19392K, reserved 1073152K
  class space    used 3717K, committed 4224K, reserved 1048576K
}
Event: 20.471 GC heap before
{Heap before GC invocations=3 (full 0):
 garbage-first heap   total 266240K, used 72497K [0x0000000700000000, 0x0000000800000000)
  region size 2048K, 34 young (69632K), 3 survivors (6144K)
 Metaspace       used 19718K, committed 21504K, reserved 1073152K
  class space    used 4118K, committed 4736K, reserved 1048576K
}
Event: 20.475 GC heap after
{Heap after GC invocations=4 (full 0):
 garbage-first heap   total 266240K, used 12344K [0x0000000700000000, 0x0000000800000000)
  region size 2048K, 4 young (8192K), 4 survivors (8192K)
 Metaspace       used 19718K, committed 21504K, reserved 1073152K
  class space    used 4118K, committed 4736K, reserved 1048576K
}
Event: 20.641 GC heap before
{Heap before GC invocations=5 (full 0):
 garbage-first heap   total 61440K, used 45112K [0x0000000700000000, 0x0000000800000000)
  region size 2048K, 21 young (43008K), 4 survivors (8192K)
 Metaspace       used 21750K, committed 23744K, reserved 1073152K
  class space    used 4648K, committed 5376K, reserved 1048576K
}
Event: 20.645 GC heap after
{Heap after GC invocations=6 (full 0):
 garbage-first heap   total 61440K, used 13426K [0x0000000700000000, 0x0000000800000000)
  region size 2048K, 4 young (8192K), 4 survivors (8192K)
 Metaspace       used 21750K, committed 23744K, reserved 1073152K
  class space    used 4648K, committed 5376K, reserved 1048576K
}
Event: 20.649 GC heap before
{Heap before GC invocations=6 (full 0):
 garbage-first heap   total 61440K, used 15474K [0x0000000700000000, 0x0000000800000000)
  region size 2048K, 5 young (10240K), 4 survivors (8192K)
 Metaspace       used 21784K, committed 23808K, reserved 1073152K
  class space    used 4654K, committed 5376K, reserved 1048576K
}
Event: 20.655 GC heap after
{Heap after GC invocations=7 (full 0):
 garbage-first heap   total 161792K, used 13770K [0x0000000700000000, 0x0000000800000000)
  region size 2048K, 1 young (2048K), 1 survivors (2048K)
 Metaspace       used 21784K, committed 23808K, reserved 1073152K
  class space    used 4654K, committed 5376K, reserved 1048576K
}
Event: 20.840 GC heap before
{Heap before GC invocations=7 (full 0):
 garbage-first heap   total 161792K, used 107978K [0x0000000700000000, 0x0000000800000000)
  region size 2048K, 47 young (96256K), 1 survivors (2048K)
 Metaspace       used 24109K, committed 26944K, reserved 1073152K
  class space    used 5330K, committed 6336K, reserved 1048576K
}
Event: 20.841 GC heap after
{Heap after GC invocations=8 (full 0):
 garbage-first heap   total 161792K, used 15278K [0x0000000700000000, 0x0000000800000000)
  region size 2048K, 2 young (4096K), 2 survivors (4096K)
 Metaspace       used 24109K, committed 26944K, reserved 1073152K
  class space    used 5330K, committed 6336K, reserved 1048576K
}
Event: 20.975 GC heap before
{Heap before GC invocations=8 (full 0):
 garbage-first heap   total 161792K, used 107438K [0x0000000700000000, 0x0000000800000000)
  region size 2048K, 47 young (96256K), 2 survivors (4096K)
 Metaspace       used 26032K, committed 29504K, reserved 1073152K
  class space    used 5815K, committed 7040K, reserved 1048576K
}
Event: 20.978 GC heap after
{Heap after GC invocations=9 (full 0):
 garbage-first heap   total 161792K, used 19739K [0x0000000700000000, 0x0000000800000000)
  region size 2048K, 4 young (8192K), 4 survivors (8192K)
 Metaspace       used 26032K, committed 29504K, reserved 1073152K
  class space    used 5815K, committed 7040K, reserved 1048576K
}
Event: 27.499 GC heap before
{Heap before GC invocations=9 (full 0):
 garbage-first heap   total 161792K, used 107803K [0x0000000700000000, 0x0000000800000000)
  region size 2048K, 47 young (96256K), 4 survivors (8192K)
 Metaspace       used 28513K, committed 32448K, reserved 1081344K
  class space    used 6485K, committed 7872K, reserved 1048576K
}
Event: 27.502 GC heap after
{Heap after GC invocations=10 (full 0):
 garbage-first heap   total 161792K, used 21997K [0x0000000700000000, 0x0000000800000000)
  region size 2048K, 4 young (8192K), 4 survivors (8192K)
 Metaspace       used 28513K, committed 32448K, reserved 1081344K
  class space    used 6485K, committed 7872K, reserved 1048576K
}
Event: 27.627 GC heap before
{Heap before GC invocations=10 (full 0):
 garbage-first heap   total 161792K, used 110061K [0x0000000700000000, 0x0000000800000000)
  region size 2048K, 47 young (96256K), 4 survivors (8192K)
 Metaspace       used 28648K, committed 32640K, reserved 1081344K
  class space    used 6487K, committed 7872K, reserved 1048576K
}
Event: 27.629 GC heap after
{Heap after GC invocations=11 (full 0):
 garbage-first heap   total 161792K, used 22472K [0x0000000700000000, 0x0000000800000000)
  region size 2048K, 2 young (4096K), 2 survivors (4096K)
 Metaspace       used 28648K, committed 32640K, reserved 1081344K
  class space    used 6487K, committed 7872K, reserved 1048576K
}

Deoptimization events (20 events):
Event: 44.591 Thread 0x000000014aa0d800 Uncommon trap: trap_request=0xffffff45 fr.pc=0x00000001140e99a0 relative=0x0000000000000620
Event: 44.591 Thread 0x000000014aa0d800 Uncommon trap: reason=unstable_if action=reinterpret pc=0x00000001140e99a0 method=java.util.regex.Pattern$CharProperty.match(Ljava/util/regex/Matcher;ILjava/lang/CharSequence;)Z @ 42 c2
Event: 44.591 Thread 0x000000014aa0d800 DEOPT PACKING pc=0x00000001140e99a0 sp=0x0000000175ea7950
Event: 44.591 Thread 0x000000014aa0d800 DEOPT UNPACKING pc=0x000000010c536d1c sp=0x0000000175ea78f0 mode 2
Event: 44.611 Thread 0x000000014d891600 Uncommon trap: trap_request=0xffffffc6 fr.pc=0x0000000114135f74 relative=0x00000000000026b4
Event: 44.611 Thread 0x000000014d891600 Uncommon trap: reason=bimorphic_or_optimized_type_check action=maybe_recompile pc=0x0000000114135f74 method=clojure.lang.RT.seqFrom(Ljava/lang/Object;)Lclojure/lang/ISeq; @ 34 c2
Event: 44.611 Thread 0x000000014d891600 DEOPT PACKING pc=0x0000000114135f74 sp=0x00000001768e4400
Event: 44.611 Thread 0x000000014d891600 DEOPT UNPACKING pc=0x000000010c536d1c sp=0x00000001768e4330 mode 2
Event: 47.570 Thread 0x000000014aa2e600 DEOPT PACKING pc=0x000000010d00a8d4 sp=0x0000000175884230
Event: 47.570 Thread 0x000000014aa2e600 DEOPT UNPACKING pc=0x000000010c536b7c sp=0x0000000175883f70 mode 0
Event: 47.571 Thread 0x000000014aa2e600 Uncommon trap: trap_request=0xffffff45 fr.pc=0x00000001140b5f2c relative=0x00000000000030ec
Event: 47.571 Thread 0x000000014aa2e600 Uncommon trap: reason=unstable_if action=reinterpret pc=0x00000001140b5f2c method=clojure.asm.Frame.accept(Lclojure/asm/MethodWriter;)V @ 116 c2
Event: 47.571 Thread 0x000000014aa2e600 DEOPT PACKING pc=0x00000001140b5f2c sp=0x0000000175884880
Event: 47.571 Thread 0x000000014aa2e600 DEOPT UNPACKING pc=0x000000010c536d1c sp=0x0000000175884750 mode 2
Event: 62.271 Thread 0x000000014d8bfe00 DEOPT PACKING pc=0x000000010d1247bc sp=0x000000017752ba30
Event: 62.271 Thread 0x000000014d8bfe00 DEOPT UNPACKING pc=0x000000010c536b7c sp=0x000000017752b710 mode 0
Event: 64.177 Thread 0x000000014aa2e600 Uncommon trap: trap_request=0xffffffde fr.pc=0x0000000114113b64 relative=0x00000000000011a4
Event: 64.177 Thread 0x000000014aa2e600 Uncommon trap: reason=class_check action=maybe_recompile pc=0x0000000114113b64 method=java.util.concurrent.ConcurrentHashMap.putVal(Ljava/lang/Object;Ljava/lang/Object;Z)Ljava/lang/Object; @ 242 c2
Event: 64.177 Thread 0x000000014aa2e600 DEOPT PACKING pc=0x0000000114113b64 sp=0x00000001758853e0
Event: 64.177 Thread 0x000000014aa2e600 DEOPT UNPACKING pc=0x000000010c536d1c sp=0x00000001758852f0 mode 2

Classes unloaded (0 events):
No events

Classes redefined (0 events):
No events

Internal exceptions (20 events):
Event: 0.446 Thread 0x000000014b00a600 Exception <a 'java/lang/NoSuchMethodError'{0x000000070eaec838}: 'void java.lang.invoke.DirectMethodHandle$Holder.invokeSpecial(java.lang.Object, java.lang.Object, java.lang.Object)'> (0x000000070eaec838) 
thrown [open/src/hotspot/share/interpreter/linkResolver.cpp, line 766]
Event: 0.453 Thread 0x000000014b00a600 Exception <a 'sun/nio/fs/UnixException'{0x000000070eb445e0}> (0x000000070eb445e0) 
thrown [open/src/hotspot/share/prims/jni.cpp, line 516]
Event: 0.455 Thread 0x000000014b00a600 Exception <a 'java/lang/NoSuchMethodError'{0x000000070eb5abb0}: 'int java.lang.invoke.DirectMethodHandle$Holder.invokeStaticInit(java.lang.Object, java.lang.Object, int, long)'> (0x000000070eb5abb0) 
thrown [open/src/hotspot/share/interpreter/linkResolver.cpp, line 766]
Event: 0.455 Thread 0x000000014b00a600 Exception <a 'java/lang/NoSuchMethodError'{0x000000070eb609c8}: 'java.lang.Object java.lang.invoke.DirectMethodHandle$Holder.newInvokeSpecial(java.lang.Object, java.lang.Object, int)'> (0x000000070eb609c8) 
thrown [open/src/hotspot/share/interpreter/linkResolver.cpp, line 766]
Event: 0.455 Thread 0x000000014b00a600 Exception <a 'java/lang/NoSuchMethodError'{0x000000070eb70e80}: 'int java.lang.invoke.DirectMethodHandle$Holder.invokeStaticInit(java.lang.Object, java.lang.Object, long, long)'> (0x000000070eb70e80) 
thrown [open/src/hotspot/share/interpreter/linkResolver.cpp, line 766]
Event: 0.456 Thread 0x000000014b00a600 Exception <a 'java/lang/NoSuchMethodError'{0x000000070eb774e0}: 'java.lang.Object java.lang.invoke.DirectMethodHandle$Holder.newInvokeSpecial(java.lang.Object, java.lang.Object, long)'> (0x000000070eb774e0) 
thrown [open/src/hotspot/share/interpreter/linkResolver.cpp, line 766]
Event: 0.456 Thread 0x000000014b00a600 Exception <a 'java/lang/NoSuchMethodError'{0x000000070eb7ba78}: 'java.lang.Object java.lang.invoke.Invokers$Holder.linkToTargetMethod(java.lang.Object, long, java.lang.Object)'> (0x000000070eb7ba78) 
thrown [open/src/hotspot/share/interpreter/linkResolver.cpp, line 766]
Event: 0.456 Thread 0x000000014b00a600 Exception <a 'java/lang/NoSuchMethodError'{0x000000070eb83438}: 'int java.lang.invoke.DirectMethodHandle$Holder.invokeStaticInit(java.lang.Object, java.lang.Object, java.lang.Object, long)'> (0x000000070eb83438) 
thrown [open/src/hotspot/share/interpreter/linkResolver.cpp, line 766]
Event: 0.460 Thread 0x000000014b00a600 Exception <a 'sun/nio/fs/UnixException'{0x000000070ebf1078}> (0x000000070ebf1078) 
thrown [open/src/hotspot/share/prims/jni.cpp, line 516]
Event: 0.467 Thread 0x000000014b00a600 Exception <a 'sun/nio/fs/UnixException'{0x000000070e874638}> (0x000000070e874638) 
thrown [open/src/hotspot/share/prims/jni.cpp, line 516]
Event: 0.555 Thread 0x000000014b00a600 Exception <a 'sun/nio/fs/UnixException'{0x000000070e8a64b8}> (0x000000070e8a64b8) 
thrown [open/src/hotspot/share/prims/jni.cpp, line 516]
Event: 3.372 Thread 0x000000014aa2e600 Implicit null exception at 0x0000000114039788 to 0x0000000114039844
Event: 20.879 Thread 0x000000014aa0de00 Implicit null exception at 0x0000000114126ec8 to 0x00000001141272b8
Event: 20.919 Thread 0x000000014aa0de00 Exception <a 'java/lang/NoSuchMethodError'{0x00000007065d26c8}: 'int java.lang.invoke.DirectMethodHandle$Holder.invokeStatic(java.lang.Object, java.lang.Object, java.lang.Object, java.lang.Object)'> (0x00000007065d26c8) 
thrown [open/src/hotspot/share/interpreter/linkResolver.cpp, line 766]
Event: 20.919 Thread 0x000000014aa0de00 Exception <a 'java/lang/NoSuchMethodError'{0x00000007065d5ed0}: 'int java.lang.invoke.DirectMethodHandle$Holder.invokeStaticInit(java.lang.Object, java.lang.Object, java.lang.Object, java.lang.Object)'> (0x00000007065d5ed0) 
thrown [open/src/hotspot/share/interpreter/linkResolver.cpp, line 766]
Event: 20.919 Thread 0x000000014aa0de00 Exception <a 'java/lang/IncompatibleClassChangeError'{0x00000007065df118}: Found class java.lang.Object, but interface was expected> (0x00000007065df118) 
thrown [open/src/hotspot/share/interpreter/linkResolver.cpp, line 833]
Event: 20.919 Thread 0x000000014aa0de00 Exception <a 'java/lang/NoSuchMethodError'{0x00000007065e1ef0}: 'void java.lang.invoke.DirectMethodHandle$Holder.invokeStaticInit(java.lang.Object, java.lang.Object)'> (0x00000007065e1ef0) 
thrown [open/src/hotspot/share/interpreter/linkResolver.cpp, line 766]
Event: 20.920 Thread 0x000000014aa0de00 Exception <a 'java/lang/NoSuchMethodError'{0x00000007065e7d30}: 'int java.lang.invoke.DirectMethodHandle$Holder.invokeStaticInit(java.lang.Object, java.lang.Object)'> (0x00000007065e7d30) 
thrown [open/src/hotspot/share/interpreter/linkResolver.cpp, line 766]
Event: 27.633 Thread 0x000000014aa0d800 Implicit null exception at 0x0000000114110474 to 0x0000000114111074
Event: 30.677 Thread 0x000000014aa2e600 Implicit null exception at 0x0000000113ff9614 to 0x0000000113ff963c

VM Operations (20 events):
Event: 37.241 Executing VM operation: ICBufferFull
Event: 37.242 Executing VM operation: ICBufferFull done
Event: 37.253 Executing VM operation: ICBufferFull
Event: 37.253 Executing VM operation: ICBufferFull done
Event: 38.258 Executing VM operation: Cleanup
Event: 38.258 Executing VM operation: Cleanup done
Event: 45.281 Executing VM operation: Cleanup
Event: 45.282 Executing VM operation: Cleanup done
Event: 48.290 Executing VM operation: Cleanup
Event: 48.291 Executing VM operation: Cleanup done
Event: 51.298 Executing VM operation: Cleanup
Event: 51.298 Executing VM operation: Cleanup done
Event: 55.306 Executing VM operation: Cleanup
Event: 55.307 Executing VM operation: Cleanup done
Event: 57.316 Executing VM operation: Cleanup
Event: 57.316 Executing VM operation: Cleanup done
Event: 60.328 Executing VM operation: Cleanup
Event: 60.328 Executing VM operation: Cleanup done
Event: 62.335 Executing VM operation: Cleanup
Event: 62.335 Executing VM operation: Cleanup done

Events (20 events):
Event: 27.680 Thread 0x000000014b5b3a00 Thread added: 0x000000014b5b3a00
Event: 27.680 Protecting memory [0x00000001760c0000,0x00000001760cc000] with protection modes 0
Event: 30.678 Thread 0x000000014d83ec00 Thread added: 0x000000014d83ec00
Event: 30.678 Protecting memory [0x00000001762cc000,0x00000001762d8000] with protection modes 0
Event: 30.706 Thread 0x000000014ba47600 Thread added: 0x000000014ba47600
Event: 30.706 Protecting memory [0x00000001764d8000,0x00000001764e4000] with protection modes 0
Event: 44.611 Thread 0x000000014d891600 Thread added: 0x000000014d891600
Event: 44.611 Protecting memory [0x00000001766e4000,0x00000001766f0000] with protection modes 0
Event: 47.575 Thread 0x000000014b590400 Thread added: 0x000000014b590400
Event: 47.575 Protecting memory [0x00000001768f0000,0x00000001768fc000] with protection modes 0
Event: 50.909 Thread 0x000000012c00e200 Thread added: 0x000000012c00e200
Event: 50.909 Protecting memory [0x0000000176afc000,0x0000000176b08000] with protection modes 0
Event: 54.554 Thread 0x000000012c08cc00 Thread added: 0x000000012c08cc00
Event: 54.554 Protecting memory [0x0000000176d08000,0x0000000176d14000] with protection modes 0
Event: 56.948 Thread 0x000000012c0b8200 Thread added: 0x000000012c0b8200
Event: 56.948 Protecting memory [0x0000000176f14000,0x0000000176f20000] with protection modes 0
Event: 59.982 Thread 0x000000014d892200 Thread added: 0x000000014d892200
Event: 59.982 Protecting memory [0x0000000177120000,0x000000017712c000] with protection modes 0
Event: 62.270 Thread 0x000000014d8bfe00 Thread added: 0x000000014d8bfe00
Event: 62.270 Protecting memory [0x000000017732c000,0x0000000177338000] with protection modes 0


Dynamic libraries:
0x0000000102cac000 	/Library/Java/JavaVirtualMachines/jdk-17.0.2.jdk/Contents/Home/lib/libjli.dylib
0x00000001ae184000 	/usr/lib/libz.1.dylib
0x00000001ae23b000 	/usr/lib/libSystem.B.dylib
0x00000001ae235000 	/usr/lib/system/libcache.dylib
0x00000001ae1f3000 	/usr/lib/system/libcommonCrypto.dylib
0x00000001ae21c000 	/usr/lib/system/libcompiler_rt.dylib
0x00000001ae213000 	/usr/lib/system/libcopyfile.dylib
0x00000001a347b000 	/usr/lib/system/libcorecrypto.dylib
0x00000001a352e000 	/usr/lib/system/libdispatch.dylib
0x00000001a36fc000 	/usr/lib/system/libdyld.dylib
0x00000001ae22b000 	/usr/lib/system/libkeymgr.dylib
0x00000001ae1ce000 	/usr/lib/system/libmacho.dylib
0x00000001ad8c3000 	/usr/lib/system/libquarantine.dylib
0x00000001ae228000 	/usr/lib/system/libremovefile.dylib
0x00000001a8864000 	/usr/lib/system/libsystem_asl.dylib
0x00000001a341d000 	/usr/lib/system/libsystem_blocks.dylib
0x00000001a35b6000 	/usr/lib/system/libsystem_c.dylib
0x00000001ae220000 	/usr/lib/system/libsystem_collections.dylib
0x00000001acd51000 	/usr/lib/system/libsystem_configuration.dylib
0x00000001abfad000 	/usr/lib/system/libsystem_containermanager.dylib
0x00000001adf30000 	/usr/lib/system/libsystem_coreservices.dylib
0x00000001a5e24000 	/usr/lib/system/libsystem_darwin.dylib
0x00000001ae22c000 	/usr/lib/system/libsystem_dnssd.dylib
0x00000001a35b3000 	/usr/lib/system/libsystem_featureflags.dylib
0x00000001a3711000 	/usr/lib/system/libsystem_info.dylib
0x00000001ae196000 	/usr/lib/system/libsystem_m.dylib
0x00000001a3503000 	/usr/lib/system/libsystem_malloc.dylib
0x00000001a87f3000 	/usr/lib/system/libsystem_networkextension.dylib
0x00000001a627d000 	/usr/lib/system/libsystem_notify.dylib
0x00000001b4579000 	/usr/lib/system/libsystem_product_info_filter.dylib
0x00000001acd56000 	/usr/lib/system/libsystem_sandbox.dylib
0x00000001ae225000 	/usr/lib/system/libsystem_secinit.dylib
0x00000001a36b7000 	/usr/lib/system/libsystem_kernel.dylib
0x00000001a3709000 	/usr/lib/system/libsystem_platform.dylib
0x00000001a36ef000 	/usr/lib/system/libsystem_pthread.dylib
0x00000001a9fbc000 	/usr/lib/system/libsystem_symptoms.dylib
0x00000001a3461000 	/usr/lib/system/libsystem_trace.dylib
0x00000001ae200000 	/usr/lib/system/libunwind.dylib
0x00000001a341f000 	/usr/lib/system/libxpc.dylib
0x00000001a369f000 	/usr/lib/libc++abi.dylib
0x00000001a3575000 	/usr/lib/libobjc.A.dylib
0x00000001ae20b000 	/usr/lib/liboah.dylib
0x00000001a3638000 	/usr/lib/libc++.1.dylib
0x00000001ba092000 	/System/Library/Frameworks/Cocoa.framework/Versions/A/Cocoa
0x00000001a62de000 	/System/Library/Frameworks/AppKit.framework/Versions/C/AppKit
0x00000001a97e4000 	/System/Library/Frameworks/CoreData.framework/Versions/A/CoreData
0x00000001a4639000 	/System/Library/Frameworks/Foundation.framework/Versions/C/Foundation
0x00000001a7196000 	/System/Library/PrivateFrameworks/UIFoundation.framework/Versions/A/UIFoundation
0x00000001b4273000 	/System/Library/PrivateFrameworks/RemoteViewServices.framework/Versions/A/RemoteViewServices
0x00000001ac6f9000 	/System/Library/PrivateFrameworks/XCTTargetBootstrap.framework/Versions/A/XCTTargetBootstrap
0x00000001aff77000 	/System/Library/PrivateFrameworks/InternationalSupport.framework/Versions/A/InternationalSupport
0x00000001b0000000 	/System/Library/PrivateFrameworks/UserActivity.framework/Versions/A/UserActivity
0x00000001af472000 	/usr/lib/libspindump.dylib
0x00000001a7407000 	/System/Library/Frameworks/UniformTypeIdentifiers.framework/Versions/A/UniformTypeIdentifiers
0x00000001aac44000 	/usr/lib/libapp_launch_measurement.dylib
0x00000001aa16e000 	/System/Library/PrivateFrameworks/CoreAnalytics.framework/Versions/A/CoreAnalytics
0x00000001aac47000 	/System/Library/PrivateFrameworks/CoreAutoLayout.framework/Versions/A/CoreAutoLayout
0x00000001abfea000 	/System/Library/Frameworks/Metal.framework/Versions/A/Metal
0x00000001acd61000 	/usr/lib/liblangid.dylib
0x00000001ac6fe000 	/System/Library/PrivateFrameworks/CoreSVG.framework/Versions/A/CoreSVG
0x00000001a8898000 	/System/Library/PrivateFrameworks/SkyLight.framework/Versions/A/SkyLight
0x00000001a8c6d000 	/System/Library/Frameworks/CoreGraphics.framework/Versions/A/CoreGraphics
0x00000001b493f000 	/System/Library/Frameworks/Accelerate.framework/Versions/A/Accelerate
0x00000001aeee9000 	/System/Library/PrivateFrameworks/IconServices.framework/Versions/A/IconServices
0x00000001abfcc000 	/System/Library/Frameworks/IOSurface.framework/Versions/A/IOSurface
0x00000001aa19f000 	/usr/lib/libDiagnosticMessagesClient.dylib
0x00000001b7e40000 	/System/Library/Frameworks/ApplicationServices.framework/Versions/A/ApplicationServices
0x00000001ac6e1000 	/System/Library/PrivateFrameworks/DFRFoundation.framework/Versions/A/DFRFoundation
0x00000001a5b6e000 	/usr/lib/libicucore.A.dylib
0x00000001b0e23000 	/System/Library/Frameworks/AudioToolbox.framework/Versions/A/AudioToolbox
0x00000001aff83000 	/System/Library/PrivateFrameworks/DataDetectorsCore.framework/Versions/A/DataDetectorsCore
0x00000001c68c3000 	/System/Library/PrivateFrameworks/TextInput.framework/Versions/A/TextInput
0x00000001a880d000 	/usr/lib/libMobileGestalt.dylib
0x00000001ac3ad000 	/System/Library/Frameworks/Carbon.framework/Versions/A/Frameworks/HIToolbox.framework/Versions/A/HIToolbox
0x00000001aa620000 	/System/Library/Frameworks/QuartzCore.framework/Versions/A/QuartzCore
0x00000001a57f1000 	/System/Library/Frameworks/Security.framework/Versions/A/Security
0x00000001b42b3000 	/System/Library/Frameworks/Carbon.framework/Versions/A/Frameworks/SpeechRecognition.framework/Versions/A/SpeechRecognition
0x00000001aa99a000 	/System/Library/PrivateFrameworks/CoreUI.framework/Versions/A/CoreUI
0x00000001a50ce000 	/System/Library/Frameworks/CoreAudio.framework/Versions/A/CoreAudio
0x00000001aa294000 	/System/Library/Frameworks/DiskArbitration.framework/Versions/A/DiskArbitration
0x00000001af87c000 	/System/Library/PrivateFrameworks/MultitouchSupport.framework/Versions/A/MultitouchSupport
0x00000001a880b000 	/usr/lib/libenergytrace.dylib
0x00000001a61a6000 	/System/Library/Frameworks/IOKit.framework/Versions/A/IOKit
0x00000001b46a2000 	/System/Library/Frameworks/CoreServices.framework/Versions/A/CoreServices
0x00000001aabd4000 	/System/Library/PrivateFrameworks/PerformanceAnalysis.framework/Versions/A/PerformanceAnalysis
0x0000000204bab000 	/System/Library/Frameworks/OpenGL.framework/Versions/A/OpenGL
0x00000001ad7db000 	/System/Library/PrivateFrameworks/MobileKeyBag.framework/Versions/A/MobileKeyBag
0x00000001a927a000 	/System/Library/Frameworks/ColorSync.framework/Versions/A/ColorSync
0x00000001a373e000 	/System/Library/Frameworks/CoreFoundation.framework/Versions/A/CoreFoundation
0x00000001ac97d000 	/System/Library/Frameworks/CoreImage.framework/Versions/A/CoreImage
0x00000001a4ef2000 	/System/Library/Frameworks/CoreText.framework/Versions/A/CoreText
0x00000001ac72e000 	/System/Library/Frameworks/ImageIO.framework/Versions/A/ImageIO
0x00000001ae241000 	/System/Library/PrivateFrameworks/SoftLinking.framework/Versions/A/SoftLinking
0x00000001aac92000 	/usr/lib/libxml2.2.dylib
0x00000001ae4da000 	/usr/lib/libcompression.dylib
0x00000001afed3000 	/System/Library/PrivateFrameworks/TextureIO.framework/Versions/A/TextureIO
0x00000001aec02000 	/usr/lib/libate.dylib
0x00000001aeac7000 	/usr/lib/liblzma.5.dylib
0x00000001a432d000 	/System/Library/Frameworks/SystemConfiguration.framework/Versions/A/SystemConfiguration
0x00000001ae23d000 	/usr/lib/libfakelink.dylib
0x00000001a833f000 	/System/Library/Frameworks/CFNetwork.framework/Versions/A/CFNetwork
0x00000001ae383000 	/usr/lib/libarchive.2.dylib
0x00000001acd5d000 	/System/Library/PrivateFrameworks/AppleSystemInfo.framework/Versions/A/AppleSystemInfo
0x00000001ad8ee000 	/usr/lib/libbsm.0.dylib
0x00000001a78b0000 	/usr/lib/libnetwork.dylib
0x00000001ae1d7000 	/usr/lib/system/libkxld.dylib
0x00000001ad501000 	/System/Library/PrivateFrameworks/IOMobileFramebuffer.framework/Versions/A/IOMobileFramebuffer
0x00000002224d7000 	/usr/lib/libCoreEntitlements.dylib
0x00000001adf12000 	/System/Library/PrivateFrameworks/AppleFSCompression.framework/Versions/A/AppleFSCompression
0x00000001ad8d6000 	/usr/lib/libcoretls.dylib
0x00000001aeae0000 	/usr/lib/libcoretls_cfhelpers.dylib
0x00000001ae4d5000 	/usr/lib/libpam.2.dylib
0x00000001a9bd3000 	/usr/lib/libsqlite3.dylib
0x00000001aeb49000 	/usr/lib/libxar.1.dylib
0x00000001adf23000 	/usr/lib/libbz2.1.0.dylib
0x00000001ae242000 	/usr/lib/libpcap.A.dylib
0x00000001a9fb3000 	/usr/lib/libdns_services.dylib
0x00000001ae4a8000 	/usr/lib/libapple_nghttp2.dylib
0x00000001ae27f000 	/usr/lib/libiconv.2.dylib
0x00000001ae1cd000 	/usr/lib/libcharset.1.dylib
0x00000001aac10000 	/System/Library/Frameworks/CoreServices.framework/Versions/A/Frameworks/FSEvents.framework/Versions/A/FSEvents
0x00000001a5e2f000 	/System/Library/Frameworks/CoreServices.framework/Versions/A/Frameworks/CarbonCore.framework/Versions/A/CarbonCore
0x00000001aa1f4000 	/System/Library/Frameworks/CoreServices.framework/Versions/A/Frameworks/Metadata.framework/Versions/A/Metadata
0x00000001adf36000 	/System/Library/Frameworks/CoreServices.framework/Versions/A/Frameworks/OSServices.framework/Versions/A/OSServices
0x00000001ae409000 	/System/Library/Frameworks/CoreServices.framework/Versions/A/Frameworks/SearchKit.framework/Versions/A/SearchKit
0x00000001a9f42000 	/System/Library/Frameworks/CoreServices.framework/Versions/A/Frameworks/AE.framework/Versions/A/AE
0x00000001a3c84000 	/System/Library/Frameworks/CoreServices.framework/Versions/A/Frameworks/LaunchServices.framework/Versions/A/LaunchServices
0x00000001aea70000 	/System/Library/Frameworks/CoreServices.framework/Versions/A/Frameworks/DictionaryServices.framework/Versions/A/DictionaryServices
0x00000001aac1d000 	/System/Library/Frameworks/CoreServices.framework/Versions/A/Frameworks/SharedFileList.framework/Versions/A/SharedFileList
0x00000001ad8c6000 	/usr/lib/libCheckFix.dylib
0x00000001a887c000 	/System/Library/PrivateFrameworks/TCC.framework/Versions/A/TCC
0x00000001acd63000 	/System/Library/PrivateFrameworks/CoreNLP.framework/Versions/A/CoreNLP
0x00000001aa1a2000 	/System/Library/PrivateFrameworks/MetadataUtilities.framework/Versions/A/MetadataUtilities
0x00000001a43e6000 	/usr/lib/libmecabra.dylib
0x00000001ad8ff000 	/usr/lib/libmecab.dylib
0x00000001a43b2000 	/usr/lib/libCRFSuite.dylib
0x00000001ad95c000 	/usr/lib/libgermantok.dylib
0x00000001ae481000 	/usr/lib/libThaiTokenizer.dylib
0x00000001aa29c000 	/System/Library/Frameworks/Accelerate.framework/Versions/A/Frameworks/vImage.framework/Versions/A/vImage
0x00000001b4679000 	/System/Library/Frameworks/Accelerate.framework/Versions/A/Frameworks/vecLib.framework/Versions/A/vecLib
0x00000001aeb8e000 	/System/Library/Frameworks/Accelerate.framework/Versions/A/Frameworks/vecLib.framework/Versions/A/libvMisc.dylib
0x00000001ad408000 	/System/Library/Frameworks/Accelerate.framework/Versions/A/Frameworks/vecLib.framework/Versions/A/libvDSP.dylib
0x00000001a400d000 	/System/Library/Frameworks/Accelerate.framework/Versions/A/Frameworks/vecLib.framework/Versions/A/libBLAS.dylib
0x00000001ae5ab000 	/System/Library/Frameworks/Accelerate.framework/Versions/A/Frameworks/vecLib.framework/Versions/A/libLAPACK.dylib
0x00000001ad95f000 	/System/Library/Frameworks/Accelerate.framework/Versions/A/Frameworks/vecLib.framework/Versions/A/libLinearAlgebra.dylib
0x00000001ae4c0000 	/System/Library/Frameworks/Accelerate.framework/Versions/A/Frameworks/vecLib.framework/Versions/A/libSparseBLAS.dylib
0x00000001ae5a6000 	/System/Library/Frameworks/Accelerate.framework/Versions/A/Frameworks/vecLib.framework/Versions/A/libQuadrature.dylib
0x00000001ace5c000 	/System/Library/Frameworks/Accelerate.framework/Versions/A/Frameworks/vecLib.framework/Versions/A/libBNNS.dylib
0x00000001a42cb000 	/System/Library/Frameworks/Accelerate.framework/Versions/A/Frameworks/vecLib.framework/Versions/A/libSparse.dylib
0x00000001ace54000 	/System/Library/PrivateFrameworks/LinguisticData.framework/Versions/A/LinguisticData
0x00000001a4283000 	/System/Library/PrivateFrameworks/Lexicon.framework/Versions/A/Lexicon
0x00000001aeb86000 	/usr/lib/libChineseTokenizer.dylib
0x00000001a4a2a000 	/System/Library/PrivateFrameworks/LanguageModeling.framework/Versions/A/LanguageModeling
0x00000001ae483000 	/System/Library/PrivateFrameworks/AppleSauce.framework/Versions/A/AppleSauce
0x00000001ad4ee000 	/System/Library/PrivateFrameworks/CoreEmoji.framework/Versions/A/CoreEmoji
0x00000001ae371000 	/usr/lib/libcmph.dylib
0x00000001aabf0000 	/System/Library/Frameworks/OpenDirectory.framework/Versions/A/Frameworks/CFOpenDirectory.framework/Versions/A/CFOpenDirectory
0x00000001aabe0000 	/System/Library/Frameworks/OpenDirectory.framework/Versions/A/OpenDirectory
0x00000001aeae2000 	/System/Library/PrivateFrameworks/APFS.framework/Versions/A/APFS
0x00000001ad816000 	/System/Library/Frameworks/SecurityFoundation.framework/Versions/A/SecurityFoundation
0x00000001aeb58000 	/usr/lib/libutil.dylib
0x00000001a6168000 	/System/Library/PrivateFrameworks/CoreServicesStore.framework/Versions/A/CoreServicesStore
0x00000001aeb5c000 	/usr/lib/libxslt.1.dylib
0x00000001ad8aa000 	/System/Library/PrivateFrameworks/BackgroundTaskManagement.framework/Versions/A/BackgroundTaskManagement
0x00000001afdf4000 	/System/Library/Frameworks/ImageIO.framework/Versions/A/Resources/libRadiance.dylib
0x00000001afdfd000 	/System/Library/Frameworks/ImageIO.framework/Versions/A/Resources/libJPEG.dylib
0x00000001afd50000 	/System/Library/Frameworks/ImageIO.framework/Versions/A/Resources/libPng.dylib
0x00000001afd72000 	/System/Library/Frameworks/ImageIO.framework/Versions/A/Resources/libTIFF.dylib
0x00000001afe58000 	/System/Library/Frameworks/ImageIO.framework/Versions/A/Resources/libGIF.dylib
0x00000001af78c000 	/System/Library/Frameworks/ImageIO.framework/Versions/A/Resources/libJP2.dylib
0x00000001aeeae000 	/usr/lib/libexpat.1.dylib
0x00000001af747000 	/System/Library/PrivateFrameworks/AppleJPEG.framework/Versions/A/AppleJPEG
0x00000001ac269000 	/System/Library/PrivateFrameworks/FontServices.framework/libFontParser.dylib
0x00000001a9ee7000 	/System/Library/PrivateFrameworks/RunningBoardServices.framework/Versions/A/RunningBoardServices
0x00000001ba765000 	/System/Library/PrivateFrameworks/IOSurfaceAccelerator.framework/Versions/A/IOSurfaceAccelerator
0x00000001af878000 	/System/Library/PrivateFrameworks/WatchdogClient.framework/Versions/A/WatchdogClient
0x00000001a4b2e000 	/System/Library/Frameworks/CoreDisplay.framework/Versions/A/CoreDisplay
0x00000001ac153000 	/System/Library/Frameworks/CoreMedia.framework/Versions/A/CoreMedia
0x00000001abfe0000 	/System/Library/PrivateFrameworks/IOAccelerator.framework/Versions/A/IOAccelerator
0x00000001aad80000 	/System/Library/Frameworks/CoreVideo.framework/Versions/A/CoreVideo
0x00000001ae4d3000 	/System/Library/Frameworks/MetalPerformanceShaders.framework/Versions/A/MetalPerformanceShaders
0x00000001af8b7000 	/System/Library/Frameworks/VideoToolbox.framework/Versions/A/VideoToolbox
0x00000001a9e2b000 	/System/Library/PrivateFrameworks/BaseBoard.framework/Versions/A/BaseBoard
0x00000001a9bb9000 	/System/Library/PrivateFrameworks/ProtocolBuffer.framework/Versions/A/ProtocolBuffer
0x00000001afdef000 	/System/Library/PrivateFrameworks/GPUWrangler.framework/Versions/A/GPUWrangler
0x00000001afdcf000 	/System/Library/PrivateFrameworks/IOPresentment.framework/Versions/A/IOPresentment
0x00000001afdf7000 	/System/Library/PrivateFrameworks/DSExternalDisplay.framework/Versions/A/DSExternalDisplay
0x0000000204b9e000 	/System/Library/Frameworks/OpenGL.framework/Versions/A/Libraries/libCoreFSCache.dylib
0x000000020f05d000 	/System/Library/PrivateFrameworks/GPUCompiler.framework/Versions/31001/Libraries/libGPUCompilerUtils.dylib
0x00000001afe5d000 	/System/Library/PrivateFrameworks/CMCaptureCore.framework/Versions/A/CMCaptureCore
0x00000001af45f000 	/System/Library/PrivateFrameworks/AppServerSupport.framework/Versions/A/AppServerSupport
0x00000001b16e0000 	/System/Library/PrivateFrameworks/perfdata.framework/Versions/A/perfdata
0x00000001a4c4e000 	/System/Library/PrivateFrameworks/AudioToolboxCore.framework/Versions/A/AudioToolboxCore
0x00000001ac12c000 	/System/Library/PrivateFrameworks/caulk.framework/Versions/A/caulk
0x00000001b0fd5000 	/usr/lib/libAudioStatistics.dylib
0x00000001c2f2a000 	/System/Library/PrivateFrameworks/SystemPolicy.framework/Versions/A/SystemPolicy
0x00000001b1241000 	/usr/lib/libSMC.dylib
0x00000001b9f74000 	/System/Library/Frameworks/CoreMIDI.framework/Versions/A/CoreMIDI
0x00000001afd1e000 	/usr/lib/libAudioToolboxUtility.dylib
0x00000001beff7000 	/System/Library/PrivateFrameworks/OSAServicesClient.framework/Versions/A/OSAServicesClient
0x00000001b16ed000 	/usr/lib/libperfcheck.dylib
0x00000001c3a42000 	/usr/lib/libmis.dylib
0x0000000204c00000 	/System/Library/Frameworks/OpenGL.framework/Versions/A/Libraries/libGLU.dylib
0x0000000204bbf000 	/System/Library/Frameworks/OpenGL.framework/Versions/A/Libraries/libGFXShared.dylib
0x0000000204dac000 	/System/Library/Frameworks/OpenGL.framework/Versions/A/Libraries/libGL.dylib
0x0000000204bc8000 	/System/Library/Frameworks/OpenGL.framework/Versions/A/Libraries/libGLImage.dylib
0x0000000204bbc000 	/System/Library/Frameworks/OpenGL.framework/Versions/A/Libraries/libCVMSPluginSupport.dylib
0x0000000204ba5000 	/System/Library/Frameworks/OpenGL.framework/Versions/A/Libraries/libCoreVMClient.dylib
0x00000001accdd000 	/System/Library/Frameworks/MetalPerformanceShaders.framework/Versions/A/Frameworks/MPSCore.framework/Versions/A/MPSCore
0x00000001ade85000 	/System/Library/Frameworks/MetalPerformanceShaders.framework/Versions/A/Frameworks/MPSImage.framework/Versions/A/MPSImage
0x00000001ad974000 	/System/Library/Frameworks/MetalPerformanceShaders.framework/Versions/A/Frameworks/MPSNeuralNetwork.framework/Versions/A/MPSNeuralNetwork
0x00000001addad000 	/System/Library/Frameworks/MetalPerformanceShaders.framework/Versions/A/Frameworks/MPSMatrix.framework/Versions/A/MPSMatrix
0x00000001adb86000 	/System/Library/Frameworks/MetalPerformanceShaders.framework/Versions/A/Frameworks/MPSRayIntersector.framework/Versions/A/MPSRayIntersector
0x00000001addde000 	/System/Library/Frameworks/MetalPerformanceShaders.framework/Versions/A/Frameworks/MPSNDArray.framework/Versions/A/MPSNDArray
0x0000000206d17000 	/System/Library/Frameworks/MetalPerformanceShaders.framework/Versions/A/Frameworks/MPSFunctions.framework/Versions/A/MPSFunctions
0x00000001a3ee4000 	/System/Library/PrivateFrameworks/MetalTools.framework/Versions/A/MetalTools
0x00000001acd5b000 	/System/Library/PrivateFrameworks/AggregateDictionary.framework/Versions/A/AggregateDictionary
0x00000001aec93000 	/usr/lib/libIOReport.dylib
0x00000001b8f92000 	/System/Library/PrivateFrameworks/ASEProcessing.framework/Versions/A/ASEProcessing
0x00000001af008000 	/System/Library/PrivateFrameworks/FaceCore.framework/Versions/A/FaceCore
0x00000001aeffa000 	/System/Library/PrivateFrameworks/GraphVisualizer.framework/Versions/A/GraphVisualizer
0x000000020ef74000 	/System/Library/PrivateFrameworks/FontServices.framework/Versions/A/FontServices
0x00000001af41b000 	/System/Library/PrivateFrameworks/OTSVG.framework/Versions/A/OTSVG
0x00000001aa94a000 	/System/Library/Frameworks/ApplicationServices.framework/Versions/A/Frameworks/ATS.framework/Versions/A/Resources/libFontRegistry.dylib
0x00000001af468000 	/System/Library/PrivateFrameworks/FontServices.framework/libhvf.dylib
0x000000020ef75000 	/System/Library/PrivateFrameworks/FontServices.framework/libXTFontStaticRegistryData.dylib
0x0000000204f4d000 	/System/Library/Frameworks/OpenCL.framework/Versions/A/OpenCL
0x00000001aee62000 	/System/Library/PrivateFrameworks/AppleVA.framework/Versions/A/AppleVA
0x00000001b0ffd000 	/System/Library/Frameworks/ApplicationServices.framework/Versions/A/Frameworks/ATS.framework/Versions/A/ATS
0x00000001a9377000 	/System/Library/Frameworks/ApplicationServices.framework/Versions/A/Frameworks/HIServices.framework/Versions/A/HIServices
0x00000001afe67000 	/System/Library/Frameworks/ApplicationServices.framework/Versions/A/Frameworks/PrintCore.framework/Versions/A/PrintCore
0x00000001b1394000 	/System/Library/Frameworks/ApplicationServices.framework/Versions/A/Frameworks/QD.framework/Versions/A/QD
0x00000001b138c000 	/System/Library/Frameworks/ApplicationServices.framework/Versions/A/Frameworks/ColorSyncLegacy.framework/Versions/A/ColorSyncLegacy
0x00000001b0fe9000 	/System/Library/Frameworks/ApplicationServices.framework/Versions/A/Frameworks/SpeechSynthesis.framework/Versions/A/SpeechSynthesis
0x00000001afe28000 	/System/Library/Frameworks/ApplicationServices.framework/Versions/A/Frameworks/ATSUI.framework/Versions/A/ATSUI
0x00000001b1321000 	/usr/lib/libcups.2.dylib
0x00000001b16fb000 	/System/Library/Frameworks/Kerberos.framework/Versions/A/Kerberos
0x00000001b170c000 	/System/Library/Frameworks/GSS.framework/Versions/A/GSS
0x00000001b106d000 	/usr/lib/libresolv.9.dylib
0x00000001af477000 	/System/Library/PrivateFrameworks/Heimdal.framework/Versions/A/Heimdal
0x00000001b81c7000 	/System/Library/Frameworks/Kerberos.framework/Versions/A/Libraries/libHeimdalProxy.dylib
0x00000001a9fc5000 	/System/Library/Frameworks/Network.framework/Versions/A/Network
0x00000001aeec9000 	/usr/lib/libheimdal-asn1.dylib
0x00000001b175c000 	/System/Library/PrivateFrameworks/CommonAuth.framework/Versions/A/CommonAuth
0x00000001b0f63000 	/System/Library/PrivateFrameworks/AudioSession.framework/Versions/A/AudioSession
0x00000001aef5b000 	/System/Library/PrivateFrameworks/MediaExperience.framework/Versions/A/MediaExperience
0x00000001b0de9000 	/System/Library/PrivateFrameworks/AudioSession.framework/libSessionUtility.dylib
0x00000001b13a0000 	/System/Library/PrivateFrameworks/AudioResourceArbitration.framework/Versions/A/AudioResourceArbitration
0x00000001b5556000 	/System/Library/PrivateFrameworks/PowerLog.framework/Versions/A/PowerLog
0x00000001aeed3000 	/System/Library/PrivateFrameworks/IconFoundation.framework/Versions/A/IconFoundation
0x00000001b429f000 	/System/Library/PrivateFrameworks/SpeechRecognitionCore.framework/Versions/A/SpeechRecognitionCore
0x0000000103e2c000 	/Library/Java/JavaVirtualMachines/jdk-17.0.2.jdk/Contents/Home/lib/server/libjvm.dylib
0x0000000102d10000 	/Library/Java/JavaVirtualMachines/jdk-17.0.2.jdk/Contents/Home/lib/libjimage.dylib
0x0000000102f6c000 	/Library/Java/JavaVirtualMachines/jdk-17.0.2.jdk/Contents/Home/lib/libjava.dylib
0x00000001039e0000 	/Library/Java/JavaVirtualMachines/jdk-17.0.2.jdk/Contents/Home/lib/libnio.dylib
0x0000000103a00000 	/Library/Java/JavaVirtualMachines/jdk-17.0.2.jdk/Contents/Home/lib/libnet.dylib
0x0000000102f50000 	/Library/Java/JavaVirtualMachines/jdk-17.0.2.jdk/Contents/Home/lib/libzip.dylib
0x0000000103a6c000 	/private/var/folders/b7/8gchdr29163fj3sl6cjqn0_m0000gn/T/lwjgltiodargy/3.3.1-build-7/liblwjgl.dylib
0x0000000103ab4000 	/private/var/folders/b7/8gchdr29163fj3sl6cjqn0_m0000gn/T/lwjgltiodargy/3.3.1-build-7/libglfw.dylib
0x00000001a612b000 	/System/Library/PrivateFrameworks/CoreServicesInternal.framework/Versions/A/CoreServicesInternal
0x00000001b57ae000 	/System/Library/Frameworks/FileProvider.framework/Versions/A/FileProvider
0x00000001a9d93000 	/System/Library/Frameworks/Accounts.framework/Versions/A/Accounts
0x00000001b5932000 	/System/Library/PrivateFrameworks/GenerationalStorage.framework/Versions/A/GenerationalStorage
0x00000001b64f5000 	/System/Library/PrivateFrameworks/CoreSymbolication.framework/Versions/A/CoreSymbolication
0x00000001b554a000 	/System/Library/PrivateFrameworks/SymptomDiagnosticReporter.framework/Versions/A/SymptomDiagnosticReporter
0x00000001a741b000 	/System/Library/PrivateFrameworks/DesktopServicesPriv.framework/Versions/A/DesktopServicesPriv
0x00000001a628d000 	/usr/lib/libsandbox.1.dylib
0x00000001aae0e000 	/System/Library/PrivateFrameworks/UserManagement.framework/Versions/A/UserManagement
0x00000001b64b2000 	/System/Library/PrivateFrameworks/DebugSymbols.framework/Versions/A/DebugSymbols
0x00000001b137f000 	/System/Library/PrivateFrameworks/NetAuth.framework/Versions/A/NetAuth
0x00000001b229d000 	/System/Library/PrivateFrameworks/Sharing.framework/Versions/A/Sharing
0x00000001aadde000 	/System/Library/PrivateFrameworks/login.framework/Versions/A/Frameworks/loginsupport.framework/Versions/A/loginsupport
0x00000001b76e7000 	/System/Library/PrivateFrameworks/Apple80211.framework/Versions/A/Apple80211
0x00000001adf69000 	/System/Library/PrivateFrameworks/AuthKit.framework/Versions/A/AuthKit
0x00000001ad5ea000 	/System/Library/PrivateFrameworks/CoreUtils.framework/Versions/A/CoreUtils
0x00000001ad50d000 	/System/Library/Frameworks/CoreWLAN.framework/Versions/A/CoreWLAN
0x00000001b240d000 	/System/Library/Frameworks/IOBluetooth.framework/Versions/A/IOBluetooth
0x00000001b7747000 	/System/Library/PrivateFrameworks/CoreWiFi.framework/Versions/A/CoreWiFi
0x00000001b6092000 	/System/Library/PrivateFrameworks/FrontBoardServices.framework/Versions/A/FrontBoardServices
0x00000001b612a000 	/System/Library/PrivateFrameworks/BoardServices.framework/Versions/A/BoardServices
0x00000001ad804000 	/System/Library/PrivateFrameworks/AssertionServices.framework/Versions/A/AssertionServices
0x00000001b78c4000 	/System/Library/PrivateFrameworks/BackBoardServices.framework/Versions/A/BackBoardServices
0x00000001b17f3000 	/System/Library/PrivateFrameworks/CorePhoneNumbers.framework/Versions/A/CorePhoneNumbers
0x00000001b567a000 	/System/Library/PrivateFrameworks/DiskManagement.framework/Versions/A/DiskManagement
0x00000001b557d000 	/System/Library/PrivateFrameworks/AppleIDAuthSupport.framework/Versions/A/AppleIDAuthSupport
0x000000020953e000 	/System/Library/PrivateFrameworks/AAAFoundation.framework/Versions/A/AAAFoundation
0x00000001b17d2000 	/System/Library/PrivateFrameworks/KeychainCircle.framework/Versions/A/KeychainCircle
0x00000001b5646000 	/System/Library/PrivateFrameworks/MediaKit.framework/Versions/A/MediaKit
0x00000001b558a000 	/System/Library/Frameworks/DiscRecording.framework/Versions/A/DiscRecording
0x00000001aedde000 	/usr/lib/libCoreStorage.dylib
0x00000001b7bc1000 	/usr/lib/libcsfde.dylib
0x00000001b24e2000 	/System/Library/PrivateFrameworks/ProtectedCloudStorage.framework/Versions/A/ProtectedCloudStorage
0x00000001b7bb9000 	/System/Library/PrivateFrameworks/EFILogin.framework/Versions/A/EFILogin
0x00000001b5959000 	/System/Library/PrivateFrameworks/OctagonTrust.framework/Versions/A/OctagonTrust
0x000000020e10f000 	/System/Library/PrivateFrameworks/CoreUtilsExtras.framework/Versions/A/CoreUtilsExtras
0x00000001b54af000 	/System/Library/Frameworks/CoreBluetooth.framework/Versions/A/CoreBluetooth
0x00000001b824c000 	/System/Library/Frameworks/AudioUnit.framework/Versions/A/AudioUnit
0x00000001aedd6000 	/usr/lib/libMatch.1.dylib
0x00000001aaad8000 	/System/Library/PrivateFrameworks/ViewBridge.framework/Versions/A/ViewBridge
0x0000000103df8000 	/usr/lib/libobjc-trampolines.dylib
0x00000001c7f0a000 	/System/Library/Frameworks/Accelerate.framework/Versions/A/Frameworks/vImage.framework/Versions/A/Libraries/libCGInterfaces.dylib
0x00000001af53a000 	/System/Library/PrivateFrameworks/login.framework/Versions/A/login
0x0000000204db6000 	/System/Library/Frameworks/OpenGL.framework/Versions/A/Resources/GLEngine.bundle/GLEngine
0x0000000204c3e000 	/System/Library/Frameworks/OpenGL.framework/Versions/A/Libraries/libGLProgrammability.dylib
0x0000000128e38000 	/System/Library/Extensions/AppleMetalOpenGLRenderer.bundle/Contents/MacOS/AppleMetalOpenGLRenderer
0x0000000204f25000 	/System/Library/Frameworks/OpenGL.framework/Versions/A/Resources/GLRendererFloat.bundle/GLRendererFloat
0x00000001e9e9d000 	/System/Library/Extensions/AGXMetalG13X.bundle/Contents/MacOS/AGXMetalG13X
0x00000001c3a5e000 	/System/Library/PrivateFrameworks/GPURawCounter.framework/Versions/A/GPURawCounter
0x00000001be168000 	/System/Library/PrivateFrameworks/IOGPU.framework/Versions/A/IOGPU
0x000000012ff58000 	/private/var/folders/b7/8gchdr29163fj3sl6cjqn0_m0000gn/T/lwjgltiodargy/3.3.1-build-7/liblwjgl_opengl.dylib
0x0000000222655000 	/usr/lib/libRosetta.dylib
0x00000001b49c8000 	/System/Library/PrivateFrameworks/SystemAdministration.framework/Versions/A/SystemAdministration
0x00000001b006e000 	/System/Library/Frameworks/MediaToolbox.framework/Versions/A/MediaToolbox
0x00000001b4267000 	/System/Library/Frameworks/DirectoryService.framework/Versions/A/DirectoryService
0x00000001b7a4e000 	/System/Library/PrivateFrameworks/DiskImages.framework/Versions/A/DiskImages
0x00000001ad8b5000 	/System/Library/Frameworks/ServiceManagement.framework/Versions/A/ServiceManagement
0x00000001b7c37000 	/System/Library/PrivateFrameworks/LoginUIKit.framework/Versions/A/Frameworks/LoginUICore.framework/Versions/A/LoginUICore
0x00000001af6f0000 	/usr/lib/libodfde.dylib
0x00000001b577a000 	/System/Library/PrivateFrameworks/CoreAVCHD.framework/Versions/A/CoreAVCHD
0x00000001b498a000 	/System/Library/Frameworks/MediaAccessibility.framework/Versions/A/MediaAccessibility
0x00000001b5776000 	/System/Library/PrivateFrameworks/Mangrove.framework/Versions/A/Mangrove
0x00000001b4997000 	/System/Library/PrivateFrameworks/AlgosScoreFramework.framework/Versions/A/AlgosScoreFramework
0x000000020b1fa000 	/System/Library/PrivateFrameworks/CMPhoto.framework/Versions/A/CMPhoto
0x00000001b576a000 	/System/Library/PrivateFrameworks/CoreAUC.framework/Versions/A/CoreAUC
0x00000001b7bcd000 	/usr/lib/libcurl.4.dylib
0x00000002229fd000 	/usr/lib/libcrypto.46.dylib
0x0000000222ea2000 	/usr/lib/libssl.48.dylib
0x00000001b78e4000 	/System/Library/Frameworks/LDAP.framework/Versions/A/LDAP
0x00000001b7920000 	/System/Library/PrivateFrameworks/TrustEvaluationAgent.framework/Versions/A/TrustEvaluationAgent
0x00000001b1086000 	/usr/lib/libsasl2.2.dylib
0x00000001b49bd000 	/System/Library/PrivateFrameworks/CoreDaemon.framework/Versions/B/CoreDaemon
0x00000001b49b7000 	/System/Library/PrivateFrameworks/AppleSRP.framework/Versions/A/AppleSRP
0x000000012be68000 	/Library/Java/JavaVirtualMachines/jdk-17.0.2.jdk/Contents/Home/lib/libextnet.dylib
0x000000012bef0000 	/Library/Java/JavaVirtualMachines/jdk-17.0.2.jdk/Contents/Home/lib/libverify.dylib


VM Arguments:
jvm_args: -Dfile.encoding=UTF-8 -Djava.awt.headless=true -Dclojure.compile.path=/Users/tiodargy/Desktop/keycaps/3D/pucks/target/classes -Dpucks.version=0.1.0-SNAPSHOT -Dclojure.debug=false 
java_command: clojure.main -i /private/var/folders/b7/8gchdr29163fj3sl6cjqn0_m0000gn/T/form-init10397443196038403767.clj
java_class_path (initial): /Users/tiodargy/Desktop/keycaps/3D/pucks/test:/Users/tiodargy/Desktop/keycaps/3D/pucks/src:/Users/tiodargy/Desktop/keycaps/3D/pucks/dev-resources:/Users/tiodargy/Desktop/keycaps/3D/pucks/resources:/Users/tiodargy/Desktop/keycaps/3D/pucks/target/classes:/Users/tiodargy/.m2/repository/org/apache/commons/commons-math3/3.6.1/commons-math3-3.6.1.jar:/Users/tiodargy/.m2/repository/org/clojure/math.combinatorics/0.1.6/math.combinatorics-0.1.6.jar:/Users/tiodargy/.m2/repository/org/nrepl/incomplete/0.1.0/incomplete-0.1.0.jar:/Users/tiodargy/.m2/repository/org/lwjgl/lwjgl/3.3.1/lwjgl-3.3.1-natives-macos-arm64.jar:/Users/tiodargy/.m2/repository/org/clojure/tools.analyzer/0.1.0-beta12/tools.analyzer-0.1.0-beta12.jar:/Users/tiodargy/.m2/repository/uncomplicate/clojurecl/0.15.1/clojurecl-0.15.1.jar:/Users/tiodargy/.m2/repository/mvxcvi/arrangement/1.1.1/arrangement-1.1.1.jar:/Users/tiodargy/.m2/repository/mvxcvi/whidbey/2.1.0/whidbey-2.1.0.jar:/Users/tiodargy/.m2/repository/org/clojure/tools.macro/0.1.5/tools.macro-0.1.5.jar:/Users/tiodargy/.m2/repository/org/clojure/clojure/1.11.1/clojure-1.11.1.jar:/Users/tiodargy/.m2/repository/instaparse/instaparse/1.4.5/instaparse-1.4.5.jar:/Users/tiodargy/.m2/repository/org/clojure/core.memoize/0.5.8/core.memoize-0.5.8.jar:/Users/tiodargy/.m2/repository/org/clojure/core.rrb-vector/0.0.13/core.rrb-vector-0.0.13.jar:/Users/tiodargy/.m2/repository/org/clojure/tools.analyzer.jvm/0.1.0-beta12/tools.analyzer.jvm-0.1.0-beta12.jar:/Users/tiodargy/.m2/repository/org/lwjgl/lwjgl-opengl/3.3.1/lwjgl-opengl-3.3.1-natives-macos-arm64.jar:/Users/tiodargy/.m2/repository/grimradical/clj-semver/0.3.0/clj-semver-0.3.0.jar:/Users/tiodargy/.m2/repository/org/lwjgl/lwjgl/3.3.1/lwjgl-3.3.1.jar:/Users/tiodargy/.m2/repository/org/clojars/brenton/google-diff-match-patch/0.1/google-diff-match-patch-0.1.jar:/Users/tiodargy/.m2/repository/org/clojure/algo.generic/0.1.3/algo.generic-0.1.3.jar:/Users/tiodargy/.m2/repository/robert/hooke/1.3.
Launcher Type: SUN_STANDARD

[Global flags]
     intx CICompilerCount                          = 4                                         {product} {ergonomic}
     uint ConcGCThreads                            = 2                                         {product} {ergonomic}
     uint G1ConcRefinementThreads                  = 8                                         {product} {ergonomic}
   size_t G1HeapRegionSize                         = 2097152                                   {product} {ergonomic}
    uintx GCDrainStackTargetSize                   = 64                                        {product} {ergonomic}
   size_t InitialHeapSize                          = 268435456                                 {product} {ergonomic}
   size_t MarkStackSize                            = 4194304                                   {product} {ergonomic}
   size_t MaxHeapSize                              = 4294967296                                {product} {ergonomic}
   size_t MaxNewSize                               = 2575302656                                {product} {ergonomic}
   size_t MinHeapDeltaBytes                        = 2097152                                   {product} {ergonomic}
   size_t MinHeapSize                              = 8388608                                   {product} {ergonomic}
    uintx NonNMethodCodeHeapSize                   = 5839564                                {pd product} {ergonomic}
    uintx NonProfiledCodeHeapSize                  = 122909338                              {pd product} {ergonomic}
    uintx ProfiledCodeHeapSize                     = 122909338                              {pd product} {ergonomic}
    uintx ReservedCodeCacheSize                    = 251658240                              {pd product} {ergonomic}
     bool SegmentedCodeCache                       = true                                      {product} {ergonomic}
   size_t SoftMaxHeapSize                          = 4294967296                             {manageable} {ergonomic}
     bool UseCompressedClassPointers               = true                           {product lp64_product} {ergonomic}
     bool UseCompressedOops                        = true                           {product lp64_product} {ergonomic}
     bool UseG1GC                                  = true                                      {product} {ergonomic}
     bool UseNUMA                                  = false                                     {product} {ergonomic}
     bool UseNUMAInterleaving                      = false                                     {product} {ergonomic}

Logging:
Log output configuration:
 #0: stdout all=warning uptime,level,tags
 #1: stderr all=off uptime,level,tags

Environment Variables:
CLASSPATH=/Users/tiodargy/.lein/self-installs/leiningen-2.9.10-standalone.jar
PATH=/opt/homebrew/bin:/opt/homebrew/sbin:/usr/local/bin:/usr/bin:/bin:/usr/sbin:/sbin:/Library/Apple/usr/bin:/Users/tiodargy/.cargo/bin:/Users/tiodargy/Library/Python/3.8/bin/:/Users/tiodargy/gs-venv/bin
SHELL=/bin/zsh
LANG=en_US.UTF-8

Signal Handlers:
   SIGSEGV: _ZL13crash_handleriP9__siginfoPv in libjvm.dylib, mask=11100110000111110111111111111111, flags=SA_RESTART|SA_SIGINFO
    SIGBUS: _ZL13crash_handleriP9__siginfoPv in libjvm.dylib, mask=11100110000111110111111111111111, flags=SA_RESTART|SA_SIGINFO
    SIGFPE: _ZL13crash_handleriP9__siginfoPv in libjvm.dylib, mask=11100110000111110111111111111111, flags=SA_RESTART|SA_SIGINFO
   SIGPIPE: _ZL17javaSignalHandleriP9__siginfoPv in libjvm.dylib, mask=11100110000111110111111111111111, flags=SA_RESTART|SA_SIGINFO
   SIGXFSZ: _ZL17javaSignalHandleriP9__siginfoPv in libjvm.dylib, mask=11100110000111110111111111111111, flags=SA_RESTART|SA_SIGINFO
    SIGILL: _ZL13crash_handleriP9__siginfoPv in libjvm.dylib, mask=11100110000111110111111111111111, flags=SA_RESTART|SA_SIGINFO
   SIGUSR2: _ZL10SR_handleriP9__siginfoP17__darwin_ucontext in libjvm.dylib, mask=00100000000000000000000000000000, flags=SA_RESTART|SA_SIGINFO
    SIGHUP: _ZL11UserHandleriPvS_ in libjvm.dylib, mask=11100110000111110111111111111111, flags=SA_RESTART|SA_SIGINFO
    SIGINT: _ZL11UserHandleriPvS_ in libjvm.dylib, mask=11100110000111110111111111111111, flags=SA_RESTART|SA_SIGINFO
   SIGTERM: _ZL11UserHandleriPvS_ in libjvm.dylib, mask=11100110000111110111111111111111, flags=SA_RESTART|SA_SIGINFO
   SIGQUIT: _ZL11UserHandleriPvS_ in libjvm.dylib, mask=11100110000111110111111111111111, flags=SA_RESTART|SA_SIGINFO
   SIGTRAP: _ZL13crash_handleriP9__siginfoPv in libjvm.dylib, mask=11100110000111110111111111111111, flags=SA_RESTART|SA_SIGINFO


---------------  S Y S T E M  ---------------

OS:
uname: Darwin 21.4.0 Darwin Kernel Version 21.4.0: Fri Mar 18 00:46:32 PDT 2022; root:xnu-8020.101.4~15/RELEASE_ARM64_T6000 arm64
OS uptime: 34 days 12:25 hours
rlimit (soft/hard): STACK 8176k/65520k , CORE 0k/infinity , NPROC 2666/4000 , NOFILE 10240/infinity , AS infinity/infinity , CPU infinity/infinity , DATA infinity/infinity , FSIZE infinity/infinity , MEMLOCK infinity/infinity , RSS infinity/infinity
load average: 2.04 2.19 2.07

CPU: total 8 (initial active 8) 0x61:0x0:0x1b588bb3:0, fp, simd, crc, lse

Memory: 16k page, physical 16777216k(63680k free), swap 2097152k(1648384k free)

vm_info: Java HotSpot(TM) 64-Bit Server VM (17.0.2+8-LTS-86) for bsd-aarch64 JRE (17.0.2+8-LTS-86), built on Dec  7 2021 21:47:50 by "mach5one" with clang Apple LLVM 12.0.0 (clang-1200.0.32.29)

END.
